{"contracts/FourRXFinance.sol":{"l":{"76":5,"78":5,"79":5,"80":5,"81":5,"82":5,"83":5,"84":5,"85":5,"86":5,"87":5,"88":5,"89":5,"91":5,"92":5,"93":5,"94":5,"95":5,"96":5,"97":5,"98":5,"99":5,"100":5,"102":5,"106":6,"107":72,"110":6,"111":60,"114":6,"115":6,"116":6,"120":0,"121":0,"123":0,"125":0,"126":0,"129":0,"130":0,"131":0,"137":6,"140":6,"142":6,"144":8,"145":6,"146":6,"149":2,"150":0,"151":0,"152":0,"153":0,"161":6,"162":0,"163":0,"166":6,"171":2,"174":2,"176":2,"178":2,"179":2,"180":2,"183":0,"184":0,"185":0,"186":0,"187":0,"194":2,"195":0,"196":0,"199":2,"203":6,"204":2,"205":2,"206":2,"207":2,"208":2,"213":6,"215":6,"216":0,"218":0,"220":0,"222":0,"224":0,"226":0,"228":0,"230":0,"232":0,"234":5,"236":0,"239":6,"243":6,"244":1,"245":2,"247":1,"248":1,"251":1,"252":3,"254":2,"255":2,"258":1,"263":8,"264":8,"266":8,"268":6,"270":6,"271":6,"272":6,"273":6,"274":6,"275":6,"276":6,"277":6,"278":6,"280":6,"282":6,"283":6,"285":6,"287":6,"291":3,"293":3,"294":0,"297":3,"301":2,"302":2,"304":2,"305":0,"308":2,"312":3,"313":3,"315":3,"317":3,"319":3,"321":3,"325":3,"327":3,"328":2,"331":3,"333":3,"334":0,"337":3,"341":0,"342":0,"343":0,"346":0,"350":3,"351":3,"353":3,"357":0,"358":0,"360":0,"361":0,"363":0,"364":0,"373":0},"path":"/Users/janruls1/new_path/400trx/contracts/FourRXFinance.sol","s":{"1":5,"2":5,"3":5,"4":5,"5":5,"6":5,"7":5,"8":5,"9":5,"10":5,"11":5,"12":5,"13":5,"14":5,"15":5,"16":5,"17":5,"18":5,"19":5,"20":5,"21":5,"22":5,"23":5,"24":5,"25":6,"26":72,"27":6,"28":60,"29":6,"30":6,"31":6,"32":0,"33":0,"34":0,"35":0,"36":0,"37":0,"38":0,"39":6,"40":6,"41":6,"42":8,"43":6,"44":2,"45":0,"46":0,"47":0,"48":6,"49":0,"50":0,"51":6,"52":2,"53":2,"54":2,"55":2,"56":2,"57":0,"58":0,"59":0,"60":0,"61":2,"62":0,"63":0,"64":2,"65":6,"66":2,"67":2,"68":2,"69":2,"70":2,"71":6,"72":6,"73":0,"74":6,"75":0,"76":6,"77":0,"78":6,"79":0,"80":6,"81":0,"82":6,"83":0,"84":6,"85":0,"86":6,"87":0,"88":6,"89":0,"90":6,"91":5,"92":1,"93":0,"94":6,"95":6,"96":1,"97":2,"98":1,"99":1,"100":1,"101":3,"102":2,"103":2,"104":1,"105":8,"106":8,"107":8,"108":6,"109":6,"110":6,"111":6,"112":6,"113":6,"114":6,"115":6,"116":6,"117":6,"118":6,"119":6,"120":6,"121":6,"122":6,"123":3,"124":3,"125":0,"126":3,"127":2,"128":2,"129":2,"130":0,"131":2,"132":3,"133":3,"134":3,"135":3,"136":3,"137":3,"138":3,"139":3,"140":2,"141":3,"142":3,"143":0,"144":3,"145":0,"146":0,"147":0,"148":0,"149":3,"150":3,"151":3,"152":0,"153":0,"154":0,"155":0,"156":0,"157":0,"158":0},"b":{"1":[0,0],"2":[0,0],"3":[6,0],"4":[6,2],"5":[0,2],"6":[0,6],"7":[2,0],"8":[2,0],"9":[0,0],"10":[0,2],"11":[2,4],"12":[0,6],"13":[0,6],"14":[0,6],"15":[0,6],"16":[0,6],"17":[0,6],"18":[0,6],"19":[0,6],"20":[0,6],"21":[5,1],"22":[0,1],"23":[1,5],"24":[1,1],"25":[1,2],"26":[8,0],"27":[8,0],"28":[6,2],"29":[0,3],"30":[0,2],"31":[2,1],"32":[0,3],"33":[0,0],"34":[3,0],"35":[0,0],"36":[0,0]},"f":{"1":5,"2":6,"3":0,"4":6,"5":6,"6":2,"7":2,"8":6,"9":6,"10":6,"11":8,"12":3,"13":2,"14":3,"15":3,"16":0,"17":3,"18":0,"19":0,"20":0},"fnMap":{"1":{"name":"constructor","line":75,"loc":{"start":{"line":75,"column":4},"end":{"line":103,"column":4}}},"2":{"name":"_resetPools","line":105,"loc":{"start":{"line":105,"column":4},"end":{"line":117,"column":4}}},"3":{"name":"_shiftPool","line":119,"loc":{"start":{"line":119,"column":4},"end":{"line":134,"column":4}}},"4":{"name":"_updateSponsorPoolUsers","line":136,"loc":{"start":{"line":136,"column":4},"end":{"line":157,"column":4}}},"5":{"name":"_updateUserSponsorPool","line":160,"loc":{"start":{"line":160,"column":4},"end":{"line":167,"column":4}}},"6":{"name":"_updateRefPoolUsers","line":170,"loc":{"start":{"line":170,"column":4},"end":{"line":191,"column":4}}},"7":{"name":"_updateUserRefPool","line":193,"loc":{"start":{"line":193,"column":4},"end":{"line":200,"column":4}}},"8":{"name":"_distributeReferralReward","line":202,"loc":{"start":{"line":202,"column":4},"end":{"line":210,"column":4}}},"9":{"name":"_calcDepositRewards","line":212,"loc":{"start":{"line":212,"column":4},"end":{"line":240,"column":4}}},"10":{"name":"drawPool","line":242,"loc":{"start":{"line":242,"column":4},"end":{"line":260,"column":4}}},"11":{"name":"deposit","line":262,"loc":{"start":{"line":262,"column":4},"end":{"line":288,"column":4}}},"12":{"name":"_calcContractBonus","line":290,"loc":{"start":{"line":290,"column":4},"end":{"line":298,"column":4}}},"13":{"name":"_calcHoldRewards","line":300,"loc":{"start":{"line":300,"column":4},"end":{"line":309,"column":4}}},"14":{"name":"_calcRewardsWithoutHoldBonus","line":311,"loc":{"start":{"line":311,"column":4},"end":{"line":322,"column":4}}},"15":{"name":"_calcRewards","line":324,"loc":{"start":{"line":324,"column":4},"end":{"line":338,"column":4}}},"16":{"name":"_calcPenalty","line":340,"loc":{"start":{"line":340,"column":4},"end":{"line":347,"column":4}}},"17":{"name":"balanceOf","line":349,"loc":{"start":{"line":349,"column":4},"end":{"line":354,"column":4}}},"18":{"name":"withdraw","line":356,"loc":{"start":{"line":356,"column":4},"end":{"line":370,"column":4}}},"19":{"name":"getUser","line":372,"loc":{"start":{"line":372,"column":4},"end":{"line":374,"column":4}}},"20":{"name":"reInvest","line":376,"loc":{"start":{"line":376,"column":4},"end":{"line":378,"column":4}}}},"statementMap":{"1":{"start":{"line":76,"column":8},"end":{"line":76,"column":47}},"2":{"start":{"line":78,"column":8},"end":{"line":78,"column":32}},"3":{"start":{"line":79,"column":8},"end":{"line":79,"column":32}},"4":{"start":{"line":80,"column":8},"end":{"line":80,"column":32}},"5":{"start":{"line":81,"column":8},"end":{"line":81,"column":32}},"6":{"start":{"line":82,"column":8},"end":{"line":82,"column":32}},"7":{"start":{"line":83,"column":8},"end":{"line":83,"column":31}},"8":{"start":{"line":84,"column":8},"end":{"line":84,"column":31}},"9":{"start":{"line":85,"column":8},"end":{"line":85,"column":31}},"10":{"start":{"line":86,"column":8},"end":{"line":86,"column":31}},"11":{"start":{"line":87,"column":8},"end":{"line":87,"column":31}},"12":{"start":{"line":88,"column":8},"end":{"line":88,"column":31}},"13":{"start":{"line":89,"column":8},"end":{"line":89,"column":31}},"14":{"start":{"line":91,"column":8},"end":{"line":91,"column":36}},"15":{"start":{"line":92,"column":8},"end":{"line":92,"column":36}},"16":{"start":{"line":93,"column":8},"end":{"line":93,"column":36}},"17":{"start":{"line":94,"column":8},"end":{"line":94,"column":36}},"18":{"start":{"line":95,"column":8},"end":{"line":95,"column":35}},"19":{"start":{"line":96,"column":8},"end":{"line":96,"column":35}},"20":{"start":{"line":97,"column":8},"end":{"line":97,"column":35}},"21":{"start":{"line":98,"column":8},"end":{"line":98,"column":35}},"22":{"start":{"line":99,"column":8},"end":{"line":99,"column":35}},"23":{"start":{"line":100,"column":8},"end":{"line":100,"column":35}},"24":{"start":{"line":102,"column":8},"end":{"line":102,"column":20}},"25":{"start":{"line":106,"column":8},"end":{"line":106,"column":3366}},"26":{"start":{"line":107,"column":12},"end":{"line":107,"column":39}},"27":{"start":{"line":110,"column":8},"end":{"line":110,"column":3478}},"28":{"start":{"line":111,"column":12},"end":{"line":111,"column":43}},"29":{"start":{"line":114,"column":8},"end":{"line":114,"column":25}},"30":{"start":{"line":115,"column":8},"end":{"line":115,"column":29}},"31":{"start":{"line":116,"column":8},"end":{"line":116,"column":35}},"32":{"start":{"line":120,"column":8},"end":{"line":120,"column":3801}},"33":{"start":{"line":121,"column":12},"end":{"line":121,"column":44}},"34":{"start":{"line":123,"column":12},"end":{"line":123,"column":3898}},"35":{"start":{"line":125,"column":16},"end":{"line":125,"column":3969}},"36":{"start":{"line":129,"column":16},"end":{"line":129,"column":36}},"37":{"start":{"line":130,"column":16},"end":{"line":130,"column":37}},"38":{"start":{"line":131,"column":16},"end":{"line":131,"column":41}},"39":{"start":{"line":137,"column":8},"end":{"line":137,"column":4269}},"40":{"start":{"line":140,"column":12},"end":{"line":140,"column":45}},"41":{"start":{"line":142,"column":12},"end":{"line":142,"column":4599}},"42":{"start":{"line":144,"column":16},"end":{"line":144,"column":4673}},"43":{"start":{"line":145,"column":20},"end":{"line":145,"column":52}},"44":{"start":{"line":149,"column":16},"end":{"line":149,"column":4831}},"45":{"start":{"line":150,"column":20},"end":{"line":150,"column":53}},"46":{"start":{"line":151,"column":20},"end":{"line":151,"column":52}},"47":{"start":{"line":152,"column":20},"end":{"line":152,"column":64}},"48":{"start":{"line":161,"column":8},"end":{"line":161,"column":5291}},"49":{"start":{"line":162,"column":12},"end":{"line":162,"column":45}},"50":{"start":{"line":163,"column":12},"end":{"line":163,"column":38}},"51":{"start":{"line":166,"column":8},"end":{"line":166,"column":68}},"52":{"start":{"line":171,"column":8},"end":{"line":171,"column":5636}},"53":{"start":{"line":174,"column":12},"end":{"line":174,"column":45}},"54":{"start":{"line":176,"column":12},"end":{"line":176,"column":5938}},"55":{"start":{"line":178,"column":16},"end":{"line":178,"column":6008}},"56":{"start":{"line":179,"column":20},"end":{"line":179,"column":48}},"57":{"start":{"line":183,"column":16},"end":{"line":183,"column":6158}},"58":{"start":{"line":184,"column":20},"end":{"line":184,"column":49}},"59":{"start":{"line":185,"column":20},"end":{"line":185,"column":48}},"60":{"start":{"line":186,"column":20},"end":{"line":186,"column":60}},"61":{"start":{"line":194,"column":8},"end":{"line":194,"column":6542}},"62":{"start":{"line":195,"column":12},"end":{"line":195,"column":41}},"63":{"start":{"line":196,"column":12},"end":{"line":196,"column":34}},"64":{"start":{"line":199,"column":8},"end":{"line":199,"column":60}},"65":{"start":{"line":203,"column":8},"end":{"line":203,"column":6830}},"66":{"start":{"line":204,"column":12},"end":{"line":204,"column":51}},"67":{"start":{"line":205,"column":12},"end":{"line":205,"column":98}},"68":{"start":{"line":206,"column":12},"end":{"line":206,"column":48}},"69":{"start":{"line":207,"column":12},"end":{"line":207,"column":53}},"70":{"start":{"line":208,"column":12},"end":{"line":208,"column":42}},"71":{"start":{"line":213,"column":8},"end":{"line":213,"column":30}},"72":{"start":{"line":215,"column":8},"end":{"line":215,"column":7298}},"73":{"start":{"line":216,"column":12},"end":{"line":216,"column":29}},"74":{"start":{"line":217,"column":15},"end":{"line":217,"column":7369}},"75":{"start":{"line":218,"column":12},"end":{"line":218,"column":29}},"76":{"start":{"line":219,"column":15},"end":{"line":219,"column":7440}},"77":{"start":{"line":220,"column":12},"end":{"line":220,"column":29}},"78":{"start":{"line":221,"column":15},"end":{"line":221,"column":7510}},"79":{"start":{"line":222,"column":12},"end":{"line":222,"column":29}},"80":{"start":{"line":223,"column":15},"end":{"line":223,"column":7580}},"81":{"start":{"line":224,"column":12},"end":{"line":224,"column":29}},"82":{"start":{"line":225,"column":15},"end":{"line":225,"column":7650}},"83":{"start":{"line":226,"column":12},"end":{"line":226,"column":29}},"84":{"start":{"line":227,"column":15},"end":{"line":227,"column":7720}},"85":{"start":{"line":228,"column":12},"end":{"line":228,"column":29}},"86":{"start":{"line":229,"column":15},"end":{"line":229,"column":7789}},"87":{"start":{"line":230,"column":12},"end":{"line":230,"column":29}},"88":{"start":{"line":231,"column":15},"end":{"line":231,"column":7858}},"89":{"start":{"line":232,"column":12},"end":{"line":232,"column":28}},"90":{"start":{"line":233,"column":15},"end":{"line":233,"column":7926}},"91":{"start":{"line":234,"column":12},"end":{"line":234,"column":28}},"92":{"start":{"line":235,"column":15},"end":{"line":235,"column":7993}},"93":{"start":{"line":236,"column":12},"end":{"line":236,"column":28}},"94":{"start":{"line":239,"column":8},"end":{"line":239,"column":53}},"95":{"start":{"line":243,"column":8},"end":{"line":243,"column":8161}},"96":{"start":{"line":244,"column":12},"end":{"line":244,"column":8222}},"97":{"start":{"line":245,"column":16},"end":{"line":245,"column":56}},"98":{"start":{"line":247,"column":16},"end":{"line":247,"column":58}},"99":{"start":{"line":248,"column":16},"end":{"line":248,"column":112}},"100":{"start":{"line":251,"column":12},"end":{"line":251,"column":8532}},"101":{"start":{"line":252,"column":16},"end":{"line":252,"column":60}},"102":{"start":{"line":254,"column":16},"end":{"line":254,"column":62}},"103":{"start":{"line":255,"column":16},"end":{"line":255,"column":128}},"104":{"start":{"line":258,"column":12},"end":{"line":258,"column":24}},"105":{"start":{"line":263,"column":8},"end":{"line":263,"column":52}},"106":{"start":{"line":264,"column":8},"end":{"line":264,"column":67}},"107":{"start":{"line":266,"column":8},"end":{"line":266,"column":82}},"108":{"start":{"line":268,"column":8},"end":{"line":268,"column":45}},"109":{"start":{"line":270,"column":8},"end":{"line":270,"column":31}},"110":{"start":{"line":271,"column":8},"end":{"line":271,"column":29}},"111":{"start":{"line":272,"column":8},"end":{"line":272,"column":25}},"112":{"start":{"line":273,"column":8},"end":{"line":273,"column":27}},"113":{"start":{"line":274,"column":8},"end":{"line":274,"column":47}},"114":{"start":{"line":275,"column":8},"end":{"line":275,"column":38}},"115":{"start":{"line":276,"column":8},"end":{"line":276,"column":104}},"116":{"start":{"line":277,"column":8},"end":{"line":277,"column":43}},"117":{"start":{"line":278,"column":8},"end":{"line":278,"column":36}},"118":{"start":{"line":280,"column":8},"end":{"line":280,"column":53}},"119":{"start":{"line":282,"column":8},"end":{"line":282,"column":93}},"120":{"start":{"line":283,"column":8},"end":{"line":283,"column":105}},"121":{"start":{"line":285,"column":8},"end":{"line":285,"column":17}},"122":{"start":{"line":287,"column":8},"end":{"line":287,"column":48}},"123":{"start":{"line":291,"column":8},"end":{"line":291,"column":123}},"124":{"start":{"line":293,"column":8},"end":{"line":293,"column":10345}},"125":{"start":{"line":294,"column":12},"end":{"line":294,"column":50}},"126":{"start":{"line":297,"column":8},"end":{"line":297,"column":66}},"127":{"start":{"line":301,"column":8},"end":{"line":301,"column":75}},"128":{"start":{"line":302,"column":8},"end":{"line":302,"column":67}},"129":{"start":{"line":304,"column":8},"end":{"line":304,"column":10765}},"130":{"start":{"line":305,"column":12},"end":{"line":305,"column":42}},"131":{"start":{"line":308,"column":8},"end":{"line":308,"column":62}},"132":{"start":{"line":312,"column":8},"end":{"line":312,"column":81}},"133":{"start":{"line":313,"column":8},"end":{"line":313,"column":53}},"134":{"start":{"line":315,"column":8},"end":{"line":315,"column":126}},"135":{"start":{"line":317,"column":8},"end":{"line":317,"column":53}},"136":{"start":{"line":319,"column":8},"end":{"line":319,"column":119}},"137":{"start":{"line":321,"column":8},"end":{"line":321,"column":43}},"138":{"start":{"line":325,"column":8},"end":{"line":325,"column":57}},"139":{"start":{"line":327,"column":8},"end":{"line":327,"column":11663}},"140":{"start":{"line":328,"column":12},"end":{"line":328,"column":56}},"141":{"start":{"line":331,"column":8},"end":{"line":331,"column":75}},"142":{"start":{"line":333,"column":8},"end":{"line":333,"column":11888}},"143":{"start":{"line":334,"column":12},"end":{"line":334,"column":31}},"144":{"start":{"line":337,"column":8},"end":{"line":337,"column":22}},"145":{"start":{"line":341,"column":8},"end":{"line":341,"column":75}},"146":{"start":{"line":342,"column":8},"end":{"line":342,"column":12174}},"147":{"start":{"line":343,"column":12},"end":{"line":343,"column":20}},"148":{"start":{"line":346,"column":8},"end":{"line":346,"column":96}},"149":{"start":{"line":350,"column":8},"end":{"line":350,"column":58}},"150":{"start":{"line":351,"column":8},"end":{"line":351,"column":46}},"151":{"start":{"line":353,"column":8},"end":{"line":353,"column":53}},"152":{"start":{"line":357,"column":8},"end":{"line":357,"column":44}},"153":{"start":{"line":358,"column":8},"end":{"line":358,"column":41}},"154":{"start":{"line":360,"column":8},"end":{"line":360,"column":69}},"155":{"start":{"line":361,"column":8},"end":{"line":361,"column":58}},"156":{"start":{"line":363,"column":8},"end":{"line":363,"column":12867}},"157":{"start":{"line":364,"column":12},"end":{"line":364,"column":99}},"158":{"start":{"line":373,"column":8},"end":{"line":373,"column":33}}},"branchMap":{"1":{"line":120,"type":"if","locations":[{"start":{"line":120,"column":8},"end":{"line":120,"column":8}},{"start":{"line":120,"column":8},"end":{"line":120,"column":8}}]},"2":{"line":125,"type":"if","locations":[{"start":{"line":125,"column":16},"end":{"line":125,"column":16}},{"start":{"line":125,"column":16},"end":{"line":125,"column":16}}]},"3":{"line":137,"type":"if","locations":[{"start":{"line":137,"column":8},"end":{"line":137,"column":8}},{"start":{"line":137,"column":8},"end":{"line":137,"column":8}}]},"4":{"line":144,"type":"if","locations":[{"start":{"line":144,"column":16},"end":{"line":144,"column":16}},{"start":{"line":144,"column":16},"end":{"line":144,"column":16}}]},"5":{"line":149,"type":"if","locations":[{"start":{"line":149,"column":16},"end":{"line":149,"column":16}},{"start":{"line":149,"column":16},"end":{"line":149,"column":16}}]},"6":{"line":161,"type":"if","locations":[{"start":{"line":161,"column":8},"end":{"line":161,"column":8}},{"start":{"line":161,"column":8},"end":{"line":161,"column":8}}]},"7":{"line":171,"type":"if","locations":[{"start":{"line":171,"column":8},"end":{"line":171,"column":8}},{"start":{"line":171,"column":8},"end":{"line":171,"column":8}}]},"8":{"line":178,"type":"if","locations":[{"start":{"line":178,"column":16},"end":{"line":178,"column":16}},{"start":{"line":178,"column":16},"end":{"line":178,"column":16}}]},"9":{"line":183,"type":"if","locations":[{"start":{"line":183,"column":16},"end":{"line":183,"column":16}},{"start":{"line":183,"column":16},"end":{"line":183,"column":16}}]},"10":{"line":194,"type":"if","locations":[{"start":{"line":194,"column":8},"end":{"line":194,"column":8}},{"start":{"line":194,"column":8},"end":{"line":194,"column":8}}]},"11":{"line":203,"type":"if","locations":[{"start":{"line":203,"column":8},"end":{"line":203,"column":8}},{"start":{"line":203,"column":8},"end":{"line":203,"column":8}}]},"12":{"line":215,"type":"if","locations":[{"start":{"line":215,"column":8},"end":{"line":215,"column":8}},{"start":{"line":215,"column":8},"end":{"line":215,"column":8}}]},"13":{"line":217,"type":"if","locations":[{"start":{"line":217,"column":15},"end":{"line":217,"column":15}},{"start":{"line":217,"column":15},"end":{"line":217,"column":15}}]},"14":{"line":219,"type":"if","locations":[{"start":{"line":219,"column":15},"end":{"line":219,"column":15}},{"start":{"line":219,"column":15},"end":{"line":219,"column":15}}]},"15":{"line":221,"type":"if","locations":[{"start":{"line":221,"column":15},"end":{"line":221,"column":15}},{"start":{"line":221,"column":15},"end":{"line":221,"column":15}}]},"16":{"line":223,"type":"if","locations":[{"start":{"line":223,"column":15},"end":{"line":223,"column":15}},{"start":{"line":223,"column":15},"end":{"line":223,"column":15}}]},"17":{"line":225,"type":"if","locations":[{"start":{"line":225,"column":15},"end":{"line":225,"column":15}},{"start":{"line":225,"column":15},"end":{"line":225,"column":15}}]},"18":{"line":227,"type":"if","locations":[{"start":{"line":227,"column":15},"end":{"line":227,"column":15}},{"start":{"line":227,"column":15},"end":{"line":227,"column":15}}]},"19":{"line":229,"type":"if","locations":[{"start":{"line":229,"column":15},"end":{"line":229,"column":15}},{"start":{"line":229,"column":15},"end":{"line":229,"column":15}}]},"20":{"line":231,"type":"if","locations":[{"start":{"line":231,"column":15},"end":{"line":231,"column":15}},{"start":{"line":231,"column":15},"end":{"line":231,"column":15}}]},"21":{"line":233,"type":"if","locations":[{"start":{"line":233,"column":15},"end":{"line":233,"column":15}},{"start":{"line":233,"column":15},"end":{"line":233,"column":15}}]},"22":{"line":235,"type":"if","locations":[{"start":{"line":235,"column":15},"end":{"line":235,"column":15}},{"start":{"line":235,"column":15},"end":{"line":235,"column":15}}]},"23":{"line":243,"type":"if","locations":[{"start":{"line":243,"column":8},"end":{"line":243,"column":8}},{"start":{"line":243,"column":8},"end":{"line":243,"column":8}}]},"24":{"line":245,"type":"if","locations":[{"start":{"line":245,"column":16},"end":{"line":245,"column":16}},{"start":{"line":245,"column":16},"end":{"line":245,"column":16}}]},"25":{"line":252,"type":"if","locations":[{"start":{"line":252,"column":16},"end":{"line":252,"column":16}},{"start":{"line":252,"column":16},"end":{"line":252,"column":16}}]},"26":{"line":263,"type":"if","locations":[{"start":{"line":263,"column":8},"end":{"line":263,"column":8}},{"start":{"line":263,"column":8},"end":{"line":263,"column":8}}]},"27":{"line":264,"type":"if","locations":[{"start":{"line":264,"column":8},"end":{"line":264,"column":8}},{"start":{"line":264,"column":8},"end":{"line":264,"column":8}}]},"28":{"line":266,"type":"if","locations":[{"start":{"line":266,"column":8},"end":{"line":266,"column":8}},{"start":{"line":266,"column":8},"end":{"line":266,"column":8}}]},"29":{"line":293,"type":"if","locations":[{"start":{"line":293,"column":8},"end":{"line":293,"column":8}},{"start":{"line":293,"column":8},"end":{"line":293,"column":8}}]},"30":{"line":304,"type":"if","locations":[{"start":{"line":304,"column":8},"end":{"line":304,"column":8}},{"start":{"line":304,"column":8},"end":{"line":304,"column":8}}]},"31":{"line":327,"type":"if","locations":[{"start":{"line":327,"column":8},"end":{"line":327,"column":8}},{"start":{"line":327,"column":8},"end":{"line":327,"column":8}}]},"32":{"line":333,"type":"if","locations":[{"start":{"line":333,"column":8},"end":{"line":333,"column":8}},{"start":{"line":333,"column":8},"end":{"line":333,"column":8}}]},"33":{"line":342,"type":"if","locations":[{"start":{"line":342,"column":8},"end":{"line":342,"column":8}},{"start":{"line":342,"column":8},"end":{"line":342,"column":8}}]},"34":{"line":350,"type":"if","locations":[{"start":{"line":350,"column":8},"end":{"line":350,"column":8}},{"start":{"line":350,"column":8},"end":{"line":350,"column":8}}]},"35":{"line":358,"type":"if","locations":[{"start":{"line":358,"column":8},"end":{"line":358,"column":8}},{"start":{"line":358,"column":8},"end":{"line":358,"column":8}}]},"36":{"line":363,"type":"if","locations":[{"start":{"line":363,"column":8},"end":{"line":363,"column":8}},{"start":{"line":363,"column":8},"end":{"line":363,"column":8}}]}}},"contracts/InterestCalculator.sol":{"l":{"11":3,"13":3,"14":3,"15":3,"16":3,"17":3,"18":3,"19":3,"20":3,"21":3,"22":3,"23":3,"24":3,"25":3,"26":3,"27":3,"28":3,"29":3,"30":3,"31":3,"32":3,"33":3,"34":3,"35":3,"36":3,"37":3,"38":3,"39":3,"40":3,"41":3,"42":3,"43":3,"44":3,"45":3,"46":3,"47":3,"48":3,"49":3,"50":3,"51":3,"52":3,"53":3,"54":3,"55":3,"56":3,"57":3,"58":3,"59":3,"60":3,"61":3,"62":3,"63":3,"64":3,"65":3,"66":3,"67":3,"68":3,"69":3,"70":3,"71":3,"72":3,"73":3,"74":3,"75":3,"76":3,"77":3,"78":3,"79":3,"80":3,"81":3,"82":3,"83":3,"84":3,"85":3,"86":3,"87":3,"88":3,"89":3,"90":3,"91":3,"92":3,"93":3,"94":3,"95":3,"96":3,"97":3,"98":3,"99":3,"100":3,"101":3,"102":3,"103":3,"104":3,"105":3,"106":3,"107":3,"108":3,"109":3,"110":3,"111":3,"112":3,"113":3,"114":3,"115":3,"116":3,"117":3,"118":3,"119":3,"120":3,"121":3,"122":3,"123":3,"124":3,"125":3,"126":3,"127":3,"128":3,"129":3,"130":3,"131":3,"132":3,"133":3,"134":3,"135":3,"136":3,"137":3,"138":3,"139":3,"140":3,"141":3,"142":3,"143":3,"144":3,"145":3,"146":3,"147":3,"148":3,"149":3,"150":3,"151":3,"152":3,"153":3,"154":3,"155":3,"156":3,"157":3,"158":3,"159":3,"160":3,"161":3,"162":3,"163":3,"164":3,"165":3,"166":3,"167":3,"168":3,"169":3,"170":3,"171":3,"172":3,"173":3,"174":3,"175":3,"176":3,"177":3,"178":3,"179":3,"180":3,"181":3,"182":3,"183":3,"184":3,"185":3,"186":3,"187":3,"188":3,"189":3,"190":3,"191":3,"192":3,"193":3,"194":3,"195":3,"196":3,"197":3,"198":3,"199":3,"200":3,"201":3,"202":3,"203":3,"204":3,"205":3,"206":3,"207":3,"208":3,"209":3,"210":3,"211":3,"212":3,"213":3,"214":3,"215":3,"216":3,"217":3,"218":3,"219":3,"220":3,"221":3,"222":3,"223":3,"224":3,"225":3,"226":3,"227":3,"228":3,"229":3,"230":3,"231":3,"232":3,"233":3,"234":3,"235":3,"236":3,"237":3,"238":3,"239":3,"240":3,"241":3,"242":3,"243":3,"244":3,"245":3,"246":3,"247":3,"248":3,"249":3,"250":3,"251":3,"252":3,"253":3,"254":3,"255":3,"256":3,"257":3,"258":3,"259":3,"260":3,"261":3,"262":3,"263":3,"264":3,"265":3,"266":3,"267":3,"268":3,"269":3,"270":3,"271":3,"272":3,"273":3,"274":3,"275":3,"276":3,"277":3,"278":3,"279":3,"280":3,"281":3,"282":3,"283":3,"284":3,"285":3,"286":3,"287":3,"288":3,"289":3,"290":3,"291":3,"292":3,"293":3,"294":3,"295":3,"296":3,"297":3,"298":3,"299":3,"300":3,"301":3,"302":3,"303":3,"304":3,"305":3,"306":3,"307":3,"308":3,"309":3,"310":3,"311":3,"312":3,"313":3,"315":3,"319":3,"321":3,"322":3,"323":903,"324":903,"327":3,"331":0,"332":0,"333":0,"337":3,"338":3,"339":3,"340":3,"344":0,"345":0,"348":0,"349":0,"352":0,"353":0,"354":0,"359":0},"path":"/Users/janruls1/new_path/400trx/contracts/InterestCalculator.sol","s":{"1":3,"2":3,"3":3,"4":3,"5":3,"6":3,"7":3,"8":3,"9":3,"10":3,"11":3,"12":3,"13":3,"14":3,"15":3,"16":3,"17":3,"18":3,"19":3,"20":3,"21":3,"22":3,"23":3,"24":3,"25":3,"26":3,"27":3,"28":3,"29":3,"30":3,"31":3,"32":3,"33":3,"34":3,"35":3,"36":3,"37":3,"38":3,"39":3,"40":3,"41":3,"42":3,"43":3,"44":3,"45":3,"46":3,"47":3,"48":3,"49":3,"50":3,"51":3,"52":3,"53":3,"54":3,"55":3,"56":3,"57":3,"58":3,"59":3,"60":3,"61":3,"62":3,"63":3,"64":3,"65":3,"66":3,"67":3,"68":3,"69":3,"70":3,"71":3,"72":3,"73":3,"74":3,"75":3,"76":3,"77":3,"78":3,"79":3,"80":3,"81":3,"82":3,"83":3,"84":3,"85":3,"86":3,"87":3,"88":3,"89":3,"90":3,"91":3,"92":3,"93":3,"94":3,"95":3,"96":3,"97":3,"98":3,"99":3,"100":3,"101":3,"102":3,"103":3,"104":3,"105":3,"106":3,"107":3,"108":3,"109":3,"110":3,"111":3,"112":3,"113":3,"114":3,"115":3,"116":3,"117":3,"118":3,"119":3,"120":3,"121":3,"122":3,"123":3,"124":3,"125":3,"126":3,"127":3,"128":3,"129":3,"130":3,"131":3,"132":3,"133":3,"134":3,"135":3,"136":3,"137":3,"138":3,"139":3,"140":3,"141":3,"142":3,"143":3,"144":3,"145":3,"146":3,"147":3,"148":3,"149":3,"150":3,"151":3,"152":3,"153":3,"154":3,"155":3,"156":3,"157":3,"158":3,"159":3,"160":3,"161":3,"162":3,"163":3,"164":3,"165":3,"166":3,"167":3,"168":3,"169":3,"170":3,"171":3,"172":3,"173":3,"174":3,"175":3,"176":3,"177":3,"178":3,"179":3,"180":3,"181":3,"182":3,"183":3,"184":3,"185":3,"186":3,"187":3,"188":3,"189":3,"190":3,"191":3,"192":3,"193":3,"194":3,"195":3,"196":3,"197":3,"198":3,"199":3,"200":3,"201":3,"202":3,"203":3,"204":3,"205":3,"206":3,"207":3,"208":3,"209":3,"210":3,"211":3,"212":3,"213":3,"214":3,"215":3,"216":3,"217":3,"218":3,"219":3,"220":3,"221":3,"222":3,"223":3,"224":3,"225":3,"226":3,"227":3,"228":3,"229":3,"230":3,"231":3,"232":3,"233":3,"234":3,"235":3,"236":3,"237":3,"238":3,"239":3,"240":3,"241":3,"242":3,"243":3,"244":3,"245":3,"246":3,"247":3,"248":3,"249":3,"250":3,"251":3,"252":3,"253":3,"254":3,"255":3,"256":3,"257":3,"258":3,"259":3,"260":3,"261":3,"262":3,"263":3,"264":3,"265":3,"266":3,"267":3,"268":3,"269":3,"270":3,"271":3,"272":3,"273":3,"274":3,"275":3,"276":3,"277":3,"278":3,"279":3,"280":3,"281":3,"282":3,"283":3,"284":3,"285":3,"286":3,"287":3,"288":3,"289":3,"290":3,"291":3,"292":3,"293":3,"294":3,"295":3,"296":3,"297":3,"298":3,"299":3,"300":3,"301":3,"302":3,"303":3,"304":3,"305":3,"306":3,"307":903,"308":903,"309":3,"310":0,"311":0,"312":0,"313":3,"314":3,"315":3,"316":3,"317":0,"318":0,"319":0,"320":0,"321":0,"322":0,"323":0,"324":0},"b":{"1":[0,0],"2":[3,0],"3":[0,0],"4":[0,0]},"f":{"1":3,"2":3,"3":0,"4":3,"5":0},"fnMap":{"1":{"name":"initInterestForDayArray","line":10,"loc":{"start":{"line":10,"column":4},"end":{"line":316,"column":4}}},"2":{"name":"initCumulativeInterestForDays","line":318,"loc":{"start":{"line":318,"column":4},"end":{"line":328,"column":4}}},"3":{"name":"getInterestForDay","line":330,"loc":{"start":{"line":330,"column":4},"end":{"line":334,"column":4}}},"4":{"name":"getInterestTillDays","line":336,"loc":{"start":{"line":336,"column":4},"end":{"line":341,"column":4}}},"5":{"name":"getEstimateDaysFromInterest","line":343,"loc":{"start":{"line":343,"column":4},"end":{"line":360,"column":4}}}},"statementMap":{"1":{"start":{"line":11,"column":8},"end":{"line":11,"column":59}},"2":{"start":{"line":13,"column":8},"end":{"line":13,"column":29}},"3":{"start":{"line":14,"column":8},"end":{"line":14,"column":29}},"4":{"start":{"line":15,"column":8},"end":{"line":15,"column":29}},"5":{"start":{"line":16,"column":8},"end":{"line":16,"column":29}},"6":{"start":{"line":17,"column":8},"end":{"line":17,"column":29}},"7":{"start":{"line":18,"column":8},"end":{"line":18,"column":29}},"8":{"start":{"line":19,"column":8},"end":{"line":19,"column":29}},"9":{"start":{"line":20,"column":8},"end":{"line":20,"column":29}},"10":{"start":{"line":21,"column":8},"end":{"line":21,"column":29}},"11":{"start":{"line":22,"column":8},"end":{"line":22,"column":29}},"12":{"start":{"line":23,"column":8},"end":{"line":23,"column":30}},"13":{"start":{"line":24,"column":8},"end":{"line":24,"column":31}},"14":{"start":{"line":25,"column":8},"end":{"line":25,"column":31}},"15":{"start":{"line":26,"column":8},"end":{"line":26,"column":31}},"16":{"start":{"line":27,"column":8},"end":{"line":27,"column":31}},"17":{"start":{"line":28,"column":8},"end":{"line":28,"column":31}},"18":{"start":{"line":29,"column":8},"end":{"line":29,"column":31}},"19":{"start":{"line":30,"column":8},"end":{"line":30,"column":31}},"20":{"start":{"line":31,"column":8},"end":{"line":31,"column":31}},"21":{"start":{"line":32,"column":8},"end":{"line":32,"column":31}},"22":{"start":{"line":33,"column":8},"end":{"line":33,"column":31}},"23":{"start":{"line":34,"column":8},"end":{"line":34,"column":31}},"24":{"start":{"line":35,"column":8},"end":{"line":35,"column":31}},"25":{"start":{"line":36,"column":8},"end":{"line":36,"column":31}},"26":{"start":{"line":37,"column":8},"end":{"line":37,"column":31}},"27":{"start":{"line":38,"column":8},"end":{"line":38,"column":31}},"28":{"start":{"line":39,"column":8},"end":{"line":39,"column":31}},"29":{"start":{"line":40,"column":8},"end":{"line":40,"column":31}},"30":{"start":{"line":41,"column":8},"end":{"line":41,"column":31}},"31":{"start":{"line":42,"column":8},"end":{"line":42,"column":31}},"32":{"start":{"line":43,"column":8},"end":{"line":43,"column":31}},"33":{"start":{"line":44,"column":8},"end":{"line":44,"column":31}},"34":{"start":{"line":45,"column":8},"end":{"line":45,"column":31}},"35":{"start":{"line":46,"column":8},"end":{"line":46,"column":31}},"36":{"start":{"line":47,"column":8},"end":{"line":47,"column":31}},"37":{"start":{"line":48,"column":8},"end":{"line":48,"column":31}},"38":{"start":{"line":49,"column":8},"end":{"line":49,"column":31}},"39":{"start":{"line":50,"column":8},"end":{"line":50,"column":31}},"40":{"start":{"line":51,"column":8},"end":{"line":51,"column":31}},"41":{"start":{"line":52,"column":8},"end":{"line":52,"column":31}},"42":{"start":{"line":53,"column":8},"end":{"line":53,"column":31}},"43":{"start":{"line":54,"column":8},"end":{"line":54,"column":31}},"44":{"start":{"line":55,"column":8},"end":{"line":55,"column":31}},"45":{"start":{"line":56,"column":8},"end":{"line":56,"column":31}},"46":{"start":{"line":57,"column":8},"end":{"line":57,"column":31}},"47":{"start":{"line":58,"column":8},"end":{"line":58,"column":31}},"48":{"start":{"line":59,"column":8},"end":{"line":59,"column":31}},"49":{"start":{"line":60,"column":8},"end":{"line":60,"column":31}},"50":{"start":{"line":61,"column":8},"end":{"line":61,"column":31}},"51":{"start":{"line":62,"column":8},"end":{"line":62,"column":31}},"52":{"start":{"line":63,"column":8},"end":{"line":63,"column":31}},"53":{"start":{"line":64,"column":8},"end":{"line":64,"column":31}},"54":{"start":{"line":65,"column":8},"end":{"line":65,"column":31}},"55":{"start":{"line":66,"column":8},"end":{"line":66,"column":31}},"56":{"start":{"line":67,"column":8},"end":{"line":67,"column":31}},"57":{"start":{"line":68,"column":8},"end":{"line":68,"column":31}},"58":{"start":{"line":69,"column":8},"end":{"line":69,"column":31}},"59":{"start":{"line":70,"column":8},"end":{"line":70,"column":31}},"60":{"start":{"line":71,"column":8},"end":{"line":71,"column":31}},"61":{"start":{"line":72,"column":8},"end":{"line":72,"column":31}},"62":{"start":{"line":73,"column":8},"end":{"line":73,"column":31}},"63":{"start":{"line":74,"column":8},"end":{"line":74,"column":31}},"64":{"start":{"line":75,"column":8},"end":{"line":75,"column":31}},"65":{"start":{"line":76,"column":8},"end":{"line":76,"column":31}},"66":{"start":{"line":77,"column":8},"end":{"line":77,"column":31}},"67":{"start":{"line":78,"column":8},"end":{"line":78,"column":31}},"68":{"start":{"line":79,"column":8},"end":{"line":79,"column":31}},"69":{"start":{"line":80,"column":8},"end":{"line":80,"column":31}},"70":{"start":{"line":81,"column":8},"end":{"line":81,"column":31}},"71":{"start":{"line":82,"column":8},"end":{"line":82,"column":31}},"72":{"start":{"line":83,"column":8},"end":{"line":83,"column":31}},"73":{"start":{"line":84,"column":8},"end":{"line":84,"column":31}},"74":{"start":{"line":85,"column":8},"end":{"line":85,"column":31}},"75":{"start":{"line":86,"column":8},"end":{"line":86,"column":31}},"76":{"start":{"line":87,"column":8},"end":{"line":87,"column":31}},"77":{"start":{"line":88,"column":8},"end":{"line":88,"column":31}},"78":{"start":{"line":89,"column":8},"end":{"line":89,"column":31}},"79":{"start":{"line":90,"column":8},"end":{"line":90,"column":31}},"80":{"start":{"line":91,"column":8},"end":{"line":91,"column":32}},"81":{"start":{"line":92,"column":8},"end":{"line":92,"column":32}},"82":{"start":{"line":93,"column":8},"end":{"line":93,"column":32}},"83":{"start":{"line":94,"column":8},"end":{"line":94,"column":32}},"84":{"start":{"line":95,"column":8},"end":{"line":95,"column":32}},"85":{"start":{"line":96,"column":8},"end":{"line":96,"column":32}},"86":{"start":{"line":97,"column":8},"end":{"line":97,"column":32}},"87":{"start":{"line":98,"column":8},"end":{"line":98,"column":32}},"88":{"start":{"line":99,"column":8},"end":{"line":99,"column":32}},"89":{"start":{"line":100,"column":8},"end":{"line":100,"column":32}},"90":{"start":{"line":101,"column":8},"end":{"line":101,"column":32}},"91":{"start":{"line":102,"column":8},"end":{"line":102,"column":32}},"92":{"start":{"line":103,"column":8},"end":{"line":103,"column":32}},"93":{"start":{"line":104,"column":8},"end":{"line":104,"column":32}},"94":{"start":{"line":105,"column":8},"end":{"line":105,"column":32}},"95":{"start":{"line":106,"column":8},"end":{"line":106,"column":32}},"96":{"start":{"line":107,"column":8},"end":{"line":107,"column":32}},"97":{"start":{"line":108,"column":8},"end":{"line":108,"column":32}},"98":{"start":{"line":109,"column":8},"end":{"line":109,"column":32}},"99":{"start":{"line":110,"column":8},"end":{"line":110,"column":32}},"100":{"start":{"line":111,"column":8},"end":{"line":111,"column":32}},"101":{"start":{"line":112,"column":8},"end":{"line":112,"column":32}},"102":{"start":{"line":113,"column":8},"end":{"line":113,"column":33}},"103":{"start":{"line":114,"column":8},"end":{"line":114,"column":33}},"104":{"start":{"line":115,"column":8},"end":{"line":115,"column":33}},"105":{"start":{"line":116,"column":8},"end":{"line":116,"column":33}},"106":{"start":{"line":117,"column":8},"end":{"line":117,"column":33}},"107":{"start":{"line":118,"column":8},"end":{"line":118,"column":33}},"108":{"start":{"line":119,"column":8},"end":{"line":119,"column":33}},"109":{"start":{"line":120,"column":8},"end":{"line":120,"column":33}},"110":{"start":{"line":121,"column":8},"end":{"line":121,"column":33}},"111":{"start":{"line":122,"column":8},"end":{"line":122,"column":33}},"112":{"start":{"line":123,"column":8},"end":{"line":123,"column":33}},"113":{"start":{"line":124,"column":8},"end":{"line":124,"column":33}},"114":{"start":{"line":125,"column":8},"end":{"line":125,"column":33}},"115":{"start":{"line":126,"column":8},"end":{"line":126,"column":33}},"116":{"start":{"line":127,"column":8},"end":{"line":127,"column":33}},"117":{"start":{"line":128,"column":8},"end":{"line":128,"column":33}},"118":{"start":{"line":129,"column":8},"end":{"line":129,"column":33}},"119":{"start":{"line":130,"column":8},"end":{"line":130,"column":33}},"120":{"start":{"line":131,"column":8},"end":{"line":131,"column":33}},"121":{"start":{"line":132,"column":8},"end":{"line":132,"column":33}},"122":{"start":{"line":133,"column":8},"end":{"line":133,"column":33}},"123":{"start":{"line":134,"column":8},"end":{"line":134,"column":33}},"124":{"start":{"line":135,"column":8},"end":{"line":135,"column":33}},"125":{"start":{"line":136,"column":8},"end":{"line":136,"column":33}},"126":{"start":{"line":137,"column":8},"end":{"line":137,"column":33}},"127":{"start":{"line":138,"column":8},"end":{"line":138,"column":33}},"128":{"start":{"line":139,"column":8},"end":{"line":139,"column":33}},"129":{"start":{"line":140,"column":8},"end":{"line":140,"column":33}},"130":{"start":{"line":141,"column":8},"end":{"line":141,"column":33}},"131":{"start":{"line":142,"column":8},"end":{"line":142,"column":33}},"132":{"start":{"line":143,"column":8},"end":{"line":143,"column":33}},"133":{"start":{"line":144,"column":8},"end":{"line":144,"column":33}},"134":{"start":{"line":145,"column":8},"end":{"line":145,"column":33}},"135":{"start":{"line":146,"column":8},"end":{"line":146,"column":33}},"136":{"start":{"line":147,"column":8},"end":{"line":147,"column":33}},"137":{"start":{"line":148,"column":8},"end":{"line":148,"column":33}},"138":{"start":{"line":149,"column":8},"end":{"line":149,"column":33}},"139":{"start":{"line":150,"column":8},"end":{"line":150,"column":33}},"140":{"start":{"line":151,"column":8},"end":{"line":151,"column":33}},"141":{"start":{"line":152,"column":8},"end":{"line":152,"column":33}},"142":{"start":{"line":153,"column":8},"end":{"line":153,"column":33}},"143":{"start":{"line":154,"column":8},"end":{"line":154,"column":33}},"144":{"start":{"line":155,"column":8},"end":{"line":155,"column":33}},"145":{"start":{"line":156,"column":8},"end":{"line":156,"column":33}},"146":{"start":{"line":157,"column":8},"end":{"line":157,"column":33}},"147":{"start":{"line":158,"column":8},"end":{"line":158,"column":33}},"148":{"start":{"line":159,"column":8},"end":{"line":159,"column":33}},"149":{"start":{"line":160,"column":8},"end":{"line":160,"column":33}},"150":{"start":{"line":161,"column":8},"end":{"line":161,"column":33}},"151":{"start":{"line":162,"column":8},"end":{"line":162,"column":33}},"152":{"start":{"line":163,"column":8},"end":{"line":163,"column":33}},"153":{"start":{"line":164,"column":8},"end":{"line":164,"column":33}},"154":{"start":{"line":165,"column":8},"end":{"line":165,"column":33}},"155":{"start":{"line":166,"column":8},"end":{"line":166,"column":33}},"156":{"start":{"line":167,"column":8},"end":{"line":167,"column":33}},"157":{"start":{"line":168,"column":8},"end":{"line":168,"column":33}},"158":{"start":{"line":169,"column":8},"end":{"line":169,"column":33}},"159":{"start":{"line":170,"column":8},"end":{"line":170,"column":33}},"160":{"start":{"line":171,"column":8},"end":{"line":171,"column":33}},"161":{"start":{"line":172,"column":8},"end":{"line":172,"column":33}},"162":{"start":{"line":173,"column":8},"end":{"line":173,"column":33}},"163":{"start":{"line":174,"column":8},"end":{"line":174,"column":33}},"164":{"start":{"line":175,"column":8},"end":{"line":175,"column":33}},"165":{"start":{"line":176,"column":8},"end":{"line":176,"column":33}},"166":{"start":{"line":177,"column":8},"end":{"line":177,"column":33}},"167":{"start":{"line":178,"column":8},"end":{"line":178,"column":33}},"168":{"start":{"line":179,"column":8},"end":{"line":179,"column":33}},"169":{"start":{"line":180,"column":8},"end":{"line":180,"column":33}},"170":{"start":{"line":181,"column":8},"end":{"line":181,"column":33}},"171":{"start":{"line":182,"column":8},"end":{"line":182,"column":33}},"172":{"start":{"line":183,"column":8},"end":{"line":183,"column":33}},"173":{"start":{"line":184,"column":8},"end":{"line":184,"column":33}},"174":{"start":{"line":185,"column":8},"end":{"line":185,"column":33}},"175":{"start":{"line":186,"column":8},"end":{"line":186,"column":33}},"176":{"start":{"line":187,"column":8},"end":{"line":187,"column":33}},"177":{"start":{"line":188,"column":8},"end":{"line":188,"column":33}},"178":{"start":{"line":189,"column":8},"end":{"line":189,"column":33}},"179":{"start":{"line":190,"column":8},"end":{"line":190,"column":33}},"180":{"start":{"line":191,"column":8},"end":{"line":191,"column":33}},"181":{"start":{"line":192,"column":8},"end":{"line":192,"column":33}},"182":{"start":{"line":193,"column":8},"end":{"line":193,"column":33}},"183":{"start":{"line":194,"column":8},"end":{"line":194,"column":33}},"184":{"start":{"line":195,"column":8},"end":{"line":195,"column":33}},"185":{"start":{"line":196,"column":8},"end":{"line":196,"column":33}},"186":{"start":{"line":197,"column":8},"end":{"line":197,"column":33}},"187":{"start":{"line":198,"column":8},"end":{"line":198,"column":33}},"188":{"start":{"line":199,"column":8},"end":{"line":199,"column":33}},"189":{"start":{"line":200,"column":8},"end":{"line":200,"column":33}},"190":{"start":{"line":201,"column":8},"end":{"line":201,"column":33}},"191":{"start":{"line":202,"column":8},"end":{"line":202,"column":33}},"192":{"start":{"line":203,"column":8},"end":{"line":203,"column":33}},"193":{"start":{"line":204,"column":8},"end":{"line":204,"column":33}},"194":{"start":{"line":205,"column":8},"end":{"line":205,"column":33}},"195":{"start":{"line":206,"column":8},"end":{"line":206,"column":33}},"196":{"start":{"line":207,"column":8},"end":{"line":207,"column":33}},"197":{"start":{"line":208,"column":8},"end":{"line":208,"column":33}},"198":{"start":{"line":209,"column":8},"end":{"line":209,"column":33}},"199":{"start":{"line":210,"column":8},"end":{"line":210,"column":33}},"200":{"start":{"line":211,"column":8},"end":{"line":211,"column":33}},"201":{"start":{"line":212,"column":8},"end":{"line":212,"column":33}},"202":{"start":{"line":213,"column":8},"end":{"line":213,"column":33}},"203":{"start":{"line":214,"column":8},"end":{"line":214,"column":33}},"204":{"start":{"line":215,"column":8},"end":{"line":215,"column":33}},"205":{"start":{"line":216,"column":8},"end":{"line":216,"column":33}},"206":{"start":{"line":217,"column":8},"end":{"line":217,"column":33}},"207":{"start":{"line":218,"column":8},"end":{"line":218,"column":33}},"208":{"start":{"line":219,"column":8},"end":{"line":219,"column":33}},"209":{"start":{"line":220,"column":8},"end":{"line":220,"column":33}},"210":{"start":{"line":221,"column":8},"end":{"line":221,"column":33}},"211":{"start":{"line":222,"column":8},"end":{"line":222,"column":33}},"212":{"start":{"line":223,"column":8},"end":{"line":223,"column":33}},"213":{"start":{"line":224,"column":8},"end":{"line":224,"column":33}},"214":{"start":{"line":225,"column":8},"end":{"line":225,"column":33}},"215":{"start":{"line":226,"column":8},"end":{"line":226,"column":33}},"216":{"start":{"line":227,"column":8},"end":{"line":227,"column":33}},"217":{"start":{"line":228,"column":8},"end":{"line":228,"column":33}},"218":{"start":{"line":229,"column":8},"end":{"line":229,"column":33}},"219":{"start":{"line":230,"column":8},"end":{"line":230,"column":33}},"220":{"start":{"line":231,"column":8},"end":{"line":231,"column":33}},"221":{"start":{"line":232,"column":8},"end":{"line":232,"column":33}},"222":{"start":{"line":233,"column":8},"end":{"line":233,"column":33}},"223":{"start":{"line":234,"column":8},"end":{"line":234,"column":33}},"224":{"start":{"line":235,"column":8},"end":{"line":235,"column":33}},"225":{"start":{"line":236,"column":8},"end":{"line":236,"column":33}},"226":{"start":{"line":237,"column":8},"end":{"line":237,"column":33}},"227":{"start":{"line":238,"column":8},"end":{"line":238,"column":33}},"228":{"start":{"line":239,"column":8},"end":{"line":239,"column":33}},"229":{"start":{"line":240,"column":8},"end":{"line":240,"column":33}},"230":{"start":{"line":241,"column":8},"end":{"line":241,"column":33}},"231":{"start":{"line":242,"column":8},"end":{"line":242,"column":33}},"232":{"start":{"line":243,"column":8},"end":{"line":243,"column":33}},"233":{"start":{"line":244,"column":8},"end":{"line":244,"column":33}},"234":{"start":{"line":245,"column":8},"end":{"line":245,"column":33}},"235":{"start":{"line":246,"column":8},"end":{"line":246,"column":33}},"236":{"start":{"line":247,"column":8},"end":{"line":247,"column":33}},"237":{"start":{"line":248,"column":8},"end":{"line":248,"column":33}},"238":{"start":{"line":249,"column":8},"end":{"line":249,"column":33}},"239":{"start":{"line":250,"column":8},"end":{"line":250,"column":33}},"240":{"start":{"line":251,"column":8},"end":{"line":251,"column":33}},"241":{"start":{"line":252,"column":8},"end":{"line":252,"column":33}},"242":{"start":{"line":253,"column":8},"end":{"line":253,"column":33}},"243":{"start":{"line":254,"column":8},"end":{"line":254,"column":33}},"244":{"start":{"line":255,"column":8},"end":{"line":255,"column":33}},"245":{"start":{"line":256,"column":8},"end":{"line":256,"column":33}},"246":{"start":{"line":257,"column":8},"end":{"line":257,"column":33}},"247":{"start":{"line":258,"column":8},"end":{"line":258,"column":33}},"248":{"start":{"line":259,"column":8},"end":{"line":259,"column":33}},"249":{"start":{"line":260,"column":8},"end":{"line":260,"column":33}},"250":{"start":{"line":261,"column":8},"end":{"line":261,"column":33}},"251":{"start":{"line":262,"column":8},"end":{"line":262,"column":33}},"252":{"start":{"line":263,"column":8},"end":{"line":263,"column":33}},"253":{"start":{"line":264,"column":8},"end":{"line":264,"column":33}},"254":{"start":{"line":265,"column":8},"end":{"line":265,"column":33}},"255":{"start":{"line":266,"column":8},"end":{"line":266,"column":33}},"256":{"start":{"line":267,"column":8},"end":{"line":267,"column":33}},"257":{"start":{"line":268,"column":8},"end":{"line":268,"column":33}},"258":{"start":{"line":269,"column":8},"end":{"line":269,"column":33}},"259":{"start":{"line":270,"column":8},"end":{"line":270,"column":33}},"260":{"start":{"line":271,"column":8},"end":{"line":271,"column":33}},"261":{"start":{"line":272,"column":8},"end":{"line":272,"column":33}},"262":{"start":{"line":273,"column":8},"end":{"line":273,"column":33}},"263":{"start":{"line":274,"column":8},"end":{"line":274,"column":33}},"264":{"start":{"line":275,"column":8},"end":{"line":275,"column":33}},"265":{"start":{"line":276,"column":8},"end":{"line":276,"column":33}},"266":{"start":{"line":277,"column":8},"end":{"line":277,"column":33}},"267":{"start":{"line":278,"column":8},"end":{"line":278,"column":33}},"268":{"start":{"line":279,"column":8},"end":{"line":279,"column":33}},"269":{"start":{"line":280,"column":8},"end":{"line":280,"column":33}},"270":{"start":{"line":281,"column":8},"end":{"line":281,"column":34}},"271":{"start":{"line":282,"column":8},"end":{"line":282,"column":34}},"272":{"start":{"line":283,"column":8},"end":{"line":283,"column":34}},"273":{"start":{"line":284,"column":8},"end":{"line":284,"column":34}},"274":{"start":{"line":285,"column":8},"end":{"line":285,"column":34}},"275":{"start":{"line":286,"column":8},"end":{"line":286,"column":34}},"276":{"start":{"line":287,"column":8},"end":{"line":287,"column":34}},"277":{"start":{"line":288,"column":8},"end":{"line":288,"column":34}},"278":{"start":{"line":289,"column":8},"end":{"line":289,"column":34}},"279":{"start":{"line":290,"column":8},"end":{"line":290,"column":34}},"280":{"start":{"line":291,"column":8},"end":{"line":291,"column":34}},"281":{"start":{"line":292,"column":8},"end":{"line":292,"column":34}},"282":{"start":{"line":293,"column":8},"end":{"line":293,"column":34}},"283":{"start":{"line":294,"column":8},"end":{"line":294,"column":34}},"284":{"start":{"line":295,"column":8},"end":{"line":295,"column":34}},"285":{"start":{"line":296,"column":8},"end":{"line":296,"column":34}},"286":{"start":{"line":297,"column":8},"end":{"line":297,"column":34}},"287":{"start":{"line":298,"column":8},"end":{"line":298,"column":34}},"288":{"start":{"line":299,"column":8},"end":{"line":299,"column":34}},"289":{"start":{"line":300,"column":8},"end":{"line":300,"column":34}},"290":{"start":{"line":301,"column":8},"end":{"line":301,"column":34}},"291":{"start":{"line":302,"column":8},"end":{"line":302,"column":34}},"292":{"start":{"line":303,"column":8},"end":{"line":303,"column":34}},"293":{"start":{"line":304,"column":8},"end":{"line":304,"column":34}},"294":{"start":{"line":305,"column":8},"end":{"line":305,"column":34}},"295":{"start":{"line":306,"column":8},"end":{"line":306,"column":34}},"296":{"start":{"line":307,"column":8},"end":{"line":307,"column":34}},"297":{"start":{"line":308,"column":8},"end":{"line":308,"column":34}},"298":{"start":{"line":309,"column":8},"end":{"line":309,"column":34}},"299":{"start":{"line":310,"column":8},"end":{"line":310,"column":34}},"300":{"start":{"line":311,"column":8},"end":{"line":311,"column":34}},"301":{"start":{"line":312,"column":8},"end":{"line":312,"column":34}},"302":{"start":{"line":313,"column":8},"end":{"line":313,"column":34}},"303":{"start":{"line":315,"column":8},"end":{"line":315,"column":30}},"304":{"start":{"line":319,"column":8},"end":{"line":319,"column":69}},"305":{"start":{"line":321,"column":8},"end":{"line":321,"column":16}},"306":{"start":{"line":322,"column":8},"end":{"line":322,"column":11282}},"307":{"start":{"line":323,"column":12},"end":{"line":323,"column":44}},"308":{"start":{"line":324,"column":12},"end":{"line":324,"column":45}},"309":{"start":{"line":327,"column":8},"end":{"line":327,"column":40}},"310":{"start":{"line":331,"column":8},"end":{"line":331,"column":30}},"311":{"start":{"line":332,"column":8},"end":{"line":332,"column":65}},"312":{"start":{"line":333,"column":8},"end":{"line":333,"column":36}},"313":{"start":{"line":337,"column":8},"end":{"line":337,"column":30}},"314":{"start":{"line":338,"column":8},"end":{"line":338,"column":65}},"315":{"start":{"line":339,"column":8},"end":{"line":339,"column":96}},"316":{"start":{"line":340,"column":8},"end":{"line":340,"column":46}},"317":{"start":{"line":344,"column":8},"end":{"line":344,"column":65}},"318":{"start":{"line":345,"column":8},"end":{"line":345,"column":96}},"319":{"start":{"line":348,"column":8},"end":{"line":348,"column":12350}},"320":{"start":{"line":349,"column":12},"end":{"line":349,"column":20}},"321":{"start":{"line":352,"column":8},"end":{"line":352,"column":12438}},"322":{"start":{"line":353,"column":12},"end":{"line":353,"column":12494}},"323":{"start":{"line":354,"column":16},"end":{"line":354,"column":24}},"324":{"start":{"line":359,"column":8},"end":{"line":359,"column":26}}},"branchMap":{"1":{"line":331,"type":"if","locations":[{"start":{"line":331,"column":8},"end":{"line":331,"column":8}},{"start":{"line":331,"column":8},"end":{"line":331,"column":8}}]},"2":{"line":337,"type":"if","locations":[{"start":{"line":337,"column":8},"end":{"line":337,"column":8}},{"start":{"line":337,"column":8},"end":{"line":337,"column":8}}]},"3":{"line":348,"type":"if","locations":[{"start":{"line":348,"column":8},"end":{"line":348,"column":8}},{"start":{"line":348,"column":8},"end":{"line":348,"column":8}}]},"4":{"line":353,"type":"if","locations":[{"start":{"line":353,"column":12},"end":{"line":353,"column":12}},{"start":{"line":353,"column":12},"end":{"line":353,"column":12}}]}}},"contracts/SafePercentageCalculator.sol":{"l":{"14":40,"15":40,"16":40,"20":3},"path":"/Users/janruls1/new_path/400trx/contracts/SafePercentageCalculator.sol","s":{"1":40,"2":40,"3":40,"4":3},"b":{"1":[40,0],"2":[40,0]},"f":{"1":40,"2":3},"fnMap":{"1":{"name":"_calcPercentage","line":13,"loc":{"start":{"line":13,"column":4},"end":{"line":17,"column":4}}},"2":{"name":"_calcBasisPoints","line":19,"loc":{"start":{"line":19,"column":4},"end":{"line":21,"column":4}}}},"statementMap":{"1":{"start":{"line":14,"column":8},"end":{"line":14,"column":45}},"2":{"start":{"line":15,"column":8},"end":{"line":15,"column":45}},"3":{"start":{"line":16,"column":8},"end":{"line":16,"column":61}},"4":{"start":{"line":20,"column":8},"end":{"line":20,"column":56}}},"branchMap":{"1":{"line":14,"type":"if","locations":[{"start":{"line":14,"column":8},"end":{"line":14,"column":8}},{"start":{"line":14,"column":8},"end":{"line":14,"column":8}}]},"2":{"line":15,"type":"if","locations":[{"start":{"line":15,"column":8},"end":{"line":15,"column":8}},{"start":{"line":15,"column":8},"end":{"line":15,"column":8}}]}}},"contracts/utils/Utils.sol":{"l":{"12":5,"14":5},"path":"/Users/janruls1/new_path/400trx/contracts/utils/Utils.sol","s":{"1":5,"2":5},"b":{"1":[5,0]},"f":{"1":5},"fnMap":{"1":{"name":"_calcDays","line":11,"loc":{"start":{"line":11,"column":4},"end":{"line":15,"column":4}}}},"statementMap":{"1":{"start":{"line":12,"column":8},"end":{"line":12,"column":28}},"2":{"start":{"line":14,"column":8},"end":{"line":14,"column":38}}},"branchMap":{"1":{"line":12,"type":"if","locations":[{"start":{"line":12,"column":8},"end":{"line":12,"column":8}},{"start":{"line":12,"column":8},"end":{"line":12,"column":8}}]}}}}