{"contracts/Events.sol":{"l":{},"path":"/Users/janruls1/new_path/400trx/contracts/Events.sol","s":{},"b":{},"f":{},"fnMap":{},"statementMap":{},"branchMap":{}},"contracts/FourRXFinance.sol":{"l":{"11":10,"13":10,"14":10,"15":10,"16":10,"17":10,"18":10,"19":10,"20":10,"21":10,"22":10,"23":10,"24":10,"26":10,"27":10,"28":10,"29":10,"30":10,"31":10,"32":10,"33":10,"34":10,"35":10,"37":10,"41":15,"42":15,"44":15,"46":13,"48":13,"49":13,"50":13,"51":13,"52":13,"53":13,"54":13,"55":13,"56":13,"58":13,"60":13,"61":13,"63":13,"65":13,"67":13,"68":13,"71":13,"76":7,"77":7,"79":7,"83":6,"84":6,"85":6,"87":4,"89":4,"91":4,"93":4,"94":2,"96":2,"98":2,"99":1,"103":4,"105":4,"106":4,"107":4,"110":4,"114":0,"115":0,"116":0,"117":0,"119":0,"120":0,"122":0,"123":0,"126":0,"127":0,"128":0,"132":1},"path":"/Users/janruls1/new_path/400trx/contracts/FourRXFinance.sol","s":{"1":10,"2":10,"3":10,"4":10,"5":10,"6":10,"7":10,"8":10,"9":10,"10":10,"11":10,"12":10,"13":10,"14":10,"15":10,"16":10,"17":10,"18":10,"19":10,"20":10,"21":10,"22":10,"23":10,"24":10,"25":15,"26":15,"27":15,"28":13,"29":13,"30":13,"31":13,"32":13,"33":13,"34":13,"35":13,"36":13,"37":13,"38":13,"39":13,"40":13,"41":13,"42":13,"43":13,"44":13,"45":13,"46":7,"47":7,"48":7,"49":6,"50":6,"51":6,"52":4,"53":4,"54":4,"55":4,"56":2,"57":2,"58":2,"59":1,"60":4,"61":4,"62":4,"63":4,"64":4,"65":0,"66":0,"67":0,"68":0,"69":0,"70":0,"71":0,"72":0,"73":0,"74":0,"75":0,"76":1},"b":{"1":[15,0],"2":[15,0],"3":[13,2],"4":[13,0],"5":[7,0],"6":[6,0],"7":[4,2],"8":[4,0],"9":[2,2],"10":[1,1],"11":[0,0],"12":[0,0]},"f":{"1":10,"2":15,"3":7,"4":6,"5":0,"6":1},"fnMap":{"1":{"name":"constructor","line":10,"loc":{"start":{"line":10,"column":4},"end":{"line":38,"column":4}}},"2":{"name":"deposit","line":40,"loc":{"start":{"line":40,"column":4},"end":{"line":72,"column":4}}},"3":{"name":"balanceOf","line":75,"loc":{"start":{"line":75,"column":4},"end":{"line":80,"column":4}}},"4":{"name":"withdraw","line":82,"loc":{"start":{"line":82,"column":4},"end":{"line":111,"column":4}}},"5":{"name":"exitProgram","line":113,"loc":{"start":{"line":113,"column":4},"end":{"line":129,"column":4}}},"6":{"name":"getUser","line":131,"loc":{"start":{"line":131,"column":4},"end":{"line":133,"column":4}}}},"statementMap":{"1":{"start":{"line":11,"column":8},"end":{"line":11,"column":47}},"2":{"start":{"line":13,"column":8},"end":{"line":13,"column":32}},"3":{"start":{"line":14,"column":8},"end":{"line":14,"column":32}},"4":{"start":{"line":15,"column":8},"end":{"line":15,"column":32}},"5":{"start":{"line":16,"column":8},"end":{"line":16,"column":32}},"6":{"start":{"line":17,"column":8},"end":{"line":17,"column":32}},"7":{"start":{"line":18,"column":8},"end":{"line":18,"column":31}},"8":{"start":{"line":19,"column":8},"end":{"line":19,"column":31}},"9":{"start":{"line":20,"column":8},"end":{"line":20,"column":31}},"10":{"start":{"line":21,"column":8},"end":{"line":21,"column":31}},"11":{"start":{"line":22,"column":8},"end":{"line":22,"column":31}},"12":{"start":{"line":23,"column":8},"end":{"line":23,"column":31}},"13":{"start":{"line":24,"column":8},"end":{"line":24,"column":31}},"14":{"start":{"line":26,"column":8},"end":{"line":26,"column":36}},"15":{"start":{"line":27,"column":8},"end":{"line":27,"column":36}},"16":{"start":{"line":28,"column":8},"end":{"line":28,"column":36}},"17":{"start":{"line":29,"column":8},"end":{"line":29,"column":36}},"18":{"start":{"line":30,"column":8},"end":{"line":30,"column":35}},"19":{"start":{"line":31,"column":8},"end":{"line":31,"column":35}},"20":{"start":{"line":32,"column":8},"end":{"line":32,"column":35}},"21":{"start":{"line":33,"column":8},"end":{"line":33,"column":35}},"22":{"start":{"line":34,"column":8},"end":{"line":34,"column":35}},"23":{"start":{"line":35,"column":8},"end":{"line":35,"column":35}},"24":{"start":{"line":37,"column":8},"end":{"line":37,"column":20}},"25":{"start":{"line":41,"column":8},"end":{"line":41,"column":45}},"26":{"start":{"line":42,"column":8},"end":{"line":42,"column":60}},"27":{"start":{"line":44,"column":8},"end":{"line":44,"column":75}},"28":{"start":{"line":46,"column":8},"end":{"line":46,"column":45}},"29":{"start":{"line":48,"column":8},"end":{"line":48,"column":31}},"30":{"start":{"line":49,"column":8},"end":{"line":49,"column":29}},"31":{"start":{"line":50,"column":8},"end":{"line":50,"column":25}},"32":{"start":{"line":51,"column":8},"end":{"line":51,"column":27}},"33":{"start":{"line":52,"column":8},"end":{"line":52,"column":47}},"34":{"start":{"line":53,"column":8},"end":{"line":53,"column":38}},"35":{"start":{"line":54,"column":8},"end":{"line":54,"column":104}},"36":{"start":{"line":55,"column":8},"end":{"line":55,"column":43}},"37":{"start":{"line":56,"column":8},"end":{"line":56,"column":36}},"38":{"start":{"line":58,"column":8},"end":{"line":58,"column":53}},"39":{"start":{"line":60,"column":8},"end":{"line":60,"column":93}},"40":{"start":{"line":61,"column":8},"end":{"line":61,"column":105}},"41":{"start":{"line":63,"column":8},"end":{"line":63,"column":17}},"42":{"start":{"line":65,"column":8},"end":{"line":65,"column":74}},"43":{"start":{"line":67,"column":8},"end":{"line":67,"column":2416}},"44":{"start":{"line":68,"column":12},"end":{"line":68,"column":54}},"45":{"start":{"line":71,"column":8},"end":{"line":71,"column":48}},"46":{"start":{"line":76,"column":8},"end":{"line":76,"column":58}},"47":{"start":{"line":77,"column":8},"end":{"line":77,"column":46}},"48":{"start":{"line":79,"column":8},"end":{"line":79,"column":53}},"49":{"start":{"line":83,"column":8},"end":{"line":83,"column":45}},"50":{"start":{"line":84,"column":8},"end":{"line":84,"column":41}},"51":{"start":{"line":85,"column":8},"end":{"line":85,"column":64}},"52":{"start":{"line":87,"column":8},"end":{"line":87,"column":69}},"53":{"start":{"line":89,"column":8},"end":{"line":89,"column":35}},"54":{"start":{"line":91,"column":8},"end":{"line":91,"column":58}},"55":{"start":{"line":93,"column":8},"end":{"line":93,"column":3256}},"56":{"start":{"line":94,"column":12},"end":{"line":94,"column":99}},"57":{"start":{"line":96,"column":12},"end":{"line":96,"column":98}},"58":{"start":{"line":98,"column":12},"end":{"line":98,"column":3496}},"59":{"start":{"line":99,"column":16},"end":{"line":99,"column":53}},"60":{"start":{"line":103,"column":8},"end":{"line":103,"column":70}},"61":{"start":{"line":105,"column":8},"end":{"line":105,"column":59}},"62":{"start":{"line":106,"column":8},"end":{"line":106,"column":46}},"63":{"start":{"line":107,"column":8},"end":{"line":107,"column":38}},"64":{"start":{"line":110,"column":8},"end":{"line":110,"column":64}},"65":{"start":{"line":114,"column":8},"end":{"line":114,"column":45}},"66":{"start":{"line":115,"column":8},"end":{"line":115,"column":41}},"67":{"start":{"line":116,"column":8},"end":{"line":116,"column":69}},"68":{"start":{"line":117,"column":8},"end":{"line":117,"column":71}},"69":{"start":{"line":119,"column":8},"end":{"line":119,"column":4202}},"70":{"start":{"line":120,"column":12},"end":{"line":120,"column":30}},"71":{"start":{"line":122,"column":12},"end":{"line":122,"column":63}},"72":{"start":{"line":123,"column":12},"end":{"line":123,"column":61}},"73":{"start":{"line":126,"column":8},"end":{"line":126,"column":26}},"74":{"start":{"line":127,"column":8},"end":{"line":127,"column":59}},"75":{"start":{"line":128,"column":8},"end":{"line":128,"column":32}},"76":{"start":{"line":132,"column":8},"end":{"line":132,"column":33}}},"branchMap":{"1":{"line":41,"type":"if","locations":[{"start":{"line":41,"column":8},"end":{"line":41,"column":8}},{"start":{"line":41,"column":8},"end":{"line":41,"column":8}}]},"2":{"line":42,"type":"if","locations":[{"start":{"line":42,"column":8},"end":{"line":42,"column":8}},{"start":{"line":42,"column":8},"end":{"line":42,"column":8}}]},"3":{"line":44,"type":"if","locations":[{"start":{"line":44,"column":8},"end":{"line":44,"column":8}},{"start":{"line":44,"column":8},"end":{"line":44,"column":8}}]},"4":{"line":67,"type":"if","locations":[{"start":{"line":67,"column":8},"end":{"line":67,"column":8}},{"start":{"line":67,"column":8},"end":{"line":67,"column":8}}]},"5":{"line":76,"type":"if","locations":[{"start":{"line":76,"column":8},"end":{"line":76,"column":8}},{"start":{"line":76,"column":8},"end":{"line":76,"column":8}}]},"6":{"line":84,"type":"if","locations":[{"start":{"line":84,"column":8},"end":{"line":84,"column":8}},{"start":{"line":84,"column":8},"end":{"line":84,"column":8}}]},"7":{"line":85,"type":"if","locations":[{"start":{"line":85,"column":8},"end":{"line":85,"column":8}},{"start":{"line":85,"column":8},"end":{"line":85,"column":8}}]},"8":{"line":89,"type":"if","locations":[{"start":{"line":89,"column":8},"end":{"line":89,"column":8}},{"start":{"line":89,"column":8},"end":{"line":89,"column":8}}]},"9":{"line":93,"type":"if","locations":[{"start":{"line":93,"column":8},"end":{"line":93,"column":8}},{"start":{"line":93,"column":8},"end":{"line":93,"column":8}}]},"10":{"line":98,"type":"if","locations":[{"start":{"line":98,"column":12},"end":{"line":98,"column":12}},{"start":{"line":98,"column":12},"end":{"line":98,"column":12}}]},"11":{"line":115,"type":"if","locations":[{"start":{"line":115,"column":8},"end":{"line":115,"column":8}},{"start":{"line":115,"column":8},"end":{"line":115,"column":8}}]},"12":{"line":119,"type":"if","locations":[{"start":{"line":119,"column":8},"end":{"line":119,"column":8}},{"start":{"line":119,"column":8},"end":{"line":119,"column":8}}]}}},"contracts/InterestCalculator.sol":{"l":{"11":11,"13":11,"14":11,"15":11,"16":11,"17":11,"18":11,"19":11,"20":11,"21":11,"22":11,"23":11,"24":11,"25":11,"26":11,"27":11,"28":11,"29":11,"30":11,"31":11,"32":11,"33":11,"34":11,"35":11,"36":11,"37":11,"38":11,"39":11,"40":11,"41":11,"42":11,"43":11,"44":11,"45":11,"46":11,"47":11,"48":11,"49":11,"50":11,"51":11,"52":11,"53":11,"54":11,"55":11,"56":11,"57":11,"58":11,"59":11,"60":11,"61":11,"62":11,"63":11,"64":11,"65":11,"66":11,"67":11,"68":11,"69":11,"70":11,"71":11,"72":11,"73":11,"74":11,"75":11,"76":11,"77":11,"78":11,"79":11,"80":11,"81":11,"82":11,"83":11,"84":11,"85":11,"86":11,"87":11,"88":11,"89":11,"90":11,"91":11,"92":11,"93":11,"94":11,"95":11,"96":11,"97":11,"98":11,"99":11,"100":11,"101":11,"102":11,"103":11,"104":11,"105":11,"106":11,"107":11,"108":11,"109":11,"110":11,"111":11,"112":11,"113":11,"114":11,"115":11,"116":11,"117":11,"118":11,"119":11,"120":11,"121":11,"122":11,"123":11,"124":11,"125":11,"126":11,"127":11,"128":11,"129":11,"130":11,"131":11,"132":11,"133":11,"134":11,"135":11,"136":11,"137":11,"138":11,"139":11,"140":11,"141":11,"142":11,"143":11,"144":11,"145":11,"146":11,"147":11,"148":11,"149":11,"150":11,"151":11,"152":11,"153":11,"154":11,"155":11,"156":11,"157":11,"158":11,"159":11,"160":11,"161":11,"162":11,"163":11,"164":11,"165":11,"166":11,"167":11,"168":11,"169":11,"170":11,"171":11,"172":11,"173":11,"174":11,"175":11,"176":11,"177":11,"178":11,"179":11,"180":11,"181":11,"182":11,"183":11,"184":11,"185":11,"186":11,"187":11,"188":11,"189":11,"190":11,"191":11,"192":11,"193":11,"194":11,"195":11,"196":11,"197":11,"198":11,"199":11,"200":11,"201":11,"202":11,"203":11,"204":11,"205":11,"206":11,"207":11,"208":11,"209":11,"210":11,"211":11,"212":11,"213":11,"214":11,"215":11,"216":11,"217":11,"218":11,"219":11,"220":11,"221":11,"222":11,"223":11,"224":11,"225":11,"226":11,"227":11,"228":11,"229":11,"230":11,"231":11,"232":11,"233":11,"234":11,"235":11,"236":11,"237":11,"238":11,"239":11,"240":11,"241":11,"242":11,"243":11,"244":11,"245":11,"246":11,"247":11,"248":11,"249":11,"250":11,"251":11,"252":11,"253":11,"254":11,"255":11,"256":11,"257":11,"258":11,"259":11,"260":11,"261":11,"262":11,"263":11,"264":11,"265":11,"266":11,"267":11,"268":11,"269":11,"270":11,"271":11,"272":11,"273":11,"274":11,"275":11,"276":11,"277":11,"278":11,"279":11,"280":11,"281":11,"282":11,"283":11,"284":11,"285":11,"286":11,"287":11,"288":11,"289":11,"290":11,"291":11,"292":11,"293":11,"294":11,"295":11,"296":11,"297":11,"298":11,"299":11,"300":11,"301":11,"302":11,"303":11,"304":11,"305":11,"306":11,"307":11,"308":11,"309":11,"310":11,"311":11,"312":11,"313":11,"315":11,"319":11,"321":11,"322":11,"323":3311,"324":3311,"327":11,"331":11,"332":11,"333":11,"334":11,"338":0,"339":0,"342":0,"343":0,"346":0,"347":0,"348":0,"353":0},"path":"/Users/janruls1/new_path/400trx/contracts/InterestCalculator.sol","s":{"1":11,"2":11,"3":11,"4":11,"5":11,"6":11,"7":11,"8":11,"9":11,"10":11,"11":11,"12":11,"13":11,"14":11,"15":11,"16":11,"17":11,"18":11,"19":11,"20":11,"21":11,"22":11,"23":11,"24":11,"25":11,"26":11,"27":11,"28":11,"29":11,"30":11,"31":11,"32":11,"33":11,"34":11,"35":11,"36":11,"37":11,"38":11,"39":11,"40":11,"41":11,"42":11,"43":11,"44":11,"45":11,"46":11,"47":11,"48":11,"49":11,"50":11,"51":11,"52":11,"53":11,"54":11,"55":11,"56":11,"57":11,"58":11,"59":11,"60":11,"61":11,"62":11,"63":11,"64":11,"65":11,"66":11,"67":11,"68":11,"69":11,"70":11,"71":11,"72":11,"73":11,"74":11,"75":11,"76":11,"77":11,"78":11,"79":11,"80":11,"81":11,"82":11,"83":11,"84":11,"85":11,"86":11,"87":11,"88":11,"89":11,"90":11,"91":11,"92":11,"93":11,"94":11,"95":11,"96":11,"97":11,"98":11,"99":11,"100":11,"101":11,"102":11,"103":11,"104":11,"105":11,"106":11,"107":11,"108":11,"109":11,"110":11,"111":11,"112":11,"113":11,"114":11,"115":11,"116":11,"117":11,"118":11,"119":11,"120":11,"121":11,"122":11,"123":11,"124":11,"125":11,"126":11,"127":11,"128":11,"129":11,"130":11,"131":11,"132":11,"133":11,"134":11,"135":11,"136":11,"137":11,"138":11,"139":11,"140":11,"141":11,"142":11,"143":11,"144":11,"145":11,"146":11,"147":11,"148":11,"149":11,"150":11,"151":11,"152":11,"153":11,"154":11,"155":11,"156":11,"157":11,"158":11,"159":11,"160":11,"161":11,"162":11,"163":11,"164":11,"165":11,"166":11,"167":11,"168":11,"169":11,"170":11,"171":11,"172":11,"173":11,"174":11,"175":11,"176":11,"177":11,"178":11,"179":11,"180":11,"181":11,"182":11,"183":11,"184":11,"185":11,"186":11,"187":11,"188":11,"189":11,"190":11,"191":11,"192":11,"193":11,"194":11,"195":11,"196":11,"197":11,"198":11,"199":11,"200":11,"201":11,"202":11,"203":11,"204":11,"205":11,"206":11,"207":11,"208":11,"209":11,"210":11,"211":11,"212":11,"213":11,"214":11,"215":11,"216":11,"217":11,"218":11,"219":11,"220":11,"221":11,"222":11,"223":11,"224":11,"225":11,"226":11,"227":11,"228":11,"229":11,"230":11,"231":11,"232":11,"233":11,"234":11,"235":11,"236":11,"237":11,"238":11,"239":11,"240":11,"241":11,"242":11,"243":11,"244":11,"245":11,"246":11,"247":11,"248":11,"249":11,"250":11,"251":11,"252":11,"253":11,"254":11,"255":11,"256":11,"257":11,"258":11,"259":11,"260":11,"261":11,"262":11,"263":11,"264":11,"265":11,"266":11,"267":11,"268":11,"269":11,"270":11,"271":11,"272":11,"273":11,"274":11,"275":11,"276":11,"277":11,"278":11,"279":11,"280":11,"281":11,"282":11,"283":11,"284":11,"285":11,"286":11,"287":11,"288":11,"289":11,"290":11,"291":11,"292":11,"293":11,"294":11,"295":11,"296":11,"297":11,"298":11,"299":11,"300":11,"301":11,"302":11,"303":11,"304":11,"305":11,"306":11,"307":3311,"308":3311,"309":11,"310":11,"311":11,"312":11,"313":11,"314":0,"315":0,"316":0,"317":0,"318":0,"319":0,"320":0,"321":0},"b":{"1":[11,0],"2":[0,0],"3":[0,0]},"f":{"1":11,"2":11,"3":11,"4":0},"fnMap":{"1":{"name":"initInterestForDayArray","line":10,"loc":{"start":{"line":10,"column":4},"end":{"line":316,"column":4}}},"2":{"name":"initCumulativeInterestForDays","line":318,"loc":{"start":{"line":318,"column":4},"end":{"line":328,"column":4}}},"3":{"name":"getInterestTillDays","line":330,"loc":{"start":{"line":330,"column":4},"end":{"line":335,"column":4}}},"4":{"name":"getEstimateDaysFromInterest","line":337,"loc":{"start":{"line":337,"column":4},"end":{"line":354,"column":4}}}},"statementMap":{"1":{"start":{"line":11,"column":8},"end":{"line":11,"column":59}},"2":{"start":{"line":13,"column":8},"end":{"line":13,"column":29}},"3":{"start":{"line":14,"column":8},"end":{"line":14,"column":29}},"4":{"start":{"line":15,"column":8},"end":{"line":15,"column":29}},"5":{"start":{"line":16,"column":8},"end":{"line":16,"column":29}},"6":{"start":{"line":17,"column":8},"end":{"line":17,"column":29}},"7":{"start":{"line":18,"column":8},"end":{"line":18,"column":29}},"8":{"start":{"line":19,"column":8},"end":{"line":19,"column":29}},"9":{"start":{"line":20,"column":8},"end":{"line":20,"column":29}},"10":{"start":{"line":21,"column":8},"end":{"line":21,"column":29}},"11":{"start":{"line":22,"column":8},"end":{"line":22,"column":29}},"12":{"start":{"line":23,"column":8},"end":{"line":23,"column":30}},"13":{"start":{"line":24,"column":8},"end":{"line":24,"column":31}},"14":{"start":{"line":25,"column":8},"end":{"line":25,"column":31}},"15":{"start":{"line":26,"column":8},"end":{"line":26,"column":31}},"16":{"start":{"line":27,"column":8},"end":{"line":27,"column":31}},"17":{"start":{"line":28,"column":8},"end":{"line":28,"column":31}},"18":{"start":{"line":29,"column":8},"end":{"line":29,"column":31}},"19":{"start":{"line":30,"column":8},"end":{"line":30,"column":31}},"20":{"start":{"line":31,"column":8},"end":{"line":31,"column":31}},"21":{"start":{"line":32,"column":8},"end":{"line":32,"column":31}},"22":{"start":{"line":33,"column":8},"end":{"line":33,"column":31}},"23":{"start":{"line":34,"column":8},"end":{"line":34,"column":31}},"24":{"start":{"line":35,"column":8},"end":{"line":35,"column":31}},"25":{"start":{"line":36,"column":8},"end":{"line":36,"column":31}},"26":{"start":{"line":37,"column":8},"end":{"line":37,"column":31}},"27":{"start":{"line":38,"column":8},"end":{"line":38,"column":31}},"28":{"start":{"line":39,"column":8},"end":{"line":39,"column":31}},"29":{"start":{"line":40,"column":8},"end":{"line":40,"column":31}},"30":{"start":{"line":41,"column":8},"end":{"line":41,"column":31}},"31":{"start":{"line":42,"column":8},"end":{"line":42,"column":31}},"32":{"start":{"line":43,"column":8},"end":{"line":43,"column":31}},"33":{"start":{"line":44,"column":8},"end":{"line":44,"column":31}},"34":{"start":{"line":45,"column":8},"end":{"line":45,"column":31}},"35":{"start":{"line":46,"column":8},"end":{"line":46,"column":31}},"36":{"start":{"line":47,"column":8},"end":{"line":47,"column":31}},"37":{"start":{"line":48,"column":8},"end":{"line":48,"column":31}},"38":{"start":{"line":49,"column":8},"end":{"line":49,"column":31}},"39":{"start":{"line":50,"column":8},"end":{"line":50,"column":31}},"40":{"start":{"line":51,"column":8},"end":{"line":51,"column":31}},"41":{"start":{"line":52,"column":8},"end":{"line":52,"column":31}},"42":{"start":{"line":53,"column":8},"end":{"line":53,"column":31}},"43":{"start":{"line":54,"column":8},"end":{"line":54,"column":31}},"44":{"start":{"line":55,"column":8},"end":{"line":55,"column":31}},"45":{"start":{"line":56,"column":8},"end":{"line":56,"column":31}},"46":{"start":{"line":57,"column":8},"end":{"line":57,"column":31}},"47":{"start":{"line":58,"column":8},"end":{"line":58,"column":31}},"48":{"start":{"line":59,"column":8},"end":{"line":59,"column":31}},"49":{"start":{"line":60,"column":8},"end":{"line":60,"column":31}},"50":{"start":{"line":61,"column":8},"end":{"line":61,"column":31}},"51":{"start":{"line":62,"column":8},"end":{"line":62,"column":31}},"52":{"start":{"line":63,"column":8},"end":{"line":63,"column":31}},"53":{"start":{"line":64,"column":8},"end":{"line":64,"column":31}},"54":{"start":{"line":65,"column":8},"end":{"line":65,"column":31}},"55":{"start":{"line":66,"column":8},"end":{"line":66,"column":31}},"56":{"start":{"line":67,"column":8},"end":{"line":67,"column":31}},"57":{"start":{"line":68,"column":8},"end":{"line":68,"column":31}},"58":{"start":{"line":69,"column":8},"end":{"line":69,"column":31}},"59":{"start":{"line":70,"column":8},"end":{"line":70,"column":31}},"60":{"start":{"line":71,"column":8},"end":{"line":71,"column":31}},"61":{"start":{"line":72,"column":8},"end":{"line":72,"column":31}},"62":{"start":{"line":73,"column":8},"end":{"line":73,"column":31}},"63":{"start":{"line":74,"column":8},"end":{"line":74,"column":31}},"64":{"start":{"line":75,"column":8},"end":{"line":75,"column":31}},"65":{"start":{"line":76,"column":8},"end":{"line":76,"column":31}},"66":{"start":{"line":77,"column":8},"end":{"line":77,"column":31}},"67":{"start":{"line":78,"column":8},"end":{"line":78,"column":31}},"68":{"start":{"line":79,"column":8},"end":{"line":79,"column":31}},"69":{"start":{"line":80,"column":8},"end":{"line":80,"column":31}},"70":{"start":{"line":81,"column":8},"end":{"line":81,"column":31}},"71":{"start":{"line":82,"column":8},"end":{"line":82,"column":31}},"72":{"start":{"line":83,"column":8},"end":{"line":83,"column":31}},"73":{"start":{"line":84,"column":8},"end":{"line":84,"column":31}},"74":{"start":{"line":85,"column":8},"end":{"line":85,"column":31}},"75":{"start":{"line":86,"column":8},"end":{"line":86,"column":31}},"76":{"start":{"line":87,"column":8},"end":{"line":87,"column":31}},"77":{"start":{"line":88,"column":8},"end":{"line":88,"column":31}},"78":{"start":{"line":89,"column":8},"end":{"line":89,"column":31}},"79":{"start":{"line":90,"column":8},"end":{"line":90,"column":31}},"80":{"start":{"line":91,"column":8},"end":{"line":91,"column":32}},"81":{"start":{"line":92,"column":8},"end":{"line":92,"column":32}},"82":{"start":{"line":93,"column":8},"end":{"line":93,"column":32}},"83":{"start":{"line":94,"column":8},"end":{"line":94,"column":32}},"84":{"start":{"line":95,"column":8},"end":{"line":95,"column":32}},"85":{"start":{"line":96,"column":8},"end":{"line":96,"column":32}},"86":{"start":{"line":97,"column":8},"end":{"line":97,"column":32}},"87":{"start":{"line":98,"column":8},"end":{"line":98,"column":32}},"88":{"start":{"line":99,"column":8},"end":{"line":99,"column":32}},"89":{"start":{"line":100,"column":8},"end":{"line":100,"column":32}},"90":{"start":{"line":101,"column":8},"end":{"line":101,"column":32}},"91":{"start":{"line":102,"column":8},"end":{"line":102,"column":32}},"92":{"start":{"line":103,"column":8},"end":{"line":103,"column":32}},"93":{"start":{"line":104,"column":8},"end":{"line":104,"column":32}},"94":{"start":{"line":105,"column":8},"end":{"line":105,"column":32}},"95":{"start":{"line":106,"column":8},"end":{"line":106,"column":32}},"96":{"start":{"line":107,"column":8},"end":{"line":107,"column":32}},"97":{"start":{"line":108,"column":8},"end":{"line":108,"column":32}},"98":{"start":{"line":109,"column":8},"end":{"line":109,"column":32}},"99":{"start":{"line":110,"column":8},"end":{"line":110,"column":32}},"100":{"start":{"line":111,"column":8},"end":{"line":111,"column":32}},"101":{"start":{"line":112,"column":8},"end":{"line":112,"column":32}},"102":{"start":{"line":113,"column":8},"end":{"line":113,"column":33}},"103":{"start":{"line":114,"column":8},"end":{"line":114,"column":33}},"104":{"start":{"line":115,"column":8},"end":{"line":115,"column":33}},"105":{"start":{"line":116,"column":8},"end":{"line":116,"column":33}},"106":{"start":{"line":117,"column":8},"end":{"line":117,"column":33}},"107":{"start":{"line":118,"column":8},"end":{"line":118,"column":33}},"108":{"start":{"line":119,"column":8},"end":{"line":119,"column":33}},"109":{"start":{"line":120,"column":8},"end":{"line":120,"column":33}},"110":{"start":{"line":121,"column":8},"end":{"line":121,"column":33}},"111":{"start":{"line":122,"column":8},"end":{"line":122,"column":33}},"112":{"start":{"line":123,"column":8},"end":{"line":123,"column":33}},"113":{"start":{"line":124,"column":8},"end":{"line":124,"column":33}},"114":{"start":{"line":125,"column":8},"end":{"line":125,"column":33}},"115":{"start":{"line":126,"column":8},"end":{"line":126,"column":33}},"116":{"start":{"line":127,"column":8},"end":{"line":127,"column":33}},"117":{"start":{"line":128,"column":8},"end":{"line":128,"column":33}},"118":{"start":{"line":129,"column":8},"end":{"line":129,"column":33}},"119":{"start":{"line":130,"column":8},"end":{"line":130,"column":33}},"120":{"start":{"line":131,"column":8},"end":{"line":131,"column":33}},"121":{"start":{"line":132,"column":8},"end":{"line":132,"column":33}},"122":{"start":{"line":133,"column":8},"end":{"line":133,"column":33}},"123":{"start":{"line":134,"column":8},"end":{"line":134,"column":33}},"124":{"start":{"line":135,"column":8},"end":{"line":135,"column":33}},"125":{"start":{"line":136,"column":8},"end":{"line":136,"column":33}},"126":{"start":{"line":137,"column":8},"end":{"line":137,"column":33}},"127":{"start":{"line":138,"column":8},"end":{"line":138,"column":33}},"128":{"start":{"line":139,"column":8},"end":{"line":139,"column":33}},"129":{"start":{"line":140,"column":8},"end":{"line":140,"column":33}},"130":{"start":{"line":141,"column":8},"end":{"line":141,"column":33}},"131":{"start":{"line":142,"column":8},"end":{"line":142,"column":33}},"132":{"start":{"line":143,"column":8},"end":{"line":143,"column":33}},"133":{"start":{"line":144,"column":8},"end":{"line":144,"column":33}},"134":{"start":{"line":145,"column":8},"end":{"line":145,"column":33}},"135":{"start":{"line":146,"column":8},"end":{"line":146,"column":33}},"136":{"start":{"line":147,"column":8},"end":{"line":147,"column":33}},"137":{"start":{"line":148,"column":8},"end":{"line":148,"column":33}},"138":{"start":{"line":149,"column":8},"end":{"line":149,"column":33}},"139":{"start":{"line":150,"column":8},"end":{"line":150,"column":33}},"140":{"start":{"line":151,"column":8},"end":{"line":151,"column":33}},"141":{"start":{"line":152,"column":8},"end":{"line":152,"column":33}},"142":{"start":{"line":153,"column":8},"end":{"line":153,"column":33}},"143":{"start":{"line":154,"column":8},"end":{"line":154,"column":33}},"144":{"start":{"line":155,"column":8},"end":{"line":155,"column":33}},"145":{"start":{"line":156,"column":8},"end":{"line":156,"column":33}},"146":{"start":{"line":157,"column":8},"end":{"line":157,"column":33}},"147":{"start":{"line":158,"column":8},"end":{"line":158,"column":33}},"148":{"start":{"line":159,"column":8},"end":{"line":159,"column":33}},"149":{"start":{"line":160,"column":8},"end":{"line":160,"column":33}},"150":{"start":{"line":161,"column":8},"end":{"line":161,"column":33}},"151":{"start":{"line":162,"column":8},"end":{"line":162,"column":33}},"152":{"start":{"line":163,"column":8},"end":{"line":163,"column":33}},"153":{"start":{"line":164,"column":8},"end":{"line":164,"column":33}},"154":{"start":{"line":165,"column":8},"end":{"line":165,"column":33}},"155":{"start":{"line":166,"column":8},"end":{"line":166,"column":33}},"156":{"start":{"line":167,"column":8},"end":{"line":167,"column":33}},"157":{"start":{"line":168,"column":8},"end":{"line":168,"column":33}},"158":{"start":{"line":169,"column":8},"end":{"line":169,"column":33}},"159":{"start":{"line":170,"column":8},"end":{"line":170,"column":33}},"160":{"start":{"line":171,"column":8},"end":{"line":171,"column":33}},"161":{"start":{"line":172,"column":8},"end":{"line":172,"column":33}},"162":{"start":{"line":173,"column":8},"end":{"line":173,"column":33}},"163":{"start":{"line":174,"column":8},"end":{"line":174,"column":33}},"164":{"start":{"line":175,"column":8},"end":{"line":175,"column":33}},"165":{"start":{"line":176,"column":8},"end":{"line":176,"column":33}},"166":{"start":{"line":177,"column":8},"end":{"line":177,"column":33}},"167":{"start":{"line":178,"column":8},"end":{"line":178,"column":33}},"168":{"start":{"line":179,"column":8},"end":{"line":179,"column":33}},"169":{"start":{"line":180,"column":8},"end":{"line":180,"column":33}},"170":{"start":{"line":181,"column":8},"end":{"line":181,"column":33}},"171":{"start":{"line":182,"column":8},"end":{"line":182,"column":33}},"172":{"start":{"line":183,"column":8},"end":{"line":183,"column":33}},"173":{"start":{"line":184,"column":8},"end":{"line":184,"column":33}},"174":{"start":{"line":185,"column":8},"end":{"line":185,"column":33}},"175":{"start":{"line":186,"column":8},"end":{"line":186,"column":33}},"176":{"start":{"line":187,"column":8},"end":{"line":187,"column":33}},"177":{"start":{"line":188,"column":8},"end":{"line":188,"column":33}},"178":{"start":{"line":189,"column":8},"end":{"line":189,"column":33}},"179":{"start":{"line":190,"column":8},"end":{"line":190,"column":33}},"180":{"start":{"line":191,"column":8},"end":{"line":191,"column":33}},"181":{"start":{"line":192,"column":8},"end":{"line":192,"column":33}},"182":{"start":{"line":193,"column":8},"end":{"line":193,"column":33}},"183":{"start":{"line":194,"column":8},"end":{"line":194,"column":33}},"184":{"start":{"line":195,"column":8},"end":{"line":195,"column":33}},"185":{"start":{"line":196,"column":8},"end":{"line":196,"column":33}},"186":{"start":{"line":197,"column":8},"end":{"line":197,"column":33}},"187":{"start":{"line":198,"column":8},"end":{"line":198,"column":33}},"188":{"start":{"line":199,"column":8},"end":{"line":199,"column":33}},"189":{"start":{"line":200,"column":8},"end":{"line":200,"column":33}},"190":{"start":{"line":201,"column":8},"end":{"line":201,"column":33}},"191":{"start":{"line":202,"column":8},"end":{"line":202,"column":33}},"192":{"start":{"line":203,"column":8},"end":{"line":203,"column":33}},"193":{"start":{"line":204,"column":8},"end":{"line":204,"column":33}},"194":{"start":{"line":205,"column":8},"end":{"line":205,"column":33}},"195":{"start":{"line":206,"column":8},"end":{"line":206,"column":33}},"196":{"start":{"line":207,"column":8},"end":{"line":207,"column":33}},"197":{"start":{"line":208,"column":8},"end":{"line":208,"column":33}},"198":{"start":{"line":209,"column":8},"end":{"line":209,"column":33}},"199":{"start":{"line":210,"column":8},"end":{"line":210,"column":33}},"200":{"start":{"line":211,"column":8},"end":{"line":211,"column":33}},"201":{"start":{"line":212,"column":8},"end":{"line":212,"column":33}},"202":{"start":{"line":213,"column":8},"end":{"line":213,"column":33}},"203":{"start":{"line":214,"column":8},"end":{"line":214,"column":33}},"204":{"start":{"line":215,"column":8},"end":{"line":215,"column":33}},"205":{"start":{"line":216,"column":8},"end":{"line":216,"column":33}},"206":{"start":{"line":217,"column":8},"end":{"line":217,"column":33}},"207":{"start":{"line":218,"column":8},"end":{"line":218,"column":33}},"208":{"start":{"line":219,"column":8},"end":{"line":219,"column":33}},"209":{"start":{"line":220,"column":8},"end":{"line":220,"column":33}},"210":{"start":{"line":221,"column":8},"end":{"line":221,"column":33}},"211":{"start":{"line":222,"column":8},"end":{"line":222,"column":33}},"212":{"start":{"line":223,"column":8},"end":{"line":223,"column":33}},"213":{"start":{"line":224,"column":8},"end":{"line":224,"column":33}},"214":{"start":{"line":225,"column":8},"end":{"line":225,"column":33}},"215":{"start":{"line":226,"column":8},"end":{"line":226,"column":33}},"216":{"start":{"line":227,"column":8},"end":{"line":227,"column":33}},"217":{"start":{"line":228,"column":8},"end":{"line":228,"column":33}},"218":{"start":{"line":229,"column":8},"end":{"line":229,"column":33}},"219":{"start":{"line":230,"column":8},"end":{"line":230,"column":33}},"220":{"start":{"line":231,"column":8},"end":{"line":231,"column":33}},"221":{"start":{"line":232,"column":8},"end":{"line":232,"column":33}},"222":{"start":{"line":233,"column":8},"end":{"line":233,"column":33}},"223":{"start":{"line":234,"column":8},"end":{"line":234,"column":33}},"224":{"start":{"line":235,"column":8},"end":{"line":235,"column":33}},"225":{"start":{"line":236,"column":8},"end":{"line":236,"column":33}},"226":{"start":{"line":237,"column":8},"end":{"line":237,"column":33}},"227":{"start":{"line":238,"column":8},"end":{"line":238,"column":33}},"228":{"start":{"line":239,"column":8},"end":{"line":239,"column":33}},"229":{"start":{"line":240,"column":8},"end":{"line":240,"column":33}},"230":{"start":{"line":241,"column":8},"end":{"line":241,"column":33}},"231":{"start":{"line":242,"column":8},"end":{"line":242,"column":33}},"232":{"start":{"line":243,"column":8},"end":{"line":243,"column":33}},"233":{"start":{"line":244,"column":8},"end":{"line":244,"column":33}},"234":{"start":{"line":245,"column":8},"end":{"line":245,"column":33}},"235":{"start":{"line":246,"column":8},"end":{"line":246,"column":33}},"236":{"start":{"line":247,"column":8},"end":{"line":247,"column":33}},"237":{"start":{"line":248,"column":8},"end":{"line":248,"column":33}},"238":{"start":{"line":249,"column":8},"end":{"line":249,"column":33}},"239":{"start":{"line":250,"column":8},"end":{"line":250,"column":33}},"240":{"start":{"line":251,"column":8},"end":{"line":251,"column":33}},"241":{"start":{"line":252,"column":8},"end":{"line":252,"column":33}},"242":{"start":{"line":253,"column":8},"end":{"line":253,"column":33}},"243":{"start":{"line":254,"column":8},"end":{"line":254,"column":33}},"244":{"start":{"line":255,"column":8},"end":{"line":255,"column":33}},"245":{"start":{"line":256,"column":8},"end":{"line":256,"column":33}},"246":{"start":{"line":257,"column":8},"end":{"line":257,"column":33}},"247":{"start":{"line":258,"column":8},"end":{"line":258,"column":33}},"248":{"start":{"line":259,"column":8},"end":{"line":259,"column":33}},"249":{"start":{"line":260,"column":8},"end":{"line":260,"column":33}},"250":{"start":{"line":261,"column":8},"end":{"line":261,"column":33}},"251":{"start":{"line":262,"column":8},"end":{"line":262,"column":33}},"252":{"start":{"line":263,"column":8},"end":{"line":263,"column":33}},"253":{"start":{"line":264,"column":8},"end":{"line":264,"column":33}},"254":{"start":{"line":265,"column":8},"end":{"line":265,"column":33}},"255":{"start":{"line":266,"column":8},"end":{"line":266,"column":33}},"256":{"start":{"line":267,"column":8},"end":{"line":267,"column":33}},"257":{"start":{"line":268,"column":8},"end":{"line":268,"column":33}},"258":{"start":{"line":269,"column":8},"end":{"line":269,"column":33}},"259":{"start":{"line":270,"column":8},"end":{"line":270,"column":33}},"260":{"start":{"line":271,"column":8},"end":{"line":271,"column":33}},"261":{"start":{"line":272,"column":8},"end":{"line":272,"column":33}},"262":{"start":{"line":273,"column":8},"end":{"line":273,"column":33}},"263":{"start":{"line":274,"column":8},"end":{"line":274,"column":33}},"264":{"start":{"line":275,"column":8},"end":{"line":275,"column":33}},"265":{"start":{"line":276,"column":8},"end":{"line":276,"column":33}},"266":{"start":{"line":277,"column":8},"end":{"line":277,"column":33}},"267":{"start":{"line":278,"column":8},"end":{"line":278,"column":33}},"268":{"start":{"line":279,"column":8},"end":{"line":279,"column":33}},"269":{"start":{"line":280,"column":8},"end":{"line":280,"column":33}},"270":{"start":{"line":281,"column":8},"end":{"line":281,"column":34}},"271":{"start":{"line":282,"column":8},"end":{"line":282,"column":34}},"272":{"start":{"line":283,"column":8},"end":{"line":283,"column":34}},"273":{"start":{"line":284,"column":8},"end":{"line":284,"column":34}},"274":{"start":{"line":285,"column":8},"end":{"line":285,"column":34}},"275":{"start":{"line":286,"column":8},"end":{"line":286,"column":34}},"276":{"start":{"line":287,"column":8},"end":{"line":287,"column":34}},"277":{"start":{"line":288,"column":8},"end":{"line":288,"column":34}},"278":{"start":{"line":289,"column":8},"end":{"line":289,"column":34}},"279":{"start":{"line":290,"column":8},"end":{"line":290,"column":34}},"280":{"start":{"line":291,"column":8},"end":{"line":291,"column":34}},"281":{"start":{"line":292,"column":8},"end":{"line":292,"column":34}},"282":{"start":{"line":293,"column":8},"end":{"line":293,"column":34}},"283":{"start":{"line":294,"column":8},"end":{"line":294,"column":34}},"284":{"start":{"line":295,"column":8},"end":{"line":295,"column":34}},"285":{"start":{"line":296,"column":8},"end":{"line":296,"column":34}},"286":{"start":{"line":297,"column":8},"end":{"line":297,"column":34}},"287":{"start":{"line":298,"column":8},"end":{"line":298,"column":34}},"288":{"start":{"line":299,"column":8},"end":{"line":299,"column":34}},"289":{"start":{"line":300,"column":8},"end":{"line":300,"column":34}},"290":{"start":{"line":301,"column":8},"end":{"line":301,"column":34}},"291":{"start":{"line":302,"column":8},"end":{"line":302,"column":34}},"292":{"start":{"line":303,"column":8},"end":{"line":303,"column":34}},"293":{"start":{"line":304,"column":8},"end":{"line":304,"column":34}},"294":{"start":{"line":305,"column":8},"end":{"line":305,"column":34}},"295":{"start":{"line":306,"column":8},"end":{"line":306,"column":34}},"296":{"start":{"line":307,"column":8},"end":{"line":307,"column":34}},"297":{"start":{"line":308,"column":8},"end":{"line":308,"column":34}},"298":{"start":{"line":309,"column":8},"end":{"line":309,"column":34}},"299":{"start":{"line":310,"column":8},"end":{"line":310,"column":34}},"300":{"start":{"line":311,"column":8},"end":{"line":311,"column":34}},"301":{"start":{"line":312,"column":8},"end":{"line":312,"column":34}},"302":{"start":{"line":313,"column":8},"end":{"line":313,"column":34}},"303":{"start":{"line":315,"column":8},"end":{"line":315,"column":30}},"304":{"start":{"line":319,"column":8},"end":{"line":319,"column":69}},"305":{"start":{"line":321,"column":8},"end":{"line":321,"column":16}},"306":{"start":{"line":322,"column":8},"end":{"line":322,"column":11282}},"307":{"start":{"line":323,"column":12},"end":{"line":323,"column":44}},"308":{"start":{"line":324,"column":12},"end":{"line":324,"column":45}},"309":{"start":{"line":327,"column":8},"end":{"line":327,"column":40}},"310":{"start":{"line":331,"column":8},"end":{"line":331,"column":30}},"311":{"start":{"line":332,"column":8},"end":{"line":332,"column":65}},"312":{"start":{"line":333,"column":8},"end":{"line":333,"column":96}},"313":{"start":{"line":334,"column":8},"end":{"line":334,"column":46}},"314":{"start":{"line":338,"column":8},"end":{"line":338,"column":65}},"315":{"start":{"line":339,"column":8},"end":{"line":339,"column":96}},"316":{"start":{"line":342,"column":8},"end":{"line":342,"column":12139}},"317":{"start":{"line":343,"column":12},"end":{"line":343,"column":20}},"318":{"start":{"line":346,"column":8},"end":{"line":346,"column":12227}},"319":{"start":{"line":347,"column":12},"end":{"line":347,"column":12283}},"320":{"start":{"line":348,"column":16},"end":{"line":348,"column":24}},"321":{"start":{"line":353,"column":8},"end":{"line":353,"column":26}}},"branchMap":{"1":{"line":331,"type":"if","locations":[{"start":{"line":331,"column":8},"end":{"line":331,"column":8}},{"start":{"line":331,"column":8},"end":{"line":331,"column":8}}]},"2":{"line":342,"type":"if","locations":[{"start":{"line":342,"column":8},"end":{"line":342,"column":8}},{"start":{"line":342,"column":8},"end":{"line":342,"column":8}}]},"3":{"line":347,"type":"if","locations":[{"start":{"line":347,"column":12},"end":{"line":347,"column":12}},{"start":{"line":347,"column":12},"end":{"line":347,"column":12}}]}}},"contracts/Pools.sol":{"l":{"9":13,"10":156,"13":13,"14":130,"17":13,"18":13,"19":13,"23":0,"24":0,"26":0,"28":0,"29":0,"32":0,"33":0,"34":0,"40":13,"43":13,"45":13,"47":17,"48":13,"49":13,"52":4,"53":0,"54":0,"55":0,"56":0,"64":13,"65":0,"66":0,"69":13,"74":4,"77":4,"79":4,"81":4,"82":4,"83":4,"86":0,"87":0,"88":0,"89":0,"90":0,"97":4,"98":0,"99":0,"102":4,"106":13,"107":3,"108":6,"110":3,"111":3,"114":3,"115":9,"117":6,"118":6,"121":3},"path":"/Users/janruls1/new_path/400trx/contracts/Pools.sol","s":{"1":13,"2":156,"3":13,"4":130,"5":13,"6":13,"7":13,"8":0,"9":0,"10":0,"11":0,"12":0,"13":0,"14":0,"15":13,"16":13,"17":13,"18":17,"19":13,"20":4,"21":0,"22":0,"23":0,"24":13,"25":0,"26":0,"27":13,"28":4,"29":4,"30":4,"31":4,"32":4,"33":0,"34":0,"35":0,"36":0,"37":4,"38":0,"39":0,"40":4,"41":13,"42":3,"43":6,"44":3,"45":3,"46":3,"47":9,"48":6,"49":6,"50":3},"b":{"1":[0,0],"2":[0,0],"3":[13,0],"4":[13,4],"5":[0,4],"6":[0,13],"7":[4,0],"8":[4,0],"9":[0,0],"10":[0,4],"11":[3,10],"12":[3,3],"13":[3,6]},"f":{"1":13,"2":0,"3":13,"4":13,"5":4,"6":4,"7":13},"fnMap":{"1":{"name":"_resetPools","line":8,"loc":{"start":{"line":8,"column":4},"end":{"line":20,"column":4}}},"2":{"name":"_shiftPool","line":22,"loc":{"start":{"line":22,"column":4},"end":{"line":37,"column":4}}},"3":{"name":"_updateSponsorPoolUsers","line":39,"loc":{"start":{"line":39,"column":4},"end":{"line":60,"column":4}}},"4":{"name":"_updateUserSponsorPool","line":63,"loc":{"start":{"line":63,"column":4},"end":{"line":70,"column":4}}},"5":{"name":"_updateRefPoolUsers","line":73,"loc":{"start":{"line":73,"column":4},"end":{"line":94,"column":4}}},"6":{"name":"_updateUserRefPool","line":96,"loc":{"start":{"line":96,"column":4},"end":{"line":103,"column":4}}},"7":{"name":"drawPool","line":105,"loc":{"start":{"line":105,"column":4},"end":{"line":123,"column":4}}}},"statementMap":{"1":{"start":{"line":9,"column":8},"end":{"line":9,"column":183}},"2":{"start":{"line":10,"column":12},"end":{"line":10,"column":39}},"3":{"start":{"line":13,"column":8},"end":{"line":13,"column":295}},"4":{"start":{"line":14,"column":12},"end":{"line":14,"column":43}},"5":{"start":{"line":17,"column":8},"end":{"line":17,"column":25}},"6":{"start":{"line":18,"column":8},"end":{"line":18,"column":29}},"7":{"start":{"line":19,"column":8},"end":{"line":19,"column":35}},"8":{"start":{"line":23,"column":8},"end":{"line":23,"column":618}},"9":{"start":{"line":24,"column":12},"end":{"line":24,"column":44}},"10":{"start":{"line":26,"column":12},"end":{"line":26,"column":715}},"11":{"start":{"line":28,"column":16},"end":{"line":28,"column":786}},"12":{"start":{"line":32,"column":16},"end":{"line":32,"column":36}},"13":{"start":{"line":33,"column":16},"end":{"line":33,"column":37}},"14":{"start":{"line":34,"column":16},"end":{"line":34,"column":41}},"15":{"start":{"line":40,"column":8},"end":{"line":40,"column":1086}},"16":{"start":{"line":43,"column":12},"end":{"line":43,"column":45}},"17":{"start":{"line":45,"column":12},"end":{"line":45,"column":1416}},"18":{"start":{"line":47,"column":16},"end":{"line":47,"column":1490}},"19":{"start":{"line":48,"column":20},"end":{"line":48,"column":52}},"20":{"start":{"line":52,"column":16},"end":{"line":52,"column":1648}},"21":{"start":{"line":53,"column":20},"end":{"line":53,"column":53}},"22":{"start":{"line":54,"column":20},"end":{"line":54,"column":52}},"23":{"start":{"line":55,"column":20},"end":{"line":55,"column":64}},"24":{"start":{"line":64,"column":8},"end":{"line":64,"column":2108}},"25":{"start":{"line":65,"column":12},"end":{"line":65,"column":45}},"26":{"start":{"line":66,"column":12},"end":{"line":66,"column":38}},"27":{"start":{"line":69,"column":8},"end":{"line":69,"column":68}},"28":{"start":{"line":74,"column":8},"end":{"line":74,"column":2453}},"29":{"start":{"line":77,"column":12},"end":{"line":77,"column":45}},"30":{"start":{"line":79,"column":12},"end":{"line":79,"column":2755}},"31":{"start":{"line":81,"column":16},"end":{"line":81,"column":2825}},"32":{"start":{"line":82,"column":20},"end":{"line":82,"column":48}},"33":{"start":{"line":86,"column":16},"end":{"line":86,"column":2975}},"34":{"start":{"line":87,"column":20},"end":{"line":87,"column":49}},"35":{"start":{"line":88,"column":20},"end":{"line":88,"column":48}},"36":{"start":{"line":89,"column":20},"end":{"line":89,"column":60}},"37":{"start":{"line":97,"column":8},"end":{"line":97,"column":3359}},"38":{"start":{"line":98,"column":12},"end":{"line":98,"column":41}},"39":{"start":{"line":99,"column":12},"end":{"line":99,"column":34}},"40":{"start":{"line":102,"column":8},"end":{"line":102,"column":60}},"41":{"start":{"line":106,"column":8},"end":{"line":106,"column":3603}},"42":{"start":{"line":107,"column":12},"end":{"line":107,"column":3664}},"43":{"start":{"line":108,"column":16},"end":{"line":108,"column":56}},"44":{"start":{"line":110,"column":16},"end":{"line":110,"column":58}},"45":{"start":{"line":111,"column":16},"end":{"line":111,"column":112}},"46":{"start":{"line":114,"column":12},"end":{"line":114,"column":3974}},"47":{"start":{"line":115,"column":16},"end":{"line":115,"column":60}},"48":{"start":{"line":117,"column":16},"end":{"line":117,"column":62}},"49":{"start":{"line":118,"column":16},"end":{"line":118,"column":128}},"50":{"start":{"line":121,"column":12},"end":{"line":121,"column":24}}},"branchMap":{"1":{"line":23,"type":"if","locations":[{"start":{"line":23,"column":8},"end":{"line":23,"column":8}},{"start":{"line":23,"column":8},"end":{"line":23,"column":8}}]},"2":{"line":28,"type":"if","locations":[{"start":{"line":28,"column":16},"end":{"line":28,"column":16}},{"start":{"line":28,"column":16},"end":{"line":28,"column":16}}]},"3":{"line":40,"type":"if","locations":[{"start":{"line":40,"column":8},"end":{"line":40,"column":8}},{"start":{"line":40,"column":8},"end":{"line":40,"column":8}}]},"4":{"line":47,"type":"if","locations":[{"start":{"line":47,"column":16},"end":{"line":47,"column":16}},{"start":{"line":47,"column":16},"end":{"line":47,"column":16}}]},"5":{"line":52,"type":"if","locations":[{"start":{"line":52,"column":16},"end":{"line":52,"column":16}},{"start":{"line":52,"column":16},"end":{"line":52,"column":16}}]},"6":{"line":64,"type":"if","locations":[{"start":{"line":64,"column":8},"end":{"line":64,"column":8}},{"start":{"line":64,"column":8},"end":{"line":64,"column":8}}]},"7":{"line":74,"type":"if","locations":[{"start":{"line":74,"column":8},"end":{"line":74,"column":8}},{"start":{"line":74,"column":8},"end":{"line":74,"column":8}}]},"8":{"line":81,"type":"if","locations":[{"start":{"line":81,"column":16},"end":{"line":81,"column":16}},{"start":{"line":81,"column":16},"end":{"line":81,"column":16}}]},"9":{"line":86,"type":"if","locations":[{"start":{"line":86,"column":16},"end":{"line":86,"column":16}},{"start":{"line":86,"column":16},"end":{"line":86,"column":16}}]},"10":{"line":97,"type":"if","locations":[{"start":{"line":97,"column":8},"end":{"line":97,"column":8}},{"start":{"line":97,"column":8},"end":{"line":97,"column":8}}]},"11":{"line":106,"type":"if","locations":[{"start":{"line":106,"column":8},"end":{"line":106,"column":8}},{"start":{"line":106,"column":8},"end":{"line":106,"column":8}}]},"12":{"line":108,"type":"if","locations":[{"start":{"line":108,"column":16},"end":{"line":108,"column":16}},{"start":{"line":108,"column":16},"end":{"line":108,"column":16}}]},"13":{"line":115,"type":"if","locations":[{"start":{"line":115,"column":16},"end":{"line":115,"column":16}},{"start":{"line":115,"column":16},"end":{"line":115,"column":16}}]}}},"contracts/RewardsAndPenalties.sol":{"l":{"9":13,"10":4,"11":4,"12":4,"13":4,"14":4,"19":13,"21":13,"22":0,"24":0,"26":0,"28":0,"30":0,"32":0,"34":0,"36":0,"38":0,"40":12,"42":0,"45":13,"49":11,"51":11,"52":0,"55":11,"59":6,"60":6,"62":6,"63":2,"66":6,"70":11,"71":11,"73":11,"75":11,"77":11,"79":11,"83":11,"85":11,"86":6,"89":11,"91":11,"92":0,"95":11,"99":4,"100":4,"101":2,"104":2},"path":"/Users/janruls1/new_path/400trx/contracts/RewardsAndPenalties.sol","s":{"1":13,"2":4,"3":4,"4":4,"5":4,"6":4,"7":13,"8":13,"9":0,"10":13,"11":0,"12":13,"13":0,"14":13,"15":0,"16":13,"17":0,"18":13,"19":0,"20":13,"21":0,"22":13,"23":0,"24":13,"25":0,"26":13,"27":12,"28":1,"29":0,"30":13,"31":11,"32":11,"33":0,"34":11,"35":6,"36":6,"37":6,"38":2,"39":6,"40":11,"41":11,"42":11,"43":11,"44":11,"45":11,"46":11,"47":11,"48":6,"49":11,"50":11,"51":0,"52":11,"53":4,"54":4,"55":2,"56":2},"b":{"1":[4,9],"2":[0,13],"3":[0,13],"4":[0,13],"5":[0,13],"6":[0,13],"7":[0,13],"8":[0,13],"9":[0,13],"10":[0,13],"11":[12,1],"12":[0,1],"13":[0,11],"14":[2,4],"15":[6,5],"16":[0,11],"17":[2,2]},"f":{"1":13,"2":13,"3":11,"4":6,"5":11,"6":11,"7":4},"fnMap":{"1":{"name":"_distributeReferralReward","line":8,"loc":{"start":{"line":8,"column":4},"end":{"line":16,"column":4}}},"2":{"name":"_calcDepositRewards","line":18,"loc":{"start":{"line":18,"column":4},"end":{"line":46,"column":4}}},"3":{"name":"_calcContractBonus","line":48,"loc":{"start":{"line":48,"column":4},"end":{"line":56,"column":4}}},"4":{"name":"_calcHoldRewards","line":58,"loc":{"start":{"line":58,"column":4},"end":{"line":67,"column":4}}},"5":{"name":"_calcRewardsWithoutHoldBonus","line":69,"loc":{"start":{"line":69,"column":4},"end":{"line":80,"column":4}}},"6":{"name":"_calcRewards","line":82,"loc":{"start":{"line":82,"column":4},"end":{"line":96,"column":4}}},"7":{"name":"_calcPenalty","line":98,"loc":{"start":{"line":98,"column":4},"end":{"line":105,"column":4}}}},"statementMap":{"1":{"start":{"line":9,"column":8},"end":{"line":9,"column":218}},"2":{"start":{"line":10,"column":12},"end":{"line":10,"column":51}},"3":{"start":{"line":11,"column":12},"end":{"line":11,"column":98}},"4":{"start":{"line":12,"column":12},"end":{"line":12,"column":48}},"5":{"start":{"line":13,"column":12},"end":{"line":13,"column":53}},"6":{"start":{"line":14,"column":12},"end":{"line":14,"column":42}},"7":{"start":{"line":19,"column":8},"end":{"line":19,"column":30}},"8":{"start":{"line":21,"column":8},"end":{"line":21,"column":686}},"9":{"start":{"line":22,"column":12},"end":{"line":22,"column":29}},"10":{"start":{"line":23,"column":15},"end":{"line":23,"column":757}},"11":{"start":{"line":24,"column":12},"end":{"line":24,"column":29}},"12":{"start":{"line":25,"column":15},"end":{"line":25,"column":828}},"13":{"start":{"line":26,"column":12},"end":{"line":26,"column":29}},"14":{"start":{"line":27,"column":15},"end":{"line":27,"column":898}},"15":{"start":{"line":28,"column":12},"end":{"line":28,"column":29}},"16":{"start":{"line":29,"column":15},"end":{"line":29,"column":968}},"17":{"start":{"line":30,"column":12},"end":{"line":30,"column":29}},"18":{"start":{"line":31,"column":15},"end":{"line":31,"column":1038}},"19":{"start":{"line":32,"column":12},"end":{"line":32,"column":29}},"20":{"start":{"line":33,"column":15},"end":{"line":33,"column":1108}},"21":{"start":{"line":34,"column":12},"end":{"line":34,"column":29}},"22":{"start":{"line":35,"column":15},"end":{"line":35,"column":1177}},"23":{"start":{"line":36,"column":12},"end":{"line":36,"column":29}},"24":{"start":{"line":37,"column":15},"end":{"line":37,"column":1246}},"25":{"start":{"line":38,"column":12},"end":{"line":38,"column":28}},"26":{"start":{"line":39,"column":15},"end":{"line":39,"column":1314}},"27":{"start":{"line":40,"column":12},"end":{"line":40,"column":28}},"28":{"start":{"line":41,"column":15},"end":{"line":41,"column":1381}},"29":{"start":{"line":42,"column":12},"end":{"line":42,"column":28}},"30":{"start":{"line":45,"column":8},"end":{"line":45,"column":53}},"31":{"start":{"line":49,"column":8},"end":{"line":49,"column":123}},"32":{"start":{"line":51,"column":8},"end":{"line":51,"column":1721}},"33":{"start":{"line":52,"column":12},"end":{"line":52,"column":50}},"34":{"start":{"line":55,"column":8},"end":{"line":55,"column":66}},"35":{"start":{"line":59,"column":8},"end":{"line":59,"column":75}},"36":{"start":{"line":60,"column":8},"end":{"line":60,"column":67}},"37":{"start":{"line":62,"column":8},"end":{"line":62,"column":2141}},"38":{"start":{"line":63,"column":12},"end":{"line":63,"column":42}},"39":{"start":{"line":66,"column":8},"end":{"line":66,"column":62}},"40":{"start":{"line":70,"column":8},"end":{"line":70,"column":81}},"41":{"start":{"line":71,"column":8},"end":{"line":71,"column":53}},"42":{"start":{"line":73,"column":8},"end":{"line":73,"column":126}},"43":{"start":{"line":75,"column":8},"end":{"line":75,"column":53}},"44":{"start":{"line":77,"column":8},"end":{"line":77,"column":119}},"45":{"start":{"line":79,"column":8},"end":{"line":79,"column":43}},"46":{"start":{"line":83,"column":8},"end":{"line":83,"column":57}},"47":{"start":{"line":85,"column":8},"end":{"line":85,"column":3039}},"48":{"start":{"line":86,"column":12},"end":{"line":86,"column":56}},"49":{"start":{"line":89,"column":8},"end":{"line":89,"column":75}},"50":{"start":{"line":91,"column":8},"end":{"line":91,"column":3264}},"51":{"start":{"line":92,"column":12},"end":{"line":92,"column":31}},"52":{"start":{"line":95,"column":8},"end":{"line":95,"column":22}},"53":{"start":{"line":99,"column":8},"end":{"line":99,"column":75}},"54":{"start":{"line":100,"column":8},"end":{"line":100,"column":3551}},"55":{"start":{"line":101,"column":12},"end":{"line":101,"column":20}},"56":{"start":{"line":104,"column":8},"end":{"line":104,"column":131}}},"branchMap":{"1":{"line":9,"type":"if","locations":[{"start":{"line":9,"column":8},"end":{"line":9,"column":8}},{"start":{"line":9,"column":8},"end":{"line":9,"column":8}}]},"2":{"line":21,"type":"if","locations":[{"start":{"line":21,"column":8},"end":{"line":21,"column":8}},{"start":{"line":21,"column":8},"end":{"line":21,"column":8}}]},"3":{"line":23,"type":"if","locations":[{"start":{"line":23,"column":15},"end":{"line":23,"column":15}},{"start":{"line":23,"column":15},"end":{"line":23,"column":15}}]},"4":{"line":25,"type":"if","locations":[{"start":{"line":25,"column":15},"end":{"line":25,"column":15}},{"start":{"line":25,"column":15},"end":{"line":25,"column":15}}]},"5":{"line":27,"type":"if","locations":[{"start":{"line":27,"column":15},"end":{"line":27,"column":15}},{"start":{"line":27,"column":15},"end":{"line":27,"column":15}}]},"6":{"line":29,"type":"if","locations":[{"start":{"line":29,"column":15},"end":{"line":29,"column":15}},{"start":{"line":29,"column":15},"end":{"line":29,"column":15}}]},"7":{"line":31,"type":"if","locations":[{"start":{"line":31,"column":15},"end":{"line":31,"column":15}},{"start":{"line":31,"column":15},"end":{"line":31,"column":15}}]},"8":{"line":33,"type":"if","locations":[{"start":{"line":33,"column":15},"end":{"line":33,"column":15}},{"start":{"line":33,"column":15},"end":{"line":33,"column":15}}]},"9":{"line":35,"type":"if","locations":[{"start":{"line":35,"column":15},"end":{"line":35,"column":15}},{"start":{"line":35,"column":15},"end":{"line":35,"column":15}}]},"10":{"line":37,"type":"if","locations":[{"start":{"line":37,"column":15},"end":{"line":37,"column":15}},{"start":{"line":37,"column":15},"end":{"line":37,"column":15}}]},"11":{"line":39,"type":"if","locations":[{"start":{"line":39,"column":15},"end":{"line":39,"column":15}},{"start":{"line":39,"column":15},"end":{"line":39,"column":15}}]},"12":{"line":41,"type":"if","locations":[{"start":{"line":41,"column":15},"end":{"line":41,"column":15}},{"start":{"line":41,"column":15},"end":{"line":41,"column":15}}]},"13":{"line":51,"type":"if","locations":[{"start":{"line":51,"column":8},"end":{"line":51,"column":8}},{"start":{"line":51,"column":8},"end":{"line":51,"column":8}}]},"14":{"line":62,"type":"if","locations":[{"start":{"line":62,"column":8},"end":{"line":62,"column":8}},{"start":{"line":62,"column":8},"end":{"line":62,"column":8}}]},"15":{"line":85,"type":"if","locations":[{"start":{"line":85,"column":8},"end":{"line":85,"column":8}},{"start":{"line":85,"column":8},"end":{"line":85,"column":8}}]},"16":{"line":91,"type":"if","locations":[{"start":{"line":91,"column":8},"end":{"line":91,"column":8}},{"start":{"line":91,"column":8},"end":{"line":91,"column":8}}]},"17":{"line":100,"type":"if","locations":[{"start":{"line":100,"column":8},"end":{"line":100,"column":8}},{"start":{"line":100,"column":8},"end":{"line":100,"column":8}}]}}},"contracts/SafePercentageCalculator.sol":{"l":{"14":110,"15":110,"16":110,"20":15},"path":"/Users/janruls1/new_path/400trx/contracts/SafePercentageCalculator.sol","s":{"1":110,"2":110,"3":110,"4":15},"b":{"1":[110,0],"2":[110,0]},"f":{"1":110,"2":15},"fnMap":{"1":{"name":"_calcPercentage","line":13,"loc":{"start":{"line":13,"column":4},"end":{"line":17,"column":4}}},"2":{"name":"_calcBasisPoints","line":19,"loc":{"start":{"line":19,"column":4},"end":{"line":21,"column":4}}}},"statementMap":{"1":{"start":{"line":14,"column":8},"end":{"line":14,"column":45}},"2":{"start":{"line":15,"column":8},"end":{"line":15,"column":45}},"3":{"start":{"line":16,"column":8},"end":{"line":16,"column":61}},"4":{"start":{"line":20,"column":8},"end":{"line":20,"column":56}}},"branchMap":{"1":{"line":14,"type":"if","locations":[{"start":{"line":14,"column":8},"end":{"line":14,"column":8}},{"start":{"line":14,"column":8},"end":{"line":14,"column":8}}]},"2":{"line":15,"type":"if","locations":[{"start":{"line":15,"column":8},"end":{"line":15,"column":8}},{"start":{"line":15,"column":8},"end":{"line":15,"column":8}}]}}},"contracts/SharedVariables.sol":{"l":{},"path":"/Users/janruls1/new_path/400trx/contracts/SharedVariables.sol","s":{},"b":{},"f":{},"fnMap":{},"statementMap":{},"branchMap":{}},"contracts/utils/Utils.sol":{"l":{"12":17},"path":"/Users/janruls1/new_path/400trx/contracts/utils/Utils.sol","s":{"1":17},"b":{},"f":{"1":17},"fnMap":{"1":{"name":"_calcDays","line":11,"loc":{"start":{"line":11,"column":4},"end":{"line":13,"column":4}}}},"statementMap":{"1":{"start":{"line":12,"column":8},"end":{"line":12,"column":38}}},"branchMap":{}}}