{"contracts/Constants.sol":{"l":{},"path":"/Users/janruls1/new_path/400trx/contracts/Constants.sol","s":{},"b":{},"f":{},"fnMap":{},"statementMap":{},"branchMap":{}},"contracts/Events.sol":{"l":{},"path":"/Users/janruls1/new_path/400trx/contracts/Events.sol","s":{},"b":{},"f":{},"fnMap":{},"statementMap":{},"branchMap":{}},"contracts/FourRXFinance.sol":{"l":{"14":0,"17":0,"18":0,"19":0,"20":0,"21":0,"22":0,"23":0,"24":0,"25":0,"26":0,"27":0,"28":0,"31":0,"32":0,"33":0,"34":0,"35":0,"36":0,"37":0,"38":0,"39":0,"40":0,"42":0,"44":0,"49":0,"54":0,"56":0,"57":0,"60":0,"62":0,"64":0,"66":0,"68":0,"70":0,"71":0,"72":0,"73":0,"75":0,"76":0,"77":0,"79":0,"80":0,"82":0,"84":0,"86":0,"88":0,"89":0,"91":0,"93":0,"95":0,"96":0,"99":0,"100":0,"101":0,"102":0,"104":0,"109":0,"110":0,"112":0,"116":0,"117":0,"118":2,"120":0,"122":0,"124":0,"126":0,"128":0,"129":0,"131":0,"133":0,"134":0,"138":0,"139":0,"142":0,"144":0,"146":0,"147":0,"148":0,"150":0,"152":0,"154":0,"155":0,"156":0,"159":0,"161":0,"163":0,"167":0,"168":0,"169":0,"170":1,"171":0,"173":0,"175":0,"176":0,"177":0,"179":0,"181":0,"182":0,"183":0,"185":0,"186":0,"188":0,"189":0,"191":0,"195":0,"196":0,"197":0,"198":2,"204":0,"208":0,"212":0},"path":"/Users/janruls1/new_path/400trx/contracts/FourRXFinance.sol","s":{"1":0,"2":0,"3":0,"4":0,"5":0,"6":0,"7":0,"8":0,"9":0,"10":0,"11":0,"12":0,"13":0,"14":0,"15":0,"16":0,"17":0,"18":0,"19":0,"20":0,"21":0,"22":0,"23":0,"24":0,"25":0,"26":0,"27":0,"28":0,"29":0,"30":0,"31":0,"32":0,"33":0,"34":0,"35":0,"36":0,"37":0,"38":0,"39":0,"40":0,"41":0,"42":0,"43":0,"44":0,"45":0,"46":0,"47":0,"48":0,"49":0,"50":0,"51":0,"52":0,"53":0,"54":0,"55":0,"56":0,"57":0,"58":0,"59":0,"60":0,"61":0,"62":0,"63":0,"64":0,"65":0,"66":0,"67":0,"68":0,"69":0,"70":0,"71":0,"72":0,"73":0,"74":0,"75":0,"76":0,"77":0,"78":0,"79":0,"80":0,"81":0,"82":0,"83":0,"84":0,"85":0,"86":0,"87":0,"88":0,"89":0,"90":0,"91":0,"92":0,"93":0,"94":0,"95":0,"96":0,"97":0,"98":0,"99":0,"100":0,"101":0,"102":0,"103":0,"104":0,"105":0,"106":0,"107":0,"108":0,"109":0,"110":0,"111":0,"112":0},"b":{"1":[0,0],"2":[0,0],"3":[0,0],"4":[0,0],"5":[0,0],"6":[0,0],"7":[0,0],"8":[0,0],"9":[0,0],"10":[0,0],"11":[0,0],"12":[0,0],"13":[0,0],"14":[0,0],"15":[0,0],"16":[0,0]},"f":{"1":0,"2":0,"3":0,"4":0,"5":0,"6":0,"7":0,"8":0,"9":0},"fnMap":{"1":{"name":"constructor","line":13,"loc":{"start":{"line":13,"column":4},"end":{"line":45,"column":4}}},"2":{"name":"deposit","line":47,"loc":{"start":{"line":47,"column":4},"end":{"line":105,"column":4}}},"3":{"name":"balanceOf","line":108,"loc":{"start":{"line":108,"column":4},"end":{"line":113,"column":4}}},"4":{"name":"withdraw","line":115,"loc":{"start":{"line":115,"column":4},"end":{"line":164,"column":4}}},"5":{"name":"exitProgram","line":166,"loc":{"start":{"line":166,"column":4},"end":{"line":192,"column":4}}},"6":{"name":"insureStake","line":194,"loc":{"start":{"line":194,"column":4},"end":{"line":199,"column":4}}},"7":{"name":"getUser","line":203,"loc":{"start":{"line":203,"column":4},"end":{"line":205,"column":4}}},"8":{"name":"getPoolInfo","line":207,"loc":{"start":{"line":207,"column":4},"end":{"line":209,"column":4}}},"9":{"name":"getContractInfo","line":211,"loc":{"start":{"line":211,"column":4},"end":{"line":213,"column":4}}}},"statementMap":{"1":{"start":{"line":14,"column":8},"end":{"line":14,"column":47}},"2":{"start":{"line":17,"column":8},"end":{"line":17,"column":32}},"3":{"start":{"line":18,"column":8},"end":{"line":18,"column":32}},"4":{"start":{"line":19,"column":8},"end":{"line":19,"column":32}},"5":{"start":{"line":20,"column":8},"end":{"line":20,"column":32}},"6":{"start":{"line":21,"column":8},"end":{"line":21,"column":32}},"7":{"start":{"line":22,"column":8},"end":{"line":22,"column":31}},"8":{"start":{"line":23,"column":8},"end":{"line":23,"column":31}},"9":{"start":{"line":24,"column":8},"end":{"line":24,"column":31}},"10":{"start":{"line":25,"column":8},"end":{"line":25,"column":31}},"11":{"start":{"line":26,"column":8},"end":{"line":26,"column":31}},"12":{"start":{"line":27,"column":8},"end":{"line":27,"column":31}},"13":{"start":{"line":28,"column":8},"end":{"line":28,"column":31}},"14":{"start":{"line":31,"column":8},"end":{"line":31,"column":36}},"15":{"start":{"line":32,"column":8},"end":{"line":32,"column":36}},"16":{"start":{"line":33,"column":8},"end":{"line":33,"column":36}},"17":{"start":{"line":34,"column":8},"end":{"line":34,"column":36}},"18":{"start":{"line":35,"column":8},"end":{"line":35,"column":35}},"19":{"start":{"line":36,"column":8},"end":{"line":36,"column":35}},"20":{"start":{"line":37,"column":8},"end":{"line":37,"column":35}},"21":{"start":{"line":38,"column":8},"end":{"line":38,"column":35}},"22":{"start":{"line":39,"column":8},"end":{"line":39,"column":35}},"23":{"start":{"line":40,"column":8},"end":{"line":40,"column":35}},"24":{"start":{"line":42,"column":8},"end":{"line":42,"column":20}},"25":{"start":{"line":44,"column":8},"end":{"line":44,"column":20}},"26":{"start":{"line":49,"column":8},"end":{"line":49,"column":1659}},"27":{"start":{"line":54,"column":8},"end":{"line":54,"column":45}},"28":{"start":{"line":56,"column":8},"end":{"line":56,"column":1972}},"29":{"start":{"line":57,"column":12},"end":{"line":57,"column":93}},"30":{"start":{"line":60,"column":8},"end":{"line":60,"column":75}},"31":{"start":{"line":62,"column":8},"end":{"line":62,"column":17}},"32":{"start":{"line":64,"column":8},"end":{"line":64,"column":56}},"33":{"start":{"line":66,"column":8},"end":{"line":66,"column":26}},"34":{"start":{"line":68,"column":8},"end":{"line":68,"column":31}},"35":{"start":{"line":70,"column":8},"end":{"line":70,"column":36}},"36":{"start":{"line":71,"column":8},"end":{"line":71,"column":26}},"37":{"start":{"line":72,"column":8},"end":{"line":72,"column":48}},"38":{"start":{"line":73,"column":8},"end":{"line":73,"column":39}},"39":{"start":{"line":75,"column":8},"end":{"line":75,"column":88}},"40":{"start":{"line":76,"column":8},"end":{"line":76,"column":49}},"41":{"start":{"line":77,"column":8},"end":{"line":77,"column":49}},"42":{"start":{"line":79,"column":8},"end":{"line":79,"column":42}},"43":{"start":{"line":80,"column":8},"end":{"line":80,"column":40}},"44":{"start":{"line":82,"column":8},"end":{"line":82,"column":43}},"45":{"start":{"line":84,"column":8},"end":{"line":84,"column":47}},"46":{"start":{"line":86,"column":8},"end":{"line":86,"column":30}},"47":{"start":{"line":88,"column":8},"end":{"line":88,"column":84}},"48":{"start":{"line":89,"column":8},"end":{"line":89,"column":96}},"49":{"start":{"line":91,"column":8},"end":{"line":91,"column":76}},"50":{"start":{"line":93,"column":8},"end":{"line":93,"column":74}},"51":{"start":{"line":95,"column":8},"end":{"line":95,"column":3553}},"52":{"start":{"line":96,"column":12},"end":{"line":96,"column":54}},"53":{"start":{"line":99,"column":8},"end":{"line":99,"column":48}},"54":{"start":{"line":100,"column":8},"end":{"line":100,"column":39}},"55":{"start":{"line":101,"column":8},"end":{"line":101,"column":51}},"56":{"start":{"line":102,"column":8},"end":{"line":102,"column":67}},"57":{"start":{"line":104,"column":8},"end":{"line":104,"column":55}},"58":{"start":{"line":109,"column":8},"end":{"line":109,"column":58}},"59":{"start":{"line":110,"column":8},"end":{"line":110,"column":46}},"60":{"start":{"line":112,"column":8},"end":{"line":112,"column":85}},"61":{"start":{"line":116,"column":8},"end":{"line":116,"column":45}},"62":{"start":{"line":117,"column":8},"end":{"line":117,"column":50}},"63":{"start":{"line":118,"column":8},"end":{"line":118,"column":57}},"64":{"start":{"line":120,"column":8},"end":{"line":120,"column":65}},"65":{"start":{"line":122,"column":8},"end":{"line":122,"column":90}},"66":{"start":{"line":124,"column":8},"end":{"line":124,"column":35}},"67":{"start":{"line":126,"column":8},"end":{"line":126,"column":59}},"68":{"start":{"line":128,"column":8},"end":{"line":128,"column":4808}},"69":{"start":{"line":129,"column":12},"end":{"line":129,"column":101}},"70":{"start":{"line":131,"column":12},"end":{"line":131,"column":111}},"71":{"start":{"line":133,"column":12},"end":{"line":133,"column":5126}},"72":{"start":{"line":134,"column":16},"end":{"line":134,"column":53}},"73":{"start":{"line":138,"column":8},"end":{"line":138,"column":5257}},"74":{"start":{"line":139,"column":12},"end":{"line":139,"column":79}},"75":{"start":{"line":142,"column":8},"end":{"line":142,"column":53}},"76":{"start":{"line":144,"column":8},"end":{"line":144,"column":57}},"77":{"start":{"line":146,"column":8},"end":{"line":146,"column":61}},"78":{"start":{"line":147,"column":8},"end":{"line":147,"column":47}},"79":{"start":{"line":148,"column":8},"end":{"line":148,"column":39}},"80":{"start":{"line":150,"column":8},"end":{"line":150,"column":49}},"81":{"start":{"line":152,"column":8},"end":{"line":152,"column":47}},"82":{"start":{"line":154,"column":8},"end":{"line":154,"column":5763}},"83":{"start":{"line":155,"column":12},"end":{"line":155,"column":31}},"84":{"start":{"line":156,"column":12},"end":{"line":156,"column":55}},"85":{"start":{"line":159,"column":8},"end":{"line":159,"column":38}},"86":{"start":{"line":161,"column":8},"end":{"line":161,"column":59}},"87":{"start":{"line":163,"column":8},"end":{"line":163,"column":51}},"88":{"start":{"line":167,"column":8},"end":{"line":167,"column":45}},"89":{"start":{"line":168,"column":8},"end":{"line":168,"column":41}},"90":{"start":{"line":169,"column":8},"end":{"line":169,"column":50}},"91":{"start":{"line":170,"column":8},"end":{"line":170,"column":44}},"92":{"start":{"line":171,"column":8},"end":{"line":171,"column":76}},"93":{"start":{"line":173,"column":8},"end":{"line":173,"column":59}},"94":{"start":{"line":175,"column":8},"end":{"line":175,"column":59}},"95":{"start":{"line":176,"column":8},"end":{"line":176,"column":44}},"96":{"start":{"line":177,"column":8},"end":{"line":177,"column":55}},"97":{"start":{"line":179,"column":8},"end":{"line":179,"column":57}},"98":{"start":{"line":181,"column":8},"end":{"line":181,"column":27}},"99":{"start":{"line":182,"column":8},"end":{"line":182,"column":61}},"100":{"start":{"line":183,"column":8},"end":{"line":183,"column":55}},"101":{"start":{"line":185,"column":8},"end":{"line":185,"column":51}},"102":{"start":{"line":186,"column":8},"end":{"line":186,"column":39}},"103":{"start":{"line":188,"column":8},"end":{"line":188,"column":59}},"104":{"start":{"line":189,"column":8},"end":{"line":189,"column":53}},"105":{"start":{"line":191,"column":8},"end":{"line":191,"column":32}},"106":{"start":{"line":195,"column":8},"end":{"line":195,"column":45}},"107":{"start":{"line":196,"column":8},"end":{"line":196,"column":41}},"108":{"start":{"line":197,"column":8},"end":{"line":197,"column":50}},"109":{"start":{"line":198,"column":8},"end":{"line":198,"column":39}},"110":{"start":{"line":204,"column":8},"end":{"line":204,"column":33}},"111":{"start":{"line":208,"column":8},"end":{"line":208,"column":106}},"112":{"start":{"line":212,"column":8},"end":{"line":212,"column":229}}},"branchMap":{"1":{"line":49,"type":"if","locations":[{"start":{"line":49,"column":8},"end":{"line":49,"column":8}},{"start":{"line":49,"column":8},"end":{"line":49,"column":8}}]},"2":{"line":56,"type":"if","locations":[{"start":{"line":56,"column":8},"end":{"line":56,"column":8}},{"start":{"line":56,"column":8},"end":{"line":56,"column":8}}]},"3":{"line":57,"type":"if","locations":[{"start":{"line":57,"column":12},"end":{"line":57,"column":12}},{"start":{"line":57,"column":12},"end":{"line":57,"column":12}}]},"4":{"line":60,"type":"if","locations":[{"start":{"line":60,"column":8},"end":{"line":60,"column":8}},{"start":{"line":60,"column":8},"end":{"line":60,"column":8}}]},"5":{"line":95,"type":"if","locations":[{"start":{"line":95,"column":8},"end":{"line":95,"column":8}},{"start":{"line":95,"column":8},"end":{"line":95,"column":8}}]},"6":{"line":109,"type":"if","locations":[{"start":{"line":109,"column":8},"end":{"line":109,"column":8}},{"start":{"line":109,"column":8},"end":{"line":109,"column":8}}]},"7":{"line":118,"type":"if","locations":[{"start":{"line":118,"column":8},"end":{"line":118,"column":8}},{"start":{"line":118,"column":8},"end":{"line":118,"column":8}}]},"8":{"line":120,"type":"if","locations":[{"start":{"line":120,"column":8},"end":{"line":120,"column":8}},{"start":{"line":120,"column":8},"end":{"line":120,"column":8}}]},"9":{"line":124,"type":"if","locations":[{"start":{"line":124,"column":8},"end":{"line":124,"column":8}},{"start":{"line":124,"column":8},"end":{"line":124,"column":8}}]},"10":{"line":128,"type":"if","locations":[{"start":{"line":128,"column":8},"end":{"line":128,"column":8}},{"start":{"line":128,"column":8},"end":{"line":128,"column":8}}]},"11":{"line":133,"type":"if","locations":[{"start":{"line":133,"column":12},"end":{"line":133,"column":12}},{"start":{"line":133,"column":12},"end":{"line":133,"column":12}}]},"12":{"line":138,"type":"if","locations":[{"start":{"line":138,"column":8},"end":{"line":138,"column":8}},{"start":{"line":138,"column":8},"end":{"line":138,"column":8}}]},"13":{"line":154,"type":"if","locations":[{"start":{"line":154,"column":8},"end":{"line":154,"column":8}},{"start":{"line":154,"column":8},"end":{"line":154,"column":8}}]},"14":{"line":168,"type":"if","locations":[{"start":{"line":168,"column":8},"end":{"line":168,"column":8}},{"start":{"line":168,"column":8},"end":{"line":168,"column":8}}]},"15":{"line":176,"type":"if","locations":[{"start":{"line":176,"column":8},"end":{"line":176,"column":8}},{"start":{"line":176,"column":8},"end":{"line":176,"column":8}}]},"16":{"line":196,"type":"if","locations":[{"start":{"line":196,"column":8},"end":{"line":196,"column":8}},{"start":{"line":196,"column":8},"end":{"line":196,"column":8}}]}}},"contracts/Insurance.sol":{"l":{"15":0,"16":0,"18":0,"24":0,"26":0,"27":0,"28":0,"31":0,"33":0,"35":0,"36":0,"39":0,"43":0,"44":0,"46":0},"path":"/Users/janruls1/new_path/400trx/contracts/Insurance.sol","s":{"1":0,"2":0,"3":0,"4":0,"5":0,"6":0,"7":0,"8":0,"9":0,"10":0,"11":0,"12":0,"13":0,"14":0,"15":0},"b":{"1":[0,0],"2":[0,0],"3":[0,0],"4":[0,0],"5":[0,0],"6":[0,0]},"f":{"1":0,"2":0,"3":0},"fnMap":{"1":{"name":"_checkForBaseInsuranceTrigger","line":14,"loc":{"start":{"line":14,"column":4},"end":{"line":20,"column":4}}},"2":{"name":"_getInsuredAvailableAmount","line":22,"loc":{"start":{"line":22,"column":4},"end":{"line":40,"column":4}}},"3":{"name":"_insureStake","line":42,"loc":{"start":{"line":42,"column":4},"end":{"line":47,"column":4}}}},"statementMap":{"1":{"start":{"line":15,"column":8},"end":{"line":15,"column":570}},"2":{"start":{"line":16,"column":12},"end":{"line":16,"column":36}},"3":{"start":{"line":18,"column":12},"end":{"line":18,"column":37}},"4":{"start":{"line":24,"column":8},"end":{"line":24,"column":47}},"5":{"start":{"line":26,"column":8},"end":{"line":26,"column":47}},"6":{"start":{"line":27,"column":8},"end":{"line":27,"column":1097}},"7":{"start":{"line":28,"column":12},"end":{"line":28,"column":47}},"8":{"start":{"line":31,"column":8},"end":{"line":31,"column":78}},"9":{"start":{"line":33,"column":8},"end":{"line":33,"column":74}},"10":{"start":{"line":35,"column":8},"end":{"line":35,"column":1471}},"11":{"start":{"line":36,"column":12},"end":{"line":36,"column":89}},"12":{"start":{"line":39,"column":8},"end":{"line":39,"column":30}},"13":{"start":{"line":43,"column":8},"end":{"line":43,"column":51}},"14":{"start":{"line":44,"column":8},"end":{"line":44,"column":118}},"15":{"start":{"line":46,"column":8},"end":{"line":46,"column":32}}},"branchMap":{"1":{"line":15,"type":"if","locations":[{"start":{"line":15,"column":8},"end":{"line":15,"column":8}},{"start":{"line":15,"column":8},"end":{"line":15,"column":8}}]},"2":{"line":27,"type":"if","locations":[{"start":{"line":27,"column":8},"end":{"line":27,"column":8}},{"start":{"line":27,"column":8},"end":{"line":27,"column":8}}]},"3":{"line":33,"type":"if","locations":[{"start":{"line":33,"column":8},"end":{"line":33,"column":8}},{"start":{"line":33,"column":8},"end":{"line":33,"column":8}}]},"4":{"line":35,"type":"if","locations":[{"start":{"line":35,"column":8},"end":{"line":35,"column":8}},{"start":{"line":35,"column":8},"end":{"line":35,"column":8}}]},"5":{"line":43,"type":"if","locations":[{"start":{"line":43,"column":8},"end":{"line":43,"column":8}},{"start":{"line":43,"column":8},"end":{"line":43,"column":8}}]},"6":{"line":44,"type":"if","locations":[{"start":{"line":44,"column":8},"end":{"line":44,"column":8}},{"start":{"line":44,"column":8},"end":{"line":44,"column":8}}]}}},"contracts/InterestCalculator.sol":{"l":{"9":0,"11":0,"12":0,"13":0,"14":0,"15":0,"16":0,"17":0,"18":0,"19":0,"20":0,"21":0,"22":0,"23":0,"24":0,"25":0,"26":0,"27":0,"28":0,"29":0,"30":0,"31":0,"32":0,"33":0,"34":0,"35":0,"36":0,"37":0,"38":0,"39":0,"40":0,"41":0,"42":0,"43":0,"44":0,"45":0,"46":0,"47":0,"48":0,"49":0,"50":0,"51":0,"52":0,"53":0,"54":0,"55":0,"56":0,"57":0,"58":0,"59":0,"60":0,"61":0,"62":0,"63":0,"64":0,"65":0,"66":0,"67":0,"68":0,"69":0,"70":0,"71":0,"72":0,"73":0,"74":0,"75":0,"76":0,"77":0,"78":0,"79":0,"80":0,"81":0,"82":0,"83":0,"84":0,"85":0,"86":0,"87":0,"88":0,"89":0,"90":0,"91":0,"92":0,"93":0,"94":0,"95":0,"96":0,"97":0,"98":0,"99":0,"100":0,"101":0,"102":0,"103":0,"104":0,"105":0,"106":0,"107":0,"108":0,"109":0,"110":0,"111":0,"112":0,"113":0,"114":0,"115":0,"116":0,"117":0,"118":0,"119":0,"120":0,"121":0,"122":0,"123":0,"124":0,"125":0,"126":0,"127":0,"128":0,"129":0,"130":0,"131":0,"132":0,"133":0,"134":0,"135":0,"136":0,"137":0,"138":0,"139":0,"140":0,"141":0,"142":0,"143":0,"144":0,"145":0,"146":0,"147":0,"148":0,"149":0,"150":0,"151":0,"152":0,"153":0,"154":0,"155":0,"156":0,"157":0,"158":0,"159":0,"160":0,"161":0,"162":0,"163":0,"164":0,"165":0,"166":0,"167":0,"168":0,"169":0,"170":0,"171":0,"172":0,"173":0,"174":0,"175":0,"176":0,"177":0,"178":0,"179":0,"180":0,"181":0,"182":0,"183":0,"184":0,"185":0,"186":0,"187":0,"188":0,"189":0,"190":0,"191":0,"192":0,"193":0,"194":0,"195":0,"196":0,"197":0,"198":0,"199":0,"200":0,"201":0,"202":0,"203":0,"204":0,"205":0,"206":0,"207":0,"208":0,"209":0,"210":0,"211":0,"212":0,"213":0,"214":0,"215":0,"216":0,"217":0,"218":0,"219":0,"220":0,"221":0,"222":0,"223":0,"224":0,"225":0,"226":0,"227":0,"228":0,"229":0,"230":0,"231":0,"232":0,"233":0,"234":0,"235":0,"236":0,"237":0,"238":0,"239":0,"240":0,"241":0,"242":0,"243":0,"244":0,"245":0,"246":0,"247":0,"248":0,"249":0,"250":0,"251":0,"252":0,"253":0,"254":0,"255":0,"256":0,"257":0,"258":0,"259":0,"260":0,"261":0,"262":0,"263":0,"264":0,"265":0,"266":0,"267":0,"268":0,"269":0,"270":0,"271":0,"272":0,"273":0,"274":0,"275":0,"276":0,"277":0,"278":0,"279":0,"280":0,"281":0,"282":0,"283":0,"284":0,"285":0,"286":0,"287":0,"288":0,"289":0,"290":0,"291":0,"292":0,"293":0,"294":0,"295":0,"296":0,"297":0,"298":0,"299":0,"300":0,"301":0,"302":0,"303":0,"304":0,"305":0,"306":0,"307":0,"308":0,"309":0,"310":0,"311":0,"312":0,"313":0,"314":0,"315":0,"316":0,"317":0,"318":0,"319":0,"320":0,"321":0,"322":0,"323":0,"324":0,"325":0,"326":0,"327":0,"328":0,"329":0,"330":0,"331":0,"332":0,"333":0,"334":0,"335":0,"336":0,"337":0,"338":0,"339":0,"340":0,"341":0,"342":0,"343":0,"344":0,"345":0,"346":0,"347":0,"348":0,"349":0,"350":0,"351":0,"352":0,"353":0,"354":0,"355":0,"356":0,"357":0,"358":0,"359":0,"360":0,"361":0,"362":0,"363":0,"364":0,"365":0,"366":0,"367":0,"368":0,"369":0,"370":0,"371":0,"372":0,"373":0,"374":0,"375":0,"376":0,"378":0,"382":0,"384":0},"path":"/Users/janruls1/new_path/400trx/contracts/InterestCalculator.sol","s":{"1":0,"2":0,"3":0,"4":0,"5":0,"6":0,"7":0,"8":0,"9":0,"10":0,"11":0,"12":0,"13":0,"14":0,"15":0,"16":0,"17":0,"18":0,"19":0,"20":0,"21":0,"22":0,"23":0,"24":0,"25":0,"26":0,"27":0,"28":0,"29":0,"30":0,"31":0,"32":0,"33":0,"34":0,"35":0,"36":0,"37":0,"38":0,"39":0,"40":0,"41":0,"42":0,"43":0,"44":0,"45":0,"46":0,"47":0,"48":0,"49":0,"50":0,"51":0,"52":0,"53":0,"54":0,"55":0,"56":0,"57":0,"58":0,"59":0,"60":0,"61":0,"62":0,"63":0,"64":0,"65":0,"66":0,"67":0,"68":0,"69":0,"70":0,"71":0,"72":0,"73":0,"74":0,"75":0,"76":0,"77":0,"78":0,"79":0,"80":0,"81":0,"82":0,"83":0,"84":0,"85":0,"86":0,"87":0,"88":0,"89":0,"90":0,"91":0,"92":0,"93":0,"94":0,"95":0,"96":0,"97":0,"98":0,"99":0,"100":0,"101":0,"102":0,"103":0,"104":0,"105":0,"106":0,"107":0,"108":0,"109":0,"110":0,"111":0,"112":0,"113":0,"114":0,"115":0,"116":0,"117":0,"118":0,"119":0,"120":0,"121":0,"122":0,"123":0,"124":0,"125":0,"126":0,"127":0,"128":0,"129":0,"130":0,"131":0,"132":0,"133":0,"134":0,"135":0,"136":0,"137":0,"138":0,"139":0,"140":0,"141":0,"142":0,"143":0,"144":0,"145":0,"146":0,"147":0,"148":0,"149":0,"150":0,"151":0,"152":0,"153":0,"154":0,"155":0,"156":0,"157":0,"158":0,"159":0,"160":0,"161":0,"162":0,"163":0,"164":0,"165":0,"166":0,"167":0,"168":0,"169":0,"170":0,"171":0,"172":0,"173":0,"174":0,"175":0,"176":0,"177":0,"178":0,"179":0,"180":0,"181":0,"182":0,"183":0,"184":0,"185":0,"186":0,"187":0,"188":0,"189":0,"190":0,"191":0,"192":0,"193":0,"194":0,"195":0,"196":0,"197":0,"198":0,"199":0,"200":0,"201":0,"202":0,"203":0,"204":0,"205":0,"206":0,"207":0,"208":0,"209":0,"210":0,"211":0,"212":0,"213":0,"214":0,"215":0,"216":0,"217":0,"218":0,"219":0,"220":0,"221":0,"222":0,"223":0,"224":0,"225":0,"226":0,"227":0,"228":0,"229":0,"230":0,"231":0,"232":0,"233":0,"234":0,"235":0,"236":0,"237":0,"238":0,"239":0,"240":0,"241":0,"242":0,"243":0,"244":0,"245":0,"246":0,"247":0,"248":0,"249":0,"250":0,"251":0,"252":0,"253":0,"254":0,"255":0,"256":0,"257":0,"258":0,"259":0,"260":0,"261":0,"262":0,"263":0,"264":0,"265":0,"266":0,"267":0,"268":0,"269":0,"270":0,"271":0,"272":0,"273":0,"274":0,"275":0,"276":0,"277":0,"278":0,"279":0,"280":0,"281":0,"282":0,"283":0,"284":0,"285":0,"286":0,"287":0,"288":0,"289":0,"290":0,"291":0,"292":0,"293":0,"294":0,"295":0,"296":0,"297":0,"298":0,"299":0,"300":0,"301":0,"302":0,"303":0,"304":0,"305":0,"306":0,"307":0,"308":0,"309":0,"310":0,"311":0,"312":0,"313":0,"314":0,"315":0,"316":0,"317":0,"318":0,"319":0,"320":0,"321":0,"322":0,"323":0,"324":0,"325":0,"326":0,"327":0,"328":0,"329":0,"330":0,"331":0,"332":0,"333":0,"334":0,"335":0,"336":0,"337":0,"338":0,"339":0,"340":0,"341":0,"342":0,"343":0,"344":0,"345":0,"346":0,"347":0,"348":0,"349":0,"350":0,"351":0,"352":0,"353":0,"354":0,"355":0,"356":0,"357":0,"358":0,"359":0,"360":0,"361":0,"362":0,"363":0,"364":0,"365":0,"366":0,"367":0,"368":0,"369":0,"370":0},"b":{"1":[0,0]},"f":{"1":0,"2":0},"fnMap":{"1":{"name":"_initCumulativeInterestForDays","line":8,"loc":{"start":{"line":8,"column":4},"end":{"line":379,"column":4}}},"2":{"name":"_getInterestTillDays","line":381,"loc":{"start":{"line":381,"column":4},"end":{"line":385,"column":4}}}},"statementMap":{"1":{"start":{"line":9,"column":8},"end":{"line":9,"column":70}},"2":{"start":{"line":11,"column":8},"end":{"line":11,"column":39}},"3":{"start":{"line":12,"column":8},"end":{"line":12,"column":39}},"4":{"start":{"line":13,"column":8},"end":{"line":13,"column":39}},"5":{"start":{"line":14,"column":8},"end":{"line":14,"column":39}},"6":{"start":{"line":15,"column":8},"end":{"line":15,"column":39}},"7":{"start":{"line":16,"column":8},"end":{"line":16,"column":39}},"8":{"start":{"line":17,"column":8},"end":{"line":17,"column":39}},"9":{"start":{"line":18,"column":8},"end":{"line":18,"column":40}},"10":{"start":{"line":19,"column":8},"end":{"line":19,"column":40}},"11":{"start":{"line":20,"column":8},"end":{"line":20,"column":40}},"12":{"start":{"line":21,"column":8},"end":{"line":21,"column":41}},"13":{"start":{"line":22,"column":8},"end":{"line":22,"column":41}},"14":{"start":{"line":23,"column":8},"end":{"line":23,"column":41}},"15":{"start":{"line":24,"column":8},"end":{"line":24,"column":41}},"16":{"start":{"line":25,"column":8},"end":{"line":25,"column":41}},"17":{"start":{"line":26,"column":8},"end":{"line":26,"column":41}},"18":{"start":{"line":27,"column":8},"end":{"line":27,"column":41}},"19":{"start":{"line":28,"column":8},"end":{"line":28,"column":41}},"20":{"start":{"line":29,"column":8},"end":{"line":29,"column":41}},"21":{"start":{"line":30,"column":8},"end":{"line":30,"column":41}},"22":{"start":{"line":31,"column":8},"end":{"line":31,"column":41}},"23":{"start":{"line":32,"column":8},"end":{"line":32,"column":41}},"24":{"start":{"line":33,"column":8},"end":{"line":33,"column":41}},"25":{"start":{"line":34,"column":8},"end":{"line":34,"column":41}},"26":{"start":{"line":35,"column":8},"end":{"line":35,"column":42}},"27":{"start":{"line":36,"column":8},"end":{"line":36,"column":42}},"28":{"start":{"line":37,"column":8},"end":{"line":37,"column":42}},"29":{"start":{"line":38,"column":8},"end":{"line":38,"column":42}},"30":{"start":{"line":39,"column":8},"end":{"line":39,"column":42}},"31":{"start":{"line":40,"column":8},"end":{"line":40,"column":42}},"32":{"start":{"line":41,"column":8},"end":{"line":41,"column":42}},"33":{"start":{"line":42,"column":8},"end":{"line":42,"column":42}},"34":{"start":{"line":43,"column":8},"end":{"line":43,"column":42}},"35":{"start":{"line":44,"column":8},"end":{"line":44,"column":42}},"36":{"start":{"line":45,"column":8},"end":{"line":45,"column":42}},"37":{"start":{"line":46,"column":8},"end":{"line":46,"column":42}},"38":{"start":{"line":47,"column":8},"end":{"line":47,"column":42}},"39":{"start":{"line":48,"column":8},"end":{"line":48,"column":42}},"40":{"start":{"line":49,"column":8},"end":{"line":49,"column":42}},"41":{"start":{"line":50,"column":8},"end":{"line":50,"column":42}},"42":{"start":{"line":51,"column":8},"end":{"line":51,"column":42}},"43":{"start":{"line":52,"column":8},"end":{"line":52,"column":42}},"44":{"start":{"line":53,"column":8},"end":{"line":53,"column":42}},"45":{"start":{"line":54,"column":8},"end":{"line":54,"column":42}},"46":{"start":{"line":55,"column":8},"end":{"line":55,"column":42}},"47":{"start":{"line":56,"column":8},"end":{"line":56,"column":42}},"48":{"start":{"line":57,"column":8},"end":{"line":57,"column":42}},"49":{"start":{"line":58,"column":8},"end":{"line":58,"column":42}},"50":{"start":{"line":59,"column":8},"end":{"line":59,"column":42}},"51":{"start":{"line":60,"column":8},"end":{"line":60,"column":42}},"52":{"start":{"line":61,"column":8},"end":{"line":61,"column":42}},"53":{"start":{"line":62,"column":8},"end":{"line":62,"column":42}},"54":{"start":{"line":63,"column":8},"end":{"line":63,"column":42}},"55":{"start":{"line":64,"column":8},"end":{"line":64,"column":42}},"56":{"start":{"line":65,"column":8},"end":{"line":65,"column":42}},"57":{"start":{"line":66,"column":8},"end":{"line":66,"column":42}},"58":{"start":{"line":67,"column":8},"end":{"line":67,"column":42}},"59":{"start":{"line":68,"column":8},"end":{"line":68,"column":42}},"60":{"start":{"line":69,"column":8},"end":{"line":69,"column":42}},"61":{"start":{"line":70,"column":8},"end":{"line":70,"column":42}},"62":{"start":{"line":71,"column":8},"end":{"line":71,"column":42}},"63":{"start":{"line":72,"column":8},"end":{"line":72,"column":42}},"64":{"start":{"line":73,"column":8},"end":{"line":73,"column":42}},"65":{"start":{"line":74,"column":8},"end":{"line":74,"column":42}},"66":{"start":{"line":75,"column":8},"end":{"line":75,"column":42}},"67":{"start":{"line":76,"column":8},"end":{"line":76,"column":42}},"68":{"start":{"line":77,"column":8},"end":{"line":77,"column":42}},"69":{"start":{"line":78,"column":8},"end":{"line":78,"column":42}},"70":{"start":{"line":79,"column":8},"end":{"line":79,"column":42}},"71":{"start":{"line":80,"column":8},"end":{"line":80,"column":42}},"72":{"start":{"line":81,"column":8},"end":{"line":81,"column":42}},"73":{"start":{"line":82,"column":8},"end":{"line":82,"column":42}},"74":{"start":{"line":83,"column":8},"end":{"line":83,"column":43}},"75":{"start":{"line":84,"column":8},"end":{"line":84,"column":43}},"76":{"start":{"line":85,"column":8},"end":{"line":85,"column":43}},"77":{"start":{"line":86,"column":8},"end":{"line":86,"column":43}},"78":{"start":{"line":87,"column":8},"end":{"line":87,"column":43}},"79":{"start":{"line":88,"column":8},"end":{"line":88,"column":43}},"80":{"start":{"line":89,"column":8},"end":{"line":89,"column":43}},"81":{"start":{"line":90,"column":8},"end":{"line":90,"column":43}},"82":{"start":{"line":91,"column":8},"end":{"line":91,"column":43}},"83":{"start":{"line":92,"column":8},"end":{"line":92,"column":43}},"84":{"start":{"line":93,"column":8},"end":{"line":93,"column":43}},"85":{"start":{"line":94,"column":8},"end":{"line":94,"column":43}},"86":{"start":{"line":95,"column":8},"end":{"line":95,"column":43}},"87":{"start":{"line":96,"column":8},"end":{"line":96,"column":43}},"88":{"start":{"line":97,"column":8},"end":{"line":97,"column":43}},"89":{"start":{"line":98,"column":8},"end":{"line":98,"column":43}},"90":{"start":{"line":99,"column":8},"end":{"line":99,"column":43}},"91":{"start":{"line":100,"column":8},"end":{"line":100,"column":43}},"92":{"start":{"line":101,"column":8},"end":{"line":101,"column":43}},"93":{"start":{"line":102,"column":8},"end":{"line":102,"column":43}},"94":{"start":{"line":103,"column":8},"end":{"line":103,"column":43}},"95":{"start":{"line":104,"column":8},"end":{"line":104,"column":43}},"96":{"start":{"line":105,"column":8},"end":{"line":105,"column":43}},"97":{"start":{"line":106,"column":8},"end":{"line":106,"column":43}},"98":{"start":{"line":107,"column":8},"end":{"line":107,"column":43}},"99":{"start":{"line":108,"column":8},"end":{"line":108,"column":43}},"100":{"start":{"line":109,"column":8},"end":{"line":109,"column":43}},"101":{"start":{"line":110,"column":8},"end":{"line":110,"column":43}},"102":{"start":{"line":111,"column":8},"end":{"line":111,"column":44}},"103":{"start":{"line":112,"column":8},"end":{"line":112,"column":44}},"104":{"start":{"line":113,"column":8},"end":{"line":113,"column":44}},"105":{"start":{"line":114,"column":8},"end":{"line":114,"column":44}},"106":{"start":{"line":115,"column":8},"end":{"line":115,"column":44}},"107":{"start":{"line":116,"column":8},"end":{"line":116,"column":44}},"108":{"start":{"line":117,"column":8},"end":{"line":117,"column":44}},"109":{"start":{"line":118,"column":8},"end":{"line":118,"column":44}},"110":{"start":{"line":119,"column":8},"end":{"line":119,"column":44}},"111":{"start":{"line":120,"column":8},"end":{"line":120,"column":44}},"112":{"start":{"line":121,"column":8},"end":{"line":121,"column":44}},"113":{"start":{"line":122,"column":8},"end":{"line":122,"column":44}},"114":{"start":{"line":123,"column":8},"end":{"line":123,"column":44}},"115":{"start":{"line":124,"column":8},"end":{"line":124,"column":44}},"116":{"start":{"line":125,"column":8},"end":{"line":125,"column":44}},"117":{"start":{"line":126,"column":8},"end":{"line":126,"column":44}},"118":{"start":{"line":127,"column":8},"end":{"line":127,"column":44}},"119":{"start":{"line":128,"column":8},"end":{"line":128,"column":44}},"120":{"start":{"line":129,"column":8},"end":{"line":129,"column":44}},"121":{"start":{"line":130,"column":8},"end":{"line":130,"column":44}},"122":{"start":{"line":131,"column":8},"end":{"line":131,"column":44}},"123":{"start":{"line":132,"column":8},"end":{"line":132,"column":44}},"124":{"start":{"line":133,"column":8},"end":{"line":133,"column":44}},"125":{"start":{"line":134,"column":8},"end":{"line":134,"column":44}},"126":{"start":{"line":135,"column":8},"end":{"line":135,"column":44}},"127":{"start":{"line":136,"column":8},"end":{"line":136,"column":44}},"128":{"start":{"line":137,"column":8},"end":{"line":137,"column":44}},"129":{"start":{"line":138,"column":8},"end":{"line":138,"column":44}},"130":{"start":{"line":139,"column":8},"end":{"line":139,"column":44}},"131":{"start":{"line":140,"column":8},"end":{"line":140,"column":44}},"132":{"start":{"line":141,"column":8},"end":{"line":141,"column":44}},"133":{"start":{"line":142,"column":8},"end":{"line":142,"column":44}},"134":{"start":{"line":143,"column":8},"end":{"line":143,"column":44}},"135":{"start":{"line":144,"column":8},"end":{"line":144,"column":44}},"136":{"start":{"line":145,"column":8},"end":{"line":145,"column":44}},"137":{"start":{"line":146,"column":8},"end":{"line":146,"column":44}},"138":{"start":{"line":147,"column":8},"end":{"line":147,"column":44}},"139":{"start":{"line":148,"column":8},"end":{"line":148,"column":44}},"140":{"start":{"line":149,"column":8},"end":{"line":149,"column":44}},"141":{"start":{"line":150,"column":8},"end":{"line":150,"column":44}},"142":{"start":{"line":151,"column":8},"end":{"line":151,"column":44}},"143":{"start":{"line":152,"column":8},"end":{"line":152,"column":44}},"144":{"start":{"line":153,"column":8},"end":{"line":153,"column":44}},"145":{"start":{"line":154,"column":8},"end":{"line":154,"column":44}},"146":{"start":{"line":155,"column":8},"end":{"line":155,"column":44}},"147":{"start":{"line":156,"column":8},"end":{"line":156,"column":44}},"148":{"start":{"line":157,"column":8},"end":{"line":157,"column":44}},"149":{"start":{"line":158,"column":8},"end":{"line":158,"column":44}},"150":{"start":{"line":159,"column":8},"end":{"line":159,"column":44}},"151":{"start":{"line":160,"column":8},"end":{"line":160,"column":44}},"152":{"start":{"line":161,"column":8},"end":{"line":161,"column":44}},"153":{"start":{"line":162,"column":8},"end":{"line":162,"column":44}},"154":{"start":{"line":163,"column":8},"end":{"line":163,"column":44}},"155":{"start":{"line":164,"column":8},"end":{"line":164,"column":44}},"156":{"start":{"line":165,"column":8},"end":{"line":165,"column":44}},"157":{"start":{"line":166,"column":8},"end":{"line":166,"column":44}},"158":{"start":{"line":167,"column":8},"end":{"line":167,"column":44}},"159":{"start":{"line":168,"column":8},"end":{"line":168,"column":44}},"160":{"start":{"line":169,"column":8},"end":{"line":169,"column":44}},"161":{"start":{"line":170,"column":8},"end":{"line":170,"column":44}},"162":{"start":{"line":171,"column":8},"end":{"line":171,"column":44}},"163":{"start":{"line":172,"column":8},"end":{"line":172,"column":44}},"164":{"start":{"line":173,"column":8},"end":{"line":173,"column":44}},"165":{"start":{"line":174,"column":8},"end":{"line":174,"column":44}},"166":{"start":{"line":175,"column":8},"end":{"line":175,"column":44}},"167":{"start":{"line":176,"column":8},"end":{"line":176,"column":44}},"168":{"start":{"line":177,"column":8},"end":{"line":177,"column":44}},"169":{"start":{"line":178,"column":8},"end":{"line":178,"column":44}},"170":{"start":{"line":179,"column":8},"end":{"line":179,"column":44}},"171":{"start":{"line":180,"column":8},"end":{"line":180,"column":44}},"172":{"start":{"line":181,"column":8},"end":{"line":181,"column":44}},"173":{"start":{"line":182,"column":8},"end":{"line":182,"column":44}},"174":{"start":{"line":183,"column":8},"end":{"line":183,"column":44}},"175":{"start":{"line":184,"column":8},"end":{"line":184,"column":44}},"176":{"start":{"line":185,"column":8},"end":{"line":185,"column":44}},"177":{"start":{"line":186,"column":8},"end":{"line":186,"column":44}},"178":{"start":{"line":187,"column":8},"end":{"line":187,"column":44}},"179":{"start":{"line":188,"column":8},"end":{"line":188,"column":44}},"180":{"start":{"line":189,"column":8},"end":{"line":189,"column":44}},"181":{"start":{"line":190,"column":8},"end":{"line":190,"column":44}},"182":{"start":{"line":191,"column":8},"end":{"line":191,"column":44}},"183":{"start":{"line":192,"column":8},"end":{"line":192,"column":44}},"184":{"start":{"line":193,"column":8},"end":{"line":193,"column":44}},"185":{"start":{"line":194,"column":8},"end":{"line":194,"column":44}},"186":{"start":{"line":195,"column":8},"end":{"line":195,"column":44}},"187":{"start":{"line":196,"column":8},"end":{"line":196,"column":44}},"188":{"start":{"line":197,"column":8},"end":{"line":197,"column":44}},"189":{"start":{"line":198,"column":8},"end":{"line":198,"column":44}},"190":{"start":{"line":199,"column":8},"end":{"line":199,"column":44}},"191":{"start":{"line":200,"column":8},"end":{"line":200,"column":44}},"192":{"start":{"line":201,"column":8},"end":{"line":201,"column":44}},"193":{"start":{"line":202,"column":8},"end":{"line":202,"column":44}},"194":{"start":{"line":203,"column":8},"end":{"line":203,"column":44}},"195":{"start":{"line":204,"column":8},"end":{"line":204,"column":44}},"196":{"start":{"line":205,"column":8},"end":{"line":205,"column":44}},"197":{"start":{"line":206,"column":8},"end":{"line":206,"column":44}},"198":{"start":{"line":207,"column":8},"end":{"line":207,"column":44}},"199":{"start":{"line":208,"column":8},"end":{"line":208,"column":44}},"200":{"start":{"line":209,"column":8},"end":{"line":209,"column":44}},"201":{"start":{"line":210,"column":8},"end":{"line":210,"column":44}},"202":{"start":{"line":211,"column":8},"end":{"line":211,"column":44}},"203":{"start":{"line":212,"column":8},"end":{"line":212,"column":44}},"204":{"start":{"line":213,"column":8},"end":{"line":213,"column":44}},"205":{"start":{"line":214,"column":8},"end":{"line":214,"column":44}},"206":{"start":{"line":215,"column":8},"end":{"line":215,"column":44}},"207":{"start":{"line":216,"column":8},"end":{"line":216,"column":44}},"208":{"start":{"line":217,"column":8},"end":{"line":217,"column":44}},"209":{"start":{"line":218,"column":8},"end":{"line":218,"column":44}},"210":{"start":{"line":219,"column":8},"end":{"line":219,"column":44}},"211":{"start":{"line":220,"column":8},"end":{"line":220,"column":44}},"212":{"start":{"line":221,"column":8},"end":{"line":221,"column":45}},"213":{"start":{"line":222,"column":8},"end":{"line":222,"column":45}},"214":{"start":{"line":223,"column":8},"end":{"line":223,"column":45}},"215":{"start":{"line":224,"column":8},"end":{"line":224,"column":45}},"216":{"start":{"line":225,"column":8},"end":{"line":225,"column":45}},"217":{"start":{"line":226,"column":8},"end":{"line":226,"column":45}},"218":{"start":{"line":227,"column":8},"end":{"line":227,"column":45}},"219":{"start":{"line":228,"column":8},"end":{"line":228,"column":45}},"220":{"start":{"line":229,"column":8},"end":{"line":229,"column":45}},"221":{"start":{"line":230,"column":8},"end":{"line":230,"column":45}},"222":{"start":{"line":231,"column":8},"end":{"line":231,"column":45}},"223":{"start":{"line":232,"column":8},"end":{"line":232,"column":45}},"224":{"start":{"line":233,"column":8},"end":{"line":233,"column":45}},"225":{"start":{"line":234,"column":8},"end":{"line":234,"column":45}},"226":{"start":{"line":235,"column":8},"end":{"line":235,"column":45}},"227":{"start":{"line":236,"column":8},"end":{"line":236,"column":45}},"228":{"start":{"line":237,"column":8},"end":{"line":237,"column":45}},"229":{"start":{"line":238,"column":8},"end":{"line":238,"column":45}},"230":{"start":{"line":239,"column":8},"end":{"line":239,"column":45}},"231":{"start":{"line":240,"column":8},"end":{"line":240,"column":45}},"232":{"start":{"line":241,"column":8},"end":{"line":241,"column":45}},"233":{"start":{"line":242,"column":8},"end":{"line":242,"column":45}},"234":{"start":{"line":243,"column":8},"end":{"line":243,"column":45}},"235":{"start":{"line":244,"column":8},"end":{"line":244,"column":45}},"236":{"start":{"line":245,"column":8},"end":{"line":245,"column":45}},"237":{"start":{"line":246,"column":8},"end":{"line":246,"column":45}},"238":{"start":{"line":247,"column":8},"end":{"line":247,"column":45}},"239":{"start":{"line":248,"column":8},"end":{"line":248,"column":45}},"240":{"start":{"line":249,"column":8},"end":{"line":249,"column":45}},"241":{"start":{"line":250,"column":8},"end":{"line":250,"column":45}},"242":{"start":{"line":251,"column":8},"end":{"line":251,"column":45}},"243":{"start":{"line":252,"column":8},"end":{"line":252,"column":45}},"244":{"start":{"line":253,"column":8},"end":{"line":253,"column":45}},"245":{"start":{"line":254,"column":8},"end":{"line":254,"column":45}},"246":{"start":{"line":255,"column":8},"end":{"line":255,"column":45}},"247":{"start":{"line":256,"column":8},"end":{"line":256,"column":45}},"248":{"start":{"line":257,"column":8},"end":{"line":257,"column":45}},"249":{"start":{"line":258,"column":8},"end":{"line":258,"column":45}},"250":{"start":{"line":259,"column":8},"end":{"line":259,"column":45}},"251":{"start":{"line":260,"column":8},"end":{"line":260,"column":45}},"252":{"start":{"line":261,"column":8},"end":{"line":261,"column":45}},"253":{"start":{"line":262,"column":8},"end":{"line":262,"column":45}},"254":{"start":{"line":263,"column":8},"end":{"line":263,"column":45}},"255":{"start":{"line":264,"column":8},"end":{"line":264,"column":45}},"256":{"start":{"line":265,"column":8},"end":{"line":265,"column":45}},"257":{"start":{"line":266,"column":8},"end":{"line":266,"column":45}},"258":{"start":{"line":267,"column":8},"end":{"line":267,"column":45}},"259":{"start":{"line":268,"column":8},"end":{"line":268,"column":45}},"260":{"start":{"line":269,"column":8},"end":{"line":269,"column":45}},"261":{"start":{"line":270,"column":8},"end":{"line":270,"column":45}},"262":{"start":{"line":271,"column":8},"end":{"line":271,"column":45}},"263":{"start":{"line":272,"column":8},"end":{"line":272,"column":45}},"264":{"start":{"line":273,"column":8},"end":{"line":273,"column":45}},"265":{"start":{"line":274,"column":8},"end":{"line":274,"column":45}},"266":{"start":{"line":275,"column":8},"end":{"line":275,"column":45}},"267":{"start":{"line":276,"column":8},"end":{"line":276,"column":45}},"268":{"start":{"line":277,"column":8},"end":{"line":277,"column":45}},"269":{"start":{"line":278,"column":8},"end":{"line":278,"column":45}},"270":{"start":{"line":279,"column":8},"end":{"line":279,"column":45}},"271":{"start":{"line":280,"column":8},"end":{"line":280,"column":45}},"272":{"start":{"line":281,"column":8},"end":{"line":281,"column":45}},"273":{"start":{"line":282,"column":8},"end":{"line":282,"column":45}},"274":{"start":{"line":283,"column":8},"end":{"line":283,"column":45}},"275":{"start":{"line":284,"column":8},"end":{"line":284,"column":45}},"276":{"start":{"line":285,"column":8},"end":{"line":285,"column":45}},"277":{"start":{"line":286,"column":8},"end":{"line":286,"column":45}},"278":{"start":{"line":287,"column":8},"end":{"line":287,"column":45}},"279":{"start":{"line":288,"column":8},"end":{"line":288,"column":45}},"280":{"start":{"line":289,"column":8},"end":{"line":289,"column":45}},"281":{"start":{"line":290,"column":8},"end":{"line":290,"column":45}},"282":{"start":{"line":291,"column":8},"end":{"line":291,"column":45}},"283":{"start":{"line":292,"column":8},"end":{"line":292,"column":45}},"284":{"start":{"line":293,"column":8},"end":{"line":293,"column":45}},"285":{"start":{"line":294,"column":8},"end":{"line":294,"column":45}},"286":{"start":{"line":295,"column":8},"end":{"line":295,"column":45}},"287":{"start":{"line":296,"column":8},"end":{"line":296,"column":45}},"288":{"start":{"line":297,"column":8},"end":{"line":297,"column":45}},"289":{"start":{"line":298,"column":8},"end":{"line":298,"column":45}},"290":{"start":{"line":299,"column":8},"end":{"line":299,"column":45}},"291":{"start":{"line":300,"column":8},"end":{"line":300,"column":45}},"292":{"start":{"line":301,"column":8},"end":{"line":301,"column":45}},"293":{"start":{"line":302,"column":8},"end":{"line":302,"column":45}},"294":{"start":{"line":303,"column":8},"end":{"line":303,"column":45}},"295":{"start":{"line":304,"column":8},"end":{"line":304,"column":45}},"296":{"start":{"line":305,"column":8},"end":{"line":305,"column":45}},"297":{"start":{"line":306,"column":8},"end":{"line":306,"column":45}},"298":{"start":{"line":307,"column":8},"end":{"line":307,"column":45}},"299":{"start":{"line":308,"column":8},"end":{"line":308,"column":45}},"300":{"start":{"line":309,"column":8},"end":{"line":309,"column":45}},"301":{"start":{"line":310,"column":8},"end":{"line":310,"column":45}},"302":{"start":{"line":311,"column":8},"end":{"line":311,"column":45}},"303":{"start":{"line":312,"column":8},"end":{"line":312,"column":45}},"304":{"start":{"line":313,"column":8},"end":{"line":313,"column":45}},"305":{"start":{"line":314,"column":8},"end":{"line":314,"column":45}},"306":{"start":{"line":315,"column":8},"end":{"line":315,"column":45}},"307":{"start":{"line":316,"column":8},"end":{"line":316,"column":45}},"308":{"start":{"line":317,"column":8},"end":{"line":317,"column":45}},"309":{"start":{"line":318,"column":8},"end":{"line":318,"column":45}},"310":{"start":{"line":319,"column":8},"end":{"line":319,"column":45}},"311":{"start":{"line":320,"column":8},"end":{"line":320,"column":45}},"312":{"start":{"line":321,"column":8},"end":{"line":321,"column":45}},"313":{"start":{"line":322,"column":8},"end":{"line":322,"column":45}},"314":{"start":{"line":323,"column":8},"end":{"line":323,"column":45}},"315":{"start":{"line":324,"column":8},"end":{"line":324,"column":45}},"316":{"start":{"line":325,"column":8},"end":{"line":325,"column":45}},"317":{"start":{"line":326,"column":8},"end":{"line":326,"column":45}},"318":{"start":{"line":327,"column":8},"end":{"line":327,"column":45}},"319":{"start":{"line":328,"column":8},"end":{"line":328,"column":45}},"320":{"start":{"line":329,"column":8},"end":{"line":329,"column":45}},"321":{"start":{"line":330,"column":8},"end":{"line":330,"column":45}},"322":{"start":{"line":331,"column":8},"end":{"line":331,"column":45}},"323":{"start":{"line":332,"column":8},"end":{"line":332,"column":45}},"324":{"start":{"line":333,"column":8},"end":{"line":333,"column":45}},"325":{"start":{"line":334,"column":8},"end":{"line":334,"column":45}},"326":{"start":{"line":335,"column":8},"end":{"line":335,"column":45}},"327":{"start":{"line":336,"column":8},"end":{"line":336,"column":45}},"328":{"start":{"line":337,"column":8},"end":{"line":337,"column":45}},"329":{"start":{"line":338,"column":8},"end":{"line":338,"column":45}},"330":{"start":{"line":339,"column":8},"end":{"line":339,"column":45}},"331":{"start":{"line":340,"column":8},"end":{"line":340,"column":45}},"332":{"start":{"line":341,"column":8},"end":{"line":341,"column":45}},"333":{"start":{"line":342,"column":8},"end":{"line":342,"column":45}},"334":{"start":{"line":343,"column":8},"end":{"line":343,"column":45}},"335":{"start":{"line":344,"column":8},"end":{"line":344,"column":45}},"336":{"start":{"line":345,"column":8},"end":{"line":345,"column":45}},"337":{"start":{"line":346,"column":8},"end":{"line":346,"column":45}},"338":{"start":{"line":347,"column":8},"end":{"line":347,"column":45}},"339":{"start":{"line":348,"column":8},"end":{"line":348,"column":45}},"340":{"start":{"line":349,"column":8},"end":{"line":349,"column":45}},"341":{"start":{"line":350,"column":8},"end":{"line":350,"column":45}},"342":{"start":{"line":351,"column":8},"end":{"line":351,"column":45}},"343":{"start":{"line":352,"column":8},"end":{"line":352,"column":45}},"344":{"start":{"line":353,"column":8},"end":{"line":353,"column":45}},"345":{"start":{"line":354,"column":8},"end":{"line":354,"column":45}},"346":{"start":{"line":355,"column":8},"end":{"line":355,"column":45}},"347":{"start":{"line":356,"column":8},"end":{"line":356,"column":45}},"348":{"start":{"line":357,"column":8},"end":{"line":357,"column":45}},"349":{"start":{"line":358,"column":8},"end":{"line":358,"column":45}},"350":{"start":{"line":359,"column":8},"end":{"line":359,"column":45}},"351":{"start":{"line":360,"column":8},"end":{"line":360,"column":45}},"352":{"start":{"line":361,"column":8},"end":{"line":361,"column":45}},"353":{"start":{"line":362,"column":8},"end":{"line":362,"column":45}},"354":{"start":{"line":363,"column":8},"end":{"line":363,"column":45}},"355":{"start":{"line":364,"column":8},"end":{"line":364,"column":45}},"356":{"start":{"line":365,"column":8},"end":{"line":365,"column":45}},"357":{"start":{"line":366,"column":8},"end":{"line":366,"column":45}},"358":{"start":{"line":367,"column":8},"end":{"line":367,"column":45}},"359":{"start":{"line":368,"column":8},"end":{"line":368,"column":45}},"360":{"start":{"line":369,"column":8},"end":{"line":369,"column":45}},"361":{"start":{"line":370,"column":8},"end":{"line":370,"column":45}},"362":{"start":{"line":371,"column":8},"end":{"line":371,"column":45}},"363":{"start":{"line":372,"column":8},"end":{"line":372,"column":45}},"364":{"start":{"line":373,"column":8},"end":{"line":373,"column":45}},"365":{"start":{"line":374,"column":8},"end":{"line":374,"column":45}},"366":{"start":{"line":375,"column":8},"end":{"line":375,"column":45}},"367":{"start":{"line":376,"column":8},"end":{"line":376,"column":45}},"368":{"start":{"line":378,"column":8},"end":{"line":378,"column":40}},"369":{"start":{"line":382,"column":8},"end":{"line":382,"column":31}},"370":{"start":{"line":384,"column":8},"end":{"line":384,"column":53}}},"branchMap":{"1":{"line":382,"type":"if","locations":[{"start":{"line":382,"column":8},"end":{"line":382,"column":8}},{"start":{"line":382,"column":8},"end":{"line":382,"column":8}}]}}},"contracts/PercentageCalculator.sol":{"l":{"13":0,"14":0,"18":0},"path":"/Users/janruls1/new_path/400trx/contracts/PercentageCalculator.sol","s":{"1":0,"2":0,"3":0},"b":{"1":[0,0]},"f":{"1":0,"2":0},"fnMap":{"1":{"name":"_calcPercentage","line":12,"loc":{"start":{"line":12,"column":4},"end":{"line":15,"column":4}}},"2":{"name":"_calcBasisPoints","line":17,"loc":{"start":{"line":17,"column":4},"end":{"line":19,"column":4}}}},"statementMap":{"1":{"start":{"line":13,"column":8},"end":{"line":13,"column":32}},"2":{"start":{"line":14,"column":8},"end":{"line":14,"column":62}},"3":{"start":{"line":18,"column":8},"end":{"line":18,"column":57}}},"branchMap":{"1":{"line":13,"type":"if","locations":[{"start":{"line":13,"column":8},"end":{"line":13,"column":8}},{"start":{"line":13,"column":8},"end":{"line":13,"column":8}}]}}},"contracts/Pools.sol":{"l":{"10":0,"11":0,"12":0,"15":0,"16":0,"17":0,"20":0,"21":0,"22":0,"26":0,"31":0,"33":0,"35":0,"36":0,"37":0,"38":21,"41":0,"42":0,"43":0,"44":0,"45":0,"46":0,"48":0,"49":0,"52":0,"53":0,"54":0,"57":0,"65":0,"70":0,"72":0,"74":0,"75":0,"76":0,"77":7,"80":0,"81":0,"82":0,"83":0,"84":0,"85":0,"87":0,"88":0,"91":0,"92":0,"93":0,"96":0,"103":0,"104":0,"105":0,"107":0,"108":0,"111":0,"112":0,"114":0,"115":0,"118":0,"119":0,"121":0},"path":"/Users/janruls1/new_path/400trx/contracts/Pools.sol","s":{"1":0,"2":0,"3":0,"4":0,"5":0,"6":0,"7":0,"8":0,"9":0,"10":0,"11":0,"12":0,"13":0,"14":0,"15":0,"16":0,"17":0,"18":0,"19":0,"20":0,"21":0,"22":0,"23":0,"24":0,"25":0,"26":0,"27":0,"28":0,"29":0,"30":0,"31":0,"32":0,"33":0,"34":0,"35":0,"36":0,"37":0,"38":0,"39":0,"40":0,"41":0,"42":0,"43":0,"44":0,"45":0,"46":0,"47":0,"48":0,"49":0,"50":0,"51":0,"52":0,"53":0},"b":{"1":[0,0],"2":[0,0],"3":[0,0],"4":[0,0],"5":[0,0],"6":[0,0],"7":[0,0],"8":[0,0],"9":[0,0],"10":[0,0],"11":[0,0]},"f":{"1":0,"2":0,"3":0,"4":0},"fnMap":{"1":{"name":"_resetPools","line":9,"loc":{"start":{"line":9,"column":4},"end":{"line":23,"column":4}}},"2":{"name":"_updateSponsorPoolUsers","line":25,"loc":{"start":{"line":25,"column":4},"end":{"line":61,"column":4}}},"3":{"name":"_updateRefPoolUsers","line":64,"loc":{"start":{"line":64,"column":4},"end":{"line":100,"column":4}}},"4":{"name":"drawPool","line":102,"loc":{"start":{"line":102,"column":4},"end":{"line":123,"column":4}}}},"statementMap":{"1":{"start":{"line":10,"column":8},"end":{"line":10,"column":184}},"2":{"start":{"line":11,"column":12},"end":{"line":11,"column":44}},"3":{"start":{"line":12,"column":12},"end":{"line":12,"column":38}},"4":{"start":{"line":15,"column":8},"end":{"line":15,"column":342}},"5":{"start":{"line":16,"column":12},"end":{"line":16,"column":48}},"6":{"start":{"line":17,"column":12},"end":{"line":17,"column":38}},"7":{"start":{"line":20,"column":8},"end":{"line":20,"column":25}},"8":{"start":{"line":21,"column":8},"end":{"line":21,"column":29}},"9":{"start":{"line":22,"column":8},"end":{"line":22,"column":35}},"10":{"start":{"line":26,"column":8},"end":{"line":26,"column":699}},"11":{"start":{"line":31,"column":12},"end":{"line":31,"column":37}},"12":{"start":{"line":33,"column":12},"end":{"line":33,"column":1125}},"13":{"start":{"line":35,"column":16},"end":{"line":35,"column":1199}},"14":{"start":{"line":36,"column":20},"end":{"line":36,"column":57}},"15":{"start":{"line":37,"column":20},"end":{"line":37,"column":57}},"16":{"start":{"line":41,"column":16},"end":{"line":41,"column":1427}},"17":{"start":{"line":42,"column":20},"end":{"line":42,"column":50}},"18":{"start":{"line":43,"column":20},"end":{"line":43,"column":57}},"19":{"start":{"line":44,"column":20},"end":{"line":44,"column":57}},"20":{"start":{"line":45,"column":20},"end":{"line":45,"column":44}},"21":{"start":{"line":46,"column":20},"end":{"line":46,"column":1791}},"22":{"start":{"line":48,"column":24},"end":{"line":48,"column":1873}},"23":{"start":{"line":52,"column":24},"end":{"line":52,"column":53}},"24":{"start":{"line":53,"column":24},"end":{"line":53,"column":54}},"25":{"start":{"line":54,"column":24},"end":{"line":54,"column":43}},"26":{"start":{"line":65,"column":8},"end":{"line":65,"column":2422}},"27":{"start":{"line":70,"column":12},"end":{"line":70,"column":37}},"28":{"start":{"line":72,"column":12},"end":{"line":72,"column":2803}},"29":{"start":{"line":74,"column":16},"end":{"line":74,"column":2873}},"30":{"start":{"line":75,"column":20},"end":{"line":75,"column":53}},"31":{"start":{"line":76,"column":20},"end":{"line":76,"column":53}},"32":{"start":{"line":80,"column":16},"end":{"line":80,"column":3089}},"33":{"start":{"line":81,"column":20},"end":{"line":81,"column":46}},"34":{"start":{"line":82,"column":20},"end":{"line":82,"column":53}},"35":{"start":{"line":83,"column":20},"end":{"line":83,"column":53}},"36":{"start":{"line":84,"column":20},"end":{"line":84,"column":44}},"37":{"start":{"line":85,"column":20},"end":{"line":85,"column":3425}},"38":{"start":{"line":87,"column":24},"end":{"line":87,"column":3503}},"39":{"start":{"line":91,"column":24},"end":{"line":91,"column":49}},"40":{"start":{"line":92,"column":24},"end":{"line":92,"column":50}},"41":{"start":{"line":93,"column":24},"end":{"line":93,"column":43}},"42":{"start":{"line":103,"column":8},"end":{"line":103,"column":3937}},"43":{"start":{"line":104,"column":12},"end":{"line":104,"column":3998}},"44":{"start":{"line":105,"column":16},"end":{"line":105,"column":61}},"45":{"start":{"line":107,"column":16},"end":{"line":107,"column":63}},"46":{"start":{"line":108,"column":16},"end":{"line":108,"column":176}},"47":{"start":{"line":111,"column":12},"end":{"line":111,"column":4382}},"48":{"start":{"line":112,"column":16},"end":{"line":112,"column":65}},"49":{"start":{"line":114,"column":16},"end":{"line":114,"column":67}},"50":{"start":{"line":115,"column":16},"end":{"line":115,"column":200}},"51":{"start":{"line":118,"column":12},"end":{"line":118,"column":72}},"52":{"start":{"line":119,"column":12},"end":{"line":119,"column":84}},"53":{"start":{"line":121,"column":12},"end":{"line":121,"column":24}}},"branchMap":{"1":{"line":26,"type":"if","locations":[{"start":{"line":26,"column":8},"end":{"line":26,"column":8}},{"start":{"line":26,"column":8},"end":{"line":26,"column":8}}]},"2":{"line":35,"type":"if","locations":[{"start":{"line":35,"column":16},"end":{"line":35,"column":16}},{"start":{"line":35,"column":16},"end":{"line":35,"column":16}}]},"3":{"line":41,"type":"if","locations":[{"start":{"line":41,"column":16},"end":{"line":41,"column":16}},{"start":{"line":41,"column":16},"end":{"line":41,"column":16}}]},"4":{"line":48,"type":"if","locations":[{"start":{"line":48,"column":24},"end":{"line":48,"column":24}},{"start":{"line":48,"column":24},"end":{"line":48,"column":24}}]},"5":{"line":65,"type":"if","locations":[{"start":{"line":65,"column":8},"end":{"line":65,"column":8}},{"start":{"line":65,"column":8},"end":{"line":65,"column":8}}]},"6":{"line":74,"type":"if","locations":[{"start":{"line":74,"column":16},"end":{"line":74,"column":16}},{"start":{"line":74,"column":16},"end":{"line":74,"column":16}}]},"7":{"line":80,"type":"if","locations":[{"start":{"line":80,"column":16},"end":{"line":80,"column":16}},{"start":{"line":80,"column":16},"end":{"line":80,"column":16}}]},"8":{"line":87,"type":"if","locations":[{"start":{"line":87,"column":24},"end":{"line":87,"column":24}},{"start":{"line":87,"column":24},"end":{"line":87,"column":24}}]},"9":{"line":103,"type":"if","locations":[{"start":{"line":103,"column":8},"end":{"line":103,"column":8}},{"start":{"line":103,"column":8},"end":{"line":103,"column":8}}]},"10":{"line":105,"type":"if","locations":[{"start":{"line":105,"column":16},"end":{"line":105,"column":16}},{"start":{"line":105,"column":16},"end":{"line":105,"column":16}}]},"11":{"line":112,"type":"if","locations":[{"start":{"line":112,"column":16},"end":{"line":112,"column":16}},{"start":{"line":112,"column":16},"end":{"line":112,"column":16}}]}}},"contracts/RewardsAndPenalties.sol":{"l":{"12":0,"16":0,"18":0,"20":0,"22":0,"23":0,"24":0,"27":0,"29":0,"31":0,"36":0,"38":0,"39":0,"41":0,"43":0,"45":0,"47":0,"49":0,"51":0,"53":0,"55":0,"57":0,"59":0,"62":0,"66":0,"68":0,"69":0,"72":0,"76":0,"77":0,"79":0,"80":0,"83":0,"87":0,"88":0,"90":0,"92":0,"94":0,"96":0,"100":0,"102":0,"103":0,"106":0,"108":0,"109":0,"112":0,"116":0,"118":0,"119":0,"122":0},"path":"/Users/janruls1/new_path/400trx/contracts/RewardsAndPenalties.sol","s":{"1":0,"2":0,"3":0,"4":0,"5":0,"6":0,"7":0,"8":0,"9":0,"10":0,"11":0,"12":0,"13":0,"14":0,"15":0,"16":0,"17":0,"18":0,"19":0,"20":0,"21":0,"22":0,"23":0,"24":0,"25":0,"26":0,"27":0,"28":0,"29":0,"30":0,"31":0,"32":0,"33":0,"34":0,"35":0,"36":0,"37":0,"38":0,"39":0,"40":0,"41":0,"42":0,"43":0,"44":0,"45":0,"46":0,"47":0,"48":0,"49":0,"50":0,"51":0,"52":0,"53":0,"54":0,"55":0,"56":0,"57":0,"58":0,"59":0,"60":0},"b":{"1":[0,0],"2":[0,0],"3":[0,0],"4":[0,0],"5":[0,0],"6":[0,0],"7":[0,0],"8":[0,0],"9":[0,0],"10":[0,0],"11":[0,0],"12":[0,0],"13":[0,0],"14":[0,0],"15":[0,0],"16":[0,0],"17":[0,0],"18":[0,0]},"f":{"1":0,"2":0,"3":0,"4":0,"5":0,"6":0,"7":0},"fnMap":{"1":{"name":"_distributeReferralReward","line":11,"loc":{"start":{"line":11,"column":4},"end":{"line":33,"column":4}}},"2":{"name":"_calcDepositRewards","line":35,"loc":{"start":{"line":35,"column":4},"end":{"line":63,"column":4}}},"3":{"name":"_calcContractBonus","line":65,"loc":{"start":{"line":65,"column":4},"end":{"line":73,"column":4}}},"4":{"name":"_calcHoldRewards","line":75,"loc":{"start":{"line":75,"column":4},"end":{"line":84,"column":4}}},"5":{"name":"_calcRewardsWithoutHoldBonus","line":86,"loc":{"start":{"line":86,"column":4},"end":{"line":97,"column":4}}},"6":{"name":"_calcRewards","line":99,"loc":{"start":{"line":99,"column":4},"end":{"line":113,"column":4}}},"7":{"name":"_calcPenalty","line":115,"loc":{"start":{"line":115,"column":4},"end":{"line":123,"column":4}}}},"statementMap":{"1":{"start":{"line":12,"column":8},"end":{"line":12,"column":304}},"2":{"start":{"line":16,"column":12},"end":{"line":16,"column":71}},"3":{"start":{"line":18,"column":12},"end":{"line":18,"column":72}},"4":{"start":{"line":20,"column":12},"end":{"line":20,"column":148}},"5":{"start":{"line":22,"column":12},"end":{"line":22,"column":782}},"6":{"start":{"line":23,"column":16},"end":{"line":23,"column":46}},"7":{"start":{"line":24,"column":16},"end":{"line":24,"column":39}},"8":{"start":{"line":27,"column":12},"end":{"line":27,"column":66}},"9":{"start":{"line":29,"column":12},"end":{"line":29,"column":49}},"10":{"start":{"line":31,"column":12},"end":{"line":31,"column":60}},"11":{"start":{"line":36,"column":8},"end":{"line":36,"column":30}},"12":{"start":{"line":38,"column":8},"end":{"line":38,"column":1245}},"13":{"start":{"line":39,"column":12},"end":{"line":39,"column":29}},"14":{"start":{"line":40,"column":15},"end":{"line":40,"column":1320}},"15":{"start":{"line":41,"column":12},"end":{"line":41,"column":29}},"16":{"start":{"line":42,"column":15},"end":{"line":42,"column":1395}},"17":{"start":{"line":43,"column":12},"end":{"line":43,"column":29}},"18":{"start":{"line":44,"column":15},"end":{"line":44,"column":1471}},"19":{"start":{"line":45,"column":12},"end":{"line":45,"column":29}},"20":{"start":{"line":46,"column":15},"end":{"line":46,"column":1546}},"21":{"start":{"line":47,"column":12},"end":{"line":47,"column":29}},"22":{"start":{"line":48,"column":15},"end":{"line":48,"column":1622}},"23":{"start":{"line":49,"column":12},"end":{"line":49,"column":29}},"24":{"start":{"line":50,"column":15},"end":{"line":50,"column":1696}},"25":{"start":{"line":51,"column":12},"end":{"line":51,"column":29}},"26":{"start":{"line":52,"column":15},"end":{"line":52,"column":1771}},"27":{"start":{"line":53,"column":12},"end":{"line":53,"column":29}},"28":{"start":{"line":54,"column":15},"end":{"line":54,"column":1845}},"29":{"start":{"line":55,"column":12},"end":{"line":55,"column":28}},"30":{"start":{"line":56,"column":15},"end":{"line":56,"column":1919}},"31":{"start":{"line":57,"column":12},"end":{"line":57,"column":28}},"32":{"start":{"line":58,"column":15},"end":{"line":58,"column":1993}},"33":{"start":{"line":59,"column":12},"end":{"line":59,"column":28}},"34":{"start":{"line":62,"column":8},"end":{"line":62,"column":53}},"35":{"start":{"line":66,"column":8},"end":{"line":66,"column":129}},"36":{"start":{"line":68,"column":8},"end":{"line":68,"column":2347}},"37":{"start":{"line":69,"column":12},"end":{"line":69,"column":55}},"38":{"start":{"line":72,"column":8},"end":{"line":72,"column":67}},"39":{"start":{"line":76,"column":8},"end":{"line":76,"column":99}},"40":{"start":{"line":77,"column":8},"end":{"line":77,"column":71}},"41":{"start":{"line":79,"column":8},"end":{"line":79,"column":2808}},"42":{"start":{"line":80,"column":12},"end":{"line":80,"column":47}},"43":{"start":{"line":83,"column":8},"end":{"line":83,"column":63}},"44":{"start":{"line":87,"column":8},"end":{"line":87,"column":83}},"45":{"start":{"line":88,"column":8},"end":{"line":88,"column":54}},"46":{"start":{"line":90,"column":8},"end":{"line":90,"column":129}},"47":{"start":{"line":92,"column":8},"end":{"line":92,"column":54}},"48":{"start":{"line":94,"column":8},"end":{"line":94,"column":119}},"49":{"start":{"line":96,"column":8},"end":{"line":96,"column":43}},"50":{"start":{"line":100,"column":8},"end":{"line":100,"column":58}},"51":{"start":{"line":102,"column":8},"end":{"line":102,"column":3729}},"52":{"start":{"line":103,"column":12},"end":{"line":103,"column":57}},"53":{"start":{"line":106,"column":8},"end":{"line":106,"column":80}},"54":{"start":{"line":108,"column":8},"end":{"line":108,"column":3962}},"55":{"start":{"line":109,"column":12},"end":{"line":109,"column":31}},"56":{"start":{"line":112,"column":8},"end":{"line":112,"column":22}},"57":{"start":{"line":116,"column":8},"end":{"line":116,"column":76}},"58":{"start":{"line":118,"column":8},"end":{"line":118,"column":4312}},"59":{"start":{"line":119,"column":12},"end":{"line":119,"column":20}},"60":{"start":{"line":122,"column":8},"end":{"line":122,"column":134}}},"branchMap":{"1":{"line":12,"type":"if","locations":[{"start":{"line":12,"column":8},"end":{"line":12,"column":8}},{"start":{"line":12,"column":8},"end":{"line":12,"column":8}}]},"2":{"line":22,"type":"if","locations":[{"start":{"line":22,"column":12},"end":{"line":22,"column":12}},{"start":{"line":22,"column":12},"end":{"line":22,"column":12}}]},"3":{"line":38,"type":"if","locations":[{"start":{"line":38,"column":8},"end":{"line":38,"column":8}},{"start":{"line":38,"column":8},"end":{"line":38,"column":8}}]},"4":{"line":40,"type":"if","locations":[{"start":{"line":40,"column":15},"end":{"line":40,"column":15}},{"start":{"line":40,"column":15},"end":{"line":40,"column":15}}]},"5":{"line":42,"type":"if","locations":[{"start":{"line":42,"column":15},"end":{"line":42,"column":15}},{"start":{"line":42,"column":15},"end":{"line":42,"column":15}}]},"6":{"line":44,"type":"if","locations":[{"start":{"line":44,"column":15},"end":{"line":44,"column":15}},{"start":{"line":44,"column":15},"end":{"line":44,"column":15}}]},"7":{"line":46,"type":"if","locations":[{"start":{"line":46,"column":15},"end":{"line":46,"column":15}},{"start":{"line":46,"column":15},"end":{"line":46,"column":15}}]},"8":{"line":48,"type":"if","locations":[{"start":{"line":48,"column":15},"end":{"line":48,"column":15}},{"start":{"line":48,"column":15},"end":{"line":48,"column":15}}]},"9":{"line":50,"type":"if","locations":[{"start":{"line":50,"column":15},"end":{"line":50,"column":15}},{"start":{"line":50,"column":15},"end":{"line":50,"column":15}}]},"10":{"line":52,"type":"if","locations":[{"start":{"line":52,"column":15},"end":{"line":52,"column":15}},{"start":{"line":52,"column":15},"end":{"line":52,"column":15}}]},"11":{"line":54,"type":"if","locations":[{"start":{"line":54,"column":15},"end":{"line":54,"column":15}},{"start":{"line":54,"column":15},"end":{"line":54,"column":15}}]},"12":{"line":56,"type":"if","locations":[{"start":{"line":56,"column":15},"end":{"line":56,"column":15}},{"start":{"line":56,"column":15},"end":{"line":56,"column":15}}]},"13":{"line":58,"type":"if","locations":[{"start":{"line":58,"column":15},"end":{"line":58,"column":15}},{"start":{"line":58,"column":15},"end":{"line":58,"column":15}}]},"14":{"line":68,"type":"if","locations":[{"start":{"line":68,"column":8},"end":{"line":68,"column":8}},{"start":{"line":68,"column":8},"end":{"line":68,"column":8}}]},"15":{"line":79,"type":"if","locations":[{"start":{"line":79,"column":8},"end":{"line":79,"column":8}},{"start":{"line":79,"column":8},"end":{"line":79,"column":8}}]},"16":{"line":102,"type":"if","locations":[{"start":{"line":102,"column":8},"end":{"line":102,"column":8}},{"start":{"line":102,"column":8},"end":{"line":102,"column":8}}]},"17":{"line":108,"type":"if","locations":[{"start":{"line":108,"column":8},"end":{"line":108,"column":8}},{"start":{"line":108,"column":8},"end":{"line":108,"column":8}}]},"18":{"line":118,"type":"if","locations":[{"start":{"line":118,"column":8},"end":{"line":118,"column":8}},{"start":{"line":118,"column":8},"end":{"line":118,"column":8}}]}}},"contracts/SharedVariables.sol":{"l":{},"path":"/Users/janruls1/new_path/400trx/contracts/SharedVariables.sol","s":{},"b":{},"f":{},"fnMap":{},"statementMap":{},"branchMap":{}},"contracts/StatsVars.sol":{"l":{},"path":"/Users/janruls1/new_path/400trx/contracts/StatsVars.sol","s":{},"b":{},"f":{},"fnMap":{},"statementMap":{},"branchMap":{}},"contracts/utils/Utils.sol":{"l":{"13":0},"path":"/Users/janruls1/new_path/400trx/contracts/utils/Utils.sol","s":{"1":0},"b":{},"f":{"1":0},"fnMap":{"1":{"name":"_calcDays","line":12,"loc":{"start":{"line":12,"column":4},"end":{"line":14,"column":4}}}},"statementMap":{"1":{"start":{"line":13,"column":8},"end":{"line":13,"column":38}}},"branchMap":{}}}