{
"contracts/Constants.sol":{"l":{},"path":"/Users/janruls1/new_path/400trx/contracts/Constants.sol","s":{},"b":{},"f":{},"fnMap":{},"statementMap":{},"branchMap":{}},
"contracts/Events.sol":{"l":{},"path":"/Users/janruls1/new_path/400trx/contracts/Events.sol","s":{},"b":{},"f":{},"fnMap":{},"statementMap":{},"branchMap":{}},
"contracts/FourRXFinance.sol":{"l":{"12":15,"14":15,"15":15,"16":15,"17":15,"18":15,"19":15,"20":15,"21":15,"22":15,"23":15,"24":15,"25":15,"27":15,"28":15,"29":15,"30":15,"31":15,"32":15,"33":15,"34":15,"35":15,"36":15,"38":15,"40":15,"44":23,"49":23,"51":23,"52":0,"55":23,"57":21,"59":21,"61":21,"63":21,"65":21,"66":21,"67":21,"68":21,"70":21,"71":21,"72":21,"74":21,"75":21,"77":21,"79":21,"81":21,"83":21,"84":21,"86":21,"88":21,"90":21,"91":21,"94":21,"95":21,"96":21,"97":21,"99":21,"104":7,"105":7,"107":7,"111":66,"112":66,"113":66,"115":66,"117":62,"119":62,"121":62,"123":62,"124":50,"126":50,"128":50,"129":44,"133":62,"134":1,"137":62,"139":62,"141":62,"142":62,"143":62,"145":62,"147":62,"149":62,"150":0,"151":0,"154":62,"156":62,"158":62,"162":1,"163":1,"164":1,"165":1,"166":1,"168":1,"170":1,"171":1,"172":1,"174":1,"176":1,"177":1,"178":1,"180":1,"181":1,"183":1,"184":1,"186":1,"190":2,"191":2,"192":2,"193":2,"197":3,"201":1,"205":61},"path":"/Users/janruls1/new_path/400trx/contracts/FourRXFinance.sol","s":{"1":15,"2":15,"3":15,"4":15,"5":15,"6":15,"7":15,"8":15,"9":15,"10":15,"11":15,"12":15,"13":15,"14":15,"15":15,"16":15,"17":15,"18":15,"19":15,"20":15,"21":15,"22":15,"23":15,"24":15,"25":15,"26":23,"27":23,"28":23,"29":0,"30":23,"31":21,"32":21,"33":21,"34":21,"35":21,"36":21,"37":21,"38":21,"39":21,"40":21,"41":21,"42":21,"43":21,"44":21,"45":21,"46":21,"47":21,"48":21,"49":21,"50":21,"51":21,"52":21,"53":21,"54":21,"55":21,"56":21,"57":21,"58":7,"59":7,"60":7,"61":66,"62":66,"63":66,"64":66,"65":62,"66":62,"67":62,"68":62,"69":50,"70":50,"71":50,"72":44,"73":62,"74":1,"75":62,"76":62,"77":62,"78":62,"79":62,"80":62,"81":62,"82":62,"83":0,"84":0,"85":62,"86":62,"87":62,"88":1,"89":1,"90":1,"91":1,"92":1,"93":1,"94":1,"95":1,"96":1,"97":1,"98":1,"99":1,"100":1,"101":1,"102":1,"103":1,"104":1,"105":1,"106":2,"107":2,"108":2,"109":2,"110":3,"111":1,"112":61},"b":{"1":[23,0],"2":[0,23],"3":[0,0],"4":[21,2],"5":[21,0],"6":[7,0],"7":[66,0],"8":[62,4],"9":[62,0],"10":[50,12],"11":[44,6],"12":[1,61],"13":[0,62],"14":[1,0],"15":[1,0],"16":[2,0]},"f":{"1":15,"2":23,"3":7,"4":66,"5":1,"6":2,"7":3,"8":1,"9":61},"fnMap":{"1":{"name":"constructor","line":11,"loc":{"start":{"line":11,"column":4},"end":{"line":41,"column":4}}},"2":{"name":"deposit","line":43,"loc":{"start":{"line":43,"column":4},"end":{"line":100,"column":4}}},"3":{"name":"balanceOf","line":103,"loc":{"start":{"line":103,"column":4},"end":{"line":108,"column":4}}},"4":{"name":"withdraw","line":110,"loc":{"start":{"line":110,"column":4},"end":{"line":159,"column":4}}},"5":{"name":"exitProgram","line":161,"loc":{"start":{"line":161,"column":4},"end":{"line":187,"column":4}}},"6":{"name":"insureStake","line":189,"loc":{"start":{"line":189,"column":4},"end":{"line":194,"column":4}}},"7":{"name":"getUser","line":196,"loc":{"start":{"line":196,"column":4},"end":{"line":198,"column":4}}},"8":{"name":"getPoolInfo","line":200,"loc":{"start":{"line":200,"column":4},"end":{"line":202,"column":4}}},"9":{"name":"getContractInfo","line":204,"loc":{"start":{"line":204,"column":4},"end":{"line":206,"column":4}}}},"statementMap":{"1":{"start":{"line":12,"column":8},"end":{"line":12,"column":47}},"2":{"start":{"line":14,"column":8},"end":{"line":14,"column":32}},"3":{"start":{"line":15,"column":8},"end":{"line":15,"column":32}},"4":{"start":{"line":16,"column":8},"end":{"line":16,"column":32}},"5":{"start":{"line":17,"column":8},"end":{"line":17,"column":32}},"6":{"start":{"line":18,"column":8},"end":{"line":18,"column":32}},"7":{"start":{"line":19,"column":8},"end":{"line":19,"column":31}},"8":{"start":{"line":20,"column":8},"end":{"line":20,"column":31}},"9":{"start":{"line":21,"column":8},"end":{"line":21,"column":31}},"10":{"start":{"line":22,"column":8},"end":{"line":22,"column":31}},"11":{"start":{"line":23,"column":8},"end":{"line":23,"column":31}},"12":{"start":{"line":24,"column":8},"end":{"line":24,"column":31}},"13":{"start":{"line":25,"column":8},"end":{"line":25,"column":31}},"14":{"start":{"line":27,"column":8},"end":{"line":27,"column":36}},"15":{"start":{"line":28,"column":8},"end":{"line":28,"column":36}},"16":{"start":{"line":29,"column":8},"end":{"line":29,"column":36}},"17":{"start":{"line":30,"column":8},"end":{"line":30,"column":36}},"18":{"start":{"line":31,"column":8},"end":{"line":31,"column":35}},"19":{"start":{"line":32,"column":8},"end":{"line":32,"column":35}},"20":{"start":{"line":33,"column":8},"end":{"line":33,"column":35}},"21":{"start":{"line":34,"column":8},"end":{"line":34,"column":35}},"22":{"start":{"line":35,"column":8},"end":{"line":35,"column":35}},"23":{"start":{"line":36,"column":8},"end":{"line":36,"column":35}},"24":{"start":{"line":38,"column":8},"end":{"line":38,"column":20}},"25":{"start":{"line":40,"column":8},"end":{"line":40,"column":20}},"26":{"start":{"line":44,"column":8},"end":{"line":44,"column":1278}},"27":{"start":{"line":49,"column":8},"end":{"line":49,"column":45}},"28":{"start":{"line":51,"column":8},"end":{"line":51,"column":1578}},"29":{"start":{"line":52,"column":12},"end":{"line":52,"column":93}},"30":{"start":{"line":55,"column":8},"end":{"line":55,"column":75}},"31":{"start":{"line":57,"column":8},"end":{"line":57,"column":17}},"32":{"start":{"line":59,"column":8},"end":{"line":59,"column":56}},"33":{"start":{"line":61,"column":8},"end":{"line":61,"column":26}},"34":{"start":{"line":63,"column":8},"end":{"line":63,"column":31}},"35":{"start":{"line":65,"column":8},"end":{"line":65,"column":36}},"36":{"start":{"line":66,"column":8},"end":{"line":66,"column":26}},"37":{"start":{"line":67,"column":8},"end":{"line":67,"column":48}},"38":{"start":{"line":68,"column":8},"end":{"line":68,"column":39}},"39":{"start":{"line":70,"column":8},"end":{"line":70,"column":88}},"40":{"start":{"line":71,"column":8},"end":{"line":71,"column":49}},"41":{"start":{"line":72,"column":8},"end":{"line":72,"column":49}},"42":{"start":{"line":74,"column":8},"end":{"line":74,"column":42}},"43":{"start":{"line":75,"column":8},"end":{"line":75,"column":40}},"44":{"start":{"line":77,"column":8},"end":{"line":77,"column":43}},"45":{"start":{"line":79,"column":8},"end":{"line":79,"column":47}},"46":{"start":{"line":81,"column":8},"end":{"line":81,"column":30}},"47":{"start":{"line":83,"column":8},"end":{"line":83,"column":84}},"48":{"start":{"line":84,"column":8},"end":{"line":84,"column":96}},"49":{"start":{"line":86,"column":8},"end":{"line":86,"column":76}},"50":{"start":{"line":88,"column":8},"end":{"line":88,"column":74}},"51":{"start":{"line":90,"column":8},"end":{"line":90,"column":3075}},"52":{"start":{"line":91,"column":12},"end":{"line":91,"column":54}},"53":{"start":{"line":94,"column":8},"end":{"line":94,"column":48}},"54":{"start":{"line":95,"column":8},"end":{"line":95,"column":39}},"55":{"start":{"line":96,"column":8},"end":{"line":96,"column":51}},"56":{"start":{"line":97,"column":8},"end":{"line":97,"column":67}},"57":{"start":{"line":99,"column":8},"end":{"line":99,"column":55}},"58":{"start":{"line":104,"column":8},"end":{"line":104,"column":58}},"59":{"start":{"line":105,"column":8},"end":{"line":105,"column":46}},"60":{"start":{"line":107,"column":8},"end":{"line":107,"column":85}},"61":{"start":{"line":111,"column":8},"end":{"line":111,"column":45}},"62":{"start":{"line":112,"column":8},"end":{"line":112,"column":50}},"63":{"start":{"line":113,"column":8},"end":{"line":113,"column":57}},"64":{"start":{"line":115,"column":8},"end":{"line":115,"column":65}},"65":{"start":{"line":117,"column":8},"end":{"line":117,"column":90}},"66":{"start":{"line":119,"column":8},"end":{"line":119,"column":35}},"67":{"start":{"line":121,"column":8},"end":{"line":121,"column":59}},"68":{"start":{"line":123,"column":8},"end":{"line":123,"column":4316}},"69":{"start":{"line":124,"column":12},"end":{"line":124,"column":101}},"70":{"start":{"line":126,"column":12},"end":{"line":126,"column":111}},"71":{"start":{"line":128,"column":12},"end":{"line":128,"column":4634}},"72":{"start":{"line":129,"column":16},"end":{"line":129,"column":53}},"73":{"start":{"line":133,"column":8},"end":{"line":133,"column":4765}},"74":{"start":{"line":134,"column":12},"end":{"line":134,"column":79}},"75":{"start":{"line":137,"column":8},"end":{"line":137,"column":53}},"76":{"start":{"line":139,"column":8},"end":{"line":139,"column":57}},"77":{"start":{"line":141,"column":8},"end":{"line":141,"column":61}},"78":{"start":{"line":142,"column":8},"end":{"line":142,"column":47}},"79":{"start":{"line":143,"column":8},"end":{"line":143,"column":39}},"80":{"start":{"line":145,"column":8},"end":{"line":145,"column":49}},"81":{"start":{"line":147,"column":8},"end":{"line":147,"column":47}},"82":{"start":{"line":149,"column":8},"end":{"line":149,"column":5271}},"83":{"start":{"line":150,"column":12},"end":{"line":150,"column":31}},"84":{"start":{"line":151,"column":12},"end":{"line":151,"column":55}},"85":{"start":{"line":154,"column":8},"end":{"line":154,"column":38}},"86":{"start":{"line":156,"column":8},"end":{"line":156,"column":59}},"87":{"start":{"line":158,"column":8},"end":{"line":158,"column":51}},"88":{"start":{"line":162,"column":8},"end":{"line":162,"column":45}},"89":{"start":{"line":163,"column":8},"end":{"line":163,"column":41}},"90":{"start":{"line":164,"column":8},"end":{"line":164,"column":50}},"91":{"start":{"line":165,"column":8},"end":{"line":165,"column":44}},"92":{"start":{"line":166,"column":8},"end":{"line":166,"column":76}},"93":{"start":{"line":168,"column":8},"end":{"line":168,"column":59}},"94":{"start":{"line":170,"column":8},"end":{"line":170,"column":59}},"95":{"start":{"line":171,"column":8},"end":{"line":171,"column":44}},"96":{"start":{"line":172,"column":8},"end":{"line":172,"column":55}},"97":{"start":{"line":174,"column":8},"end":{"line":174,"column":57}},"98":{"start":{"line":176,"column":8},"end":{"line":176,"column":27}},"99":{"start":{"line":177,"column":8},"end":{"line":177,"column":61}},"100":{"start":{"line":178,"column":8},"end":{"line":178,"column":55}},"101":{"start":{"line":180,"column":8},"end":{"line":180,"column":51}},"102":{"start":{"line":181,"column":8},"end":{"line":181,"column":39}},"103":{"start":{"line":183,"column":8},"end":{"line":183,"column":59}},"104":{"start":{"line":184,"column":8},"end":{"line":184,"column":53}},"105":{"start":{"line":186,"column":8},"end":{"line":186,"column":32}},"106":{"start":{"line":190,"column":8},"end":{"line":190,"column":45}},"107":{"start":{"line":191,"column":8},"end":{"line":191,"column":41}},"108":{"start":{"line":192,"column":8},"end":{"line":192,"column":50}},"109":{"start":{"line":193,"column":8},"end":{"line":193,"column":26}},"110":{"start":{"line":197,"column":8},"end":{"line":197,"column":33}},"111":{"start":{"line":201,"column":8},"end":{"line":201,"column":106}},"112":{"start":{"line":205,"column":8},"end":{"line":205,"column":229}}},"branchMap":{"1":{"line":44,"type":"if","locations":[{"start":{"line":44,"column":8},"end":{"line":44,"column":8}},{"start":{"line":44,"column":8},"end":{"line":44,"column":8}}]},"2":{"line":51,"type":"if","locations":[{"start":{"line":51,"column":8},"end":{"line":51,"column":8}},{"start":{"line":51,"column":8},"end":{"line":51,"column":8}}]},"3":{"line":52,"type":"if","locations":[{"start":{"line":52,"column":12},"end":{"line":52,"column":12}},{"start":{"line":52,"column":12},"end":{"line":52,"column":12}}]},"4":{"line":55,"type":"if","locations":[{"start":{"line":55,"column":8},"end":{"line":55,"column":8}},{"start":{"line":55,"column":8},"end":{"line":55,"column":8}}]},"5":{"line":90,"type":"if","locations":[{"start":{"line":90,"column":8},"end":{"line":90,"column":8}},{"start":{"line":90,"column":8},"end":{"line":90,"column":8}}]},"6":{"line":104,"type":"if","locations":[{"start":{"line":104,"column":8},"end":{"line":104,"column":8}},{"start":{"line":104,"column":8},"end":{"line":104,"column":8}}]},"7":{"line":113,"type":"if","locations":[{"start":{"line":113,"column":8},"end":{"line":113,"column":8}},{"start":{"line":113,"column":8},"end":{"line":113,"column":8}}]},"8":{"line":115,"type":"if","locations":[{"start":{"line":115,"column":8},"end":{"line":115,"column":8}},{"start":{"line":115,"column":8},"end":{"line":115,"column":8}}]},"9":{"line":119,"type":"if","locations":[{"start":{"line":119,"column":8},"end":{"line":119,"column":8}},{"start":{"line":119,"column":8},"end":{"line":119,"column":8}}]},"10":{"line":123,"type":"if","locations":[{"start":{"line":123,"column":8},"end":{"line":123,"column":8}},{"start":{"line":123,"column":8},"end":{"line":123,"column":8}}]},"11":{"line":128,"type":"if","locations":[{"start":{"line":128,"column":12},"end":{"line":128,"column":12}},{"start":{"line":128,"column":12},"end":{"line":128,"column":12}}]},"12":{"line":133,"type":"if","locations":[{"start":{"line":133,"column":8},"end":{"line":133,"column":8}},{"start":{"line":133,"column":8},"end":{"line":133,"column":8}}]},"13":{"line":149,"type":"if","locations":[{"start":{"line":149,"column":8},"end":{"line":149,"column":8}},{"start":{"line":149,"column":8},"end":{"line":149,"column":8}}]},"14":{"line":163,"type":"if","locations":[{"start":{"line":163,"column":8},"end":{"line":163,"column":8}},{"start":{"line":163,"column":8},"end":{"line":163,"column":8}}]},"15":{"line":171,"type":"if","locations":[{"start":{"line":171,"column":8},"end":{"line":171,"column":8}},{"start":{"line":171,"column":8},"end":{"line":171,"column":8}}]},"16":{"line":191,"type":"if","locations":[{"start":{"line":191,"column":8},"end":{"line":191,"column":8}},{"start":{"line":191,"column":8},"end":{"line":191,"column":8}}]}}},
"contracts/Insurance.sol":{"l":{"15":62,"16":2,"18":60,"24":1,"26":1,"27":1,"28":1,"31":1,"33":1,"35":1,"36":0,"39":1,"43":2,"45":2,"46":2},"path":"/Users/janruls1/new_path/400trx/contracts/Insurance.sol","s":{"1":62,"2":2,"3":60,"4":1,"5":1,"6":1,"7":1,"8":1,"9":1,"10":1,"11":0,"12":1,"13":2,"14":2,"15":2},"b":{"1":[2,60],"2":[1,0],"3":[1,0],"4":[0,1],"5":[2,0]},"f":{"1":62,"2":1,"3":2},"fnMap":{"1":{"name":"_checkForBaseInsuranceTrigger","line":14,"loc":{"start":{"line":14,"column":4},"end":{"line":20,"column":4}}},"2":{"name":"_getInsuredAvailableAmount","line":22,"loc":{"start":{"line":22,"column":4},"end":{"line":40,"column":4}}},"3":{"name":"_insureStake","line":42,"loc":{"start":{"line":42,"column":4},"end":{"line":47,"column":4}}}},"statementMap":{"1":{"start":{"line":15,"column":8},"end":{"line":15,"column":570}},"2":{"start":{"line":16,"column":12},"end":{"line":16,"column":36}},"3":{"start":{"line":18,"column":12},"end":{"line":18,"column":37}},"4":{"start":{"line":24,"column":8},"end":{"line":24,"column":47}},"5":{"start":{"line":26,"column":8},"end":{"line":26,"column":47}},"6":{"start":{"line":27,"column":8},"end":{"line":27,"column":1097}},"7":{"start":{"line":28,"column":12},"end":{"line":28,"column":47}},"8":{"start":{"line":31,"column":8},"end":{"line":31,"column":78}},"9":{"start":{"line":33,"column":8},"end":{"line":33,"column":74}},"10":{"start":{"line":35,"column":8},"end":{"line":35,"column":1471}},"11":{"start":{"line":36,"column":12},"end":{"line":36,"column":89}},"12":{"start":{"line":39,"column":8},"end":{"line":39,"column":30}},"13":{"start":{"line":43,"column":8},"end":{"line":43,"column":51}},"14":{"start":{"line":45,"column":8},"end":{"line":45,"column":97}},"15":{"start":{"line":46,"column":8},"end":{"line":46,"column":32}}},"branchMap":{"1":{"line":15,"type":"if","locations":[{"start":{"line":15,"column":8},"end":{"line":15,"column":8}},{"start":{"line":15,"column":8},"end":{"line":15,"column":8}}]},"2":{"line":27,"type":"if","locations":[{"start":{"line":27,"column":8},"end":{"line":27,"column":8}},{"start":{"line":27,"column":8},"end":{"line":27,"column":8}}]},"3":{"line":33,"type":"if","locations":[{"start":{"line":33,"column":8},"end":{"line":33,"column":8}},{"start":{"line":33,"column":8},"end":{"line":33,"column":8}}]},"4":{"line":35,"type":"if","locations":[{"start":{"line":35,"column":8},"end":{"line":35,"column":8}},{"start":{"line":35,"column":8},"end":{"line":35,"column":8}}]},"5":{"line":43,"type":"if","locations":[{"start":{"line":43,"column":8},"end":{"line":43,"column":8}},{"start":{"line":43,"column":8},"end":{"line":43,"column":8}}]}}},
"contracts/InterestCalculator.sol":{"l":{"12":69,"14":69,"15":69,"16":69,"17":69,"18":69,"19":69,"20":69,"21":69,"22":69,"23":69,"24":69,"25":69,"26":69,"27":69,"28":69,"29":69,"30":69,"31":69,"32":69,"33":69,"34":69,"35":69,"36":69,"37":69,"38":69,"39":69,"40":69,"41":69,"42":69,"43":69,"44":69,"45":69,"46":69,"47":69,"48":69,"49":69,"50":69,"51":69,"52":69,"53":69,"54":69,"55":69,"56":69,"57":69,"58":69,"59":69,"60":69,"61":69,"62":69,"63":69,"64":69,"65":69,"66":69,"67":69,"68":69,"69":69,"70":69,"71":69,"72":69,"73":69,"74":69,"75":69,"76":69,"77":69,"78":69,"79":69,"80":69,"81":69,"82":69,"83":69,"84":69,"85":69,"86":69,"87":69,"88":69,"89":69,"90":69,"91":69,"92":69,"93":69,"94":69,"95":69,"96":69,"97":69,"98":69,"99":69,"100":69,"101":69,"102":69,"103":69,"104":69,"105":69,"106":69,"107":69,"108":69,"109":69,"110":69,"111":69,"112":69,"113":69,"114":69,"115":69,"116":69,"117":69,"118":69,"119":69,"120":69,"121":69,"122":69,"123":69,"124":69,"125":69,"126":69,"127":69,"128":69,"129":69,"130":69,"131":69,"132":69,"133":69,"134":69,"135":69,"136":69,"137":69,"138":69,"139":69,"140":69,"141":69,"142":69,"143":69,"144":69,"145":69,"146":69,"147":69,"148":69,"149":69,"150":69,"151":69,"152":69,"153":69,"154":69,"155":69,"156":69,"157":69,"158":69,"159":69,"160":69,"161":69,"162":69,"163":69,"164":69,"165":69,"166":69,"167":69,"168":69,"169":69,"170":69,"171":69,"172":69,"173":69,"174":69,"175":69,"176":69,"177":69,"178":69,"179":69,"180":69,"181":69,"182":69,"183":69,"184":69,"185":69,"186":69,"187":69,"188":69,"189":69,"190":69,"191":69,"192":69,"193":69,"194":69,"195":69,"196":69,"197":69,"198":69,"199":69,"200":69,"201":69,"202":69,"203":69,"204":69,"205":69,"206":69,"207":69,"208":69,"209":69,"210":69,"211":69,"212":69,"213":69,"214":69,"215":69,"216":69,"217":69,"218":69,"219":69,"220":69,"221":69,"222":69,"223":69,"224":69,"225":69,"226":69,"227":69,"228":69,"229":69,"230":69,"231":69,"232":69,"233":69,"234":69,"235":69,"236":69,"237":69,"238":69,"239":69,"240":69,"241":69,"242":69,"243":69,"244":69,"245":69,"246":69,"247":69,"248":69,"249":69,"250":69,"251":69,"252":69,"253":69,"254":69,"255":69,"256":69,"257":69,"258":69,"259":69,"260":69,"261":69,"262":69,"263":69,"264":69,"265":69,"266":69,"267":69,"268":69,"269":69,"270":69,"271":69,"272":69,"273":69,"274":69,"275":69,"276":69,"277":69,"278":69,"279":69,"280":69,"281":69,"282":69,"283":69,"284":69,"285":69,"286":69,"287":69,"288":69,"289":69,"290":69,"291":69,"292":69,"293":69,"294":69,"295":69,"296":69,"297":69,"298":69,"299":69,"300":69,"301":69,"302":69,"303":69,"304":69,"305":69,"306":69,"307":69,"308":69,"309":69,"310":69,"311":69,"312":69,"313":69,"314":69,"316":69,"320":69,"322":69,"323":69,"324":20769,"325":20769,"328":69,"332":69,"333":69,"334":69,"335":69},"path":"/Users/janruls1/new_path/400trx/contracts/InterestCalculator.sol","s":{"1":69,"2":69,"3":69,"4":69,"5":69,"6":69,"7":69,"8":69,"9":69,"10":69,"11":69,"12":69,"13":69,"14":69,"15":69,"16":69,"17":69,"18":69,"19":69,"20":69,"21":69,"22":69,"23":69,"24":69,"25":69,"26":69,"27":69,"28":69,"29":69,"30":69,"31":69,"32":69,"33":69,"34":69,"35":69,"36":69,"37":69,"38":69,"39":69,"40":69,"41":69,"42":69,"43":69,"44":69,"45":69,"46":69,"47":69,"48":69,"49":69,"50":69,"51":69,"52":69,"53":69,"54":69,"55":69,"56":69,"57":69,"58":69,"59":69,"60":69,"61":69,"62":69,"63":69,"64":69,"65":69,"66":69,"67":69,"68":69,"69":69,"70":69,"71":69,"72":69,"73":69,"74":69,"75":69,"76":69,"77":69,"78":69,"79":69,"80":69,"81":69,"82":69,"83":69,"84":69,"85":69,"86":69,"87":69,"88":69,"89":69,"90":69,"91":69,"92":69,"93":69,"94":69,"95":69,"96":69,"97":69,"98":69,"99":69,"100":69,"101":69,"102":69,"103":69,"104":69,"105":69,"106":69,"107":69,"108":69,"109":69,"110":69,"111":69,"112":69,"113":69,"114":69,"115":69,"116":69,"117":69,"118":69,"119":69,"120":69,"121":69,"122":69,"123":69,"124":69,"125":69,"126":69,"127":69,"128":69,"129":69,"130":69,"131":69,"132":69,"133":69,"134":69,"135":69,"136":69,"137":69,"138":69,"139":69,"140":69,"141":69,"142":69,"143":69,"144":69,"145":69,"146":69,"147":69,"148":69,"149":69,"150":69,"151":69,"152":69,"153":69,"154":69,"155":69,"156":69,"157":69,"158":69,"159":69,"160":69,"161":69,"162":69,"163":69,"164":69,"165":69,"166":69,"167":69,"168":69,"169":69,"170":69,"171":69,"172":69,"173":69,"174":69,"175":69,"176":69,"177":69,"178":69,"179":69,"180":69,"181":69,"182":69,"183":69,"184":69,"185":69,"186":69,"187":69,"188":69,"189":69,"190":69,"191":69,"192":69,"193":69,"194":69,"195":69,"196":69,"197":69,"198":69,"199":69,"200":69,"201":69,"202":69,"203":69,"204":69,"205":69,"206":69,"207":69,"208":69,"209":69,"210":69,"211":69,"212":69,"213":69,"214":69,"215":69,"216":69,"217":69,"218":69,"219":69,"220":69,"221":69,"222":69,"223":69,"224":69,"225":69,"226":69,"227":69,"228":69,"229":69,"230":69,"231":69,"232":69,"233":69,"234":69,"235":69,"236":69,"237":69,"238":69,"239":69,"240":69,"241":69,"242":69,"243":69,"244":69,"245":69,"246":69,"247":69,"248":69,"249":69,"250":69,"251":69,"252":69,"253":69,"254":69,"255":69,"256":69,"257":69,"258":69,"259":69,"260":69,"261":69,"262":69,"263":69,"264":69,"265":69,"266":69,"267":69,"268":69,"269":69,"270":69,"271":69,"272":69,"273":69,"274":69,"275":69,"276":69,"277":69,"278":69,"279":69,"280":69,"281":69,"282":69,"283":69,"284":69,"285":69,"286":69,"287":69,"288":69,"289":69,"290":69,"291":69,"292":69,"293":69,"294":69,"295":69,"296":69,"297":69,"298":69,"299":69,"300":69,"301":69,"302":69,"303":69,"304":69,"305":69,"306":69,"307":20769,"308":20769,"309":69,"310":69,"311":69,"312":69,"313":69},"b":{"1":[69,0]},"f":{"1":69,"2":69,"3":69},"fnMap":{"1":{"name":"initInterestForDayArray","line":11,"loc":{"start":{"line":11,"column":4},"end":{"line":317,"column":4}}},"2":{"name":"initCumulativeInterestForDays","line":319,"loc":{"start":{"line":319,"column":4},"end":{"line":329,"column":4}}},"3":{"name":"_getInterestTillDays","line":331,"loc":{"start":{"line":331,"column":4},"end":{"line":336,"column":4}}}},"statementMap":{"1":{"start":{"line":12,"column":8},"end":{"line":12,"column":60}},"2":{"start":{"line":14,"column":8},"end":{"line":14,"column":29}},"3":{"start":{"line":15,"column":8},"end":{"line":15,"column":29}},"4":{"start":{"line":16,"column":8},"end":{"line":16,"column":29}},"5":{"start":{"line":17,"column":8},"end":{"line":17,"column":29}},"6":{"start":{"line":18,"column":8},"end":{"line":18,"column":29}},"7":{"start":{"line":19,"column":8},"end":{"line":19,"column":29}},"8":{"start":{"line":20,"column":8},"end":{"line":20,"column":29}},"9":{"start":{"line":21,"column":8},"end":{"line":21,"column":29}},"10":{"start":{"line":22,"column":8},"end":{"line":22,"column":29}},"11":{"start":{"line":23,"column":8},"end":{"line":23,"column":29}},"12":{"start":{"line":24,"column":8},"end":{"line":24,"column":30}},"13":{"start":{"line":25,"column":8},"end":{"line":25,"column":31}},"14":{"start":{"line":26,"column":8},"end":{"line":26,"column":31}},"15":{"start":{"line":27,"column":8},"end":{"line":27,"column":31}},"16":{"start":{"line":28,"column":8},"end":{"line":28,"column":31}},"17":{"start":{"line":29,"column":8},"end":{"line":29,"column":31}},"18":{"start":{"line":30,"column":8},"end":{"line":30,"column":31}},"19":{"start":{"line":31,"column":8},"end":{"line":31,"column":31}},"20":{"start":{"line":32,"column":8},"end":{"line":32,"column":31}},"21":{"start":{"line":33,"column":8},"end":{"line":33,"column":31}},"22":{"start":{"line":34,"column":8},"end":{"line":34,"column":31}},"23":{"start":{"line":35,"column":8},"end":{"line":35,"column":31}},"24":{"start":{"line":36,"column":8},"end":{"line":36,"column":31}},"25":{"start":{"line":37,"column":8},"end":{"line":37,"column":31}},"26":{"start":{"line":38,"column":8},"end":{"line":38,"column":31}},"27":{"start":{"line":39,"column":8},"end":{"line":39,"column":31}},"28":{"start":{"line":40,"column":8},"end":{"line":40,"column":31}},"29":{"start":{"line":41,"column":8},"end":{"line":41,"column":31}},"30":{"start":{"line":42,"column":8},"end":{"line":42,"column":31}},"31":{"start":{"line":43,"column":8},"end":{"line":43,"column":31}},"32":{"start":{"line":44,"column":8},"end":{"line":44,"column":31}},"33":{"start":{"line":45,"column":8},"end":{"line":45,"column":31}},"34":{"start":{"line":46,"column":8},"end":{"line":46,"column":31}},"35":{"start":{"line":47,"column":8},"end":{"line":47,"column":31}},"36":{"start":{"line":48,"column":8},"end":{"line":48,"column":31}},"37":{"start":{"line":49,"column":8},"end":{"line":49,"column":31}},"38":{"start":{"line":50,"column":8},"end":{"line":50,"column":31}},"39":{"start":{"line":51,"column":8},"end":{"line":51,"column":31}},"40":{"start":{"line":52,"column":8},"end":{"line":52,"column":31}},"41":{"start":{"line":53,"column":8},"end":{"line":53,"column":31}},"42":{"start":{"line":54,"column":8},"end":{"line":54,"column":31}},"43":{"start":{"line":55,"column":8},"end":{"line":55,"column":31}},"44":{"start":{"line":56,"column":8},"end":{"line":56,"column":31}},"45":{"start":{"line":57,"column":8},"end":{"line":57,"column":31}},"46":{"start":{"line":58,"column":8},"end":{"line":58,"column":31}},"47":{"start":{"line":59,"column":8},"end":{"line":59,"column":31}},"48":{"start":{"line":60,"column":8},"end":{"line":60,"column":31}},"49":{"start":{"line":61,"column":8},"end":{"line":61,"column":31}},"50":{"start":{"line":62,"column":8},"end":{"line":62,"column":31}},"51":{"start":{"line":63,"column":8},"end":{"line":63,"column":31}},"52":{"start":{"line":64,"column":8},"end":{"line":64,"column":31}},"53":{"start":{"line":65,"column":8},"end":{"line":65,"column":31}},"54":{"start":{"line":66,"column":8},"end":{"line":66,"column":31}},"55":{"start":{"line":67,"column":8},"end":{"line":67,"column":31}},"56":{"start":{"line":68,"column":8},"end":{"line":68,"column":31}},"57":{"start":{"line":69,"column":8},"end":{"line":69,"column":31}},"58":{"start":{"line":70,"column":8},"end":{"line":70,"column":31}},"59":{"start":{"line":71,"column":8},"end":{"line":71,"column":31}},"60":{"start":{"line":72,"column":8},"end":{"line":72,"column":31}},"61":{"start":{"line":73,"column":8},"end":{"line":73,"column":31}},"62":{"start":{"line":74,"column":8},"end":{"line":74,"column":31}},"63":{"start":{"line":75,"column":8},"end":{"line":75,"column":31}},"64":{"start":{"line":76,"column":8},"end":{"line":76,"column":31}},"65":{"start":{"line":77,"column":8},"end":{"line":77,"column":31}},"66":{"start":{"line":78,"column":8},"end":{"line":78,"column":31}},"67":{"start":{"line":79,"column":8},"end":{"line":79,"column":31}},"68":{"start":{"line":80,"column":8},"end":{"line":80,"column":31}},"69":{"start":{"line":81,"column":8},"end":{"line":81,"column":31}},"70":{"start":{"line":82,"column":8},"end":{"line":82,"column":31}},"71":{"start":{"line":83,"column":8},"end":{"line":83,"column":31}},"72":{"start":{"line":84,"column":8},"end":{"line":84,"column":31}},"73":{"start":{"line":85,"column":8},"end":{"line":85,"column":31}},"74":{"start":{"line":86,"column":8},"end":{"line":86,"column":31}},"75":{"start":{"line":87,"column":8},"end":{"line":87,"column":31}},"76":{"start":{"line":88,"column":8},"end":{"line":88,"column":31}},"77":{"start":{"line":89,"column":8},"end":{"line":89,"column":31}},"78":{"start":{"line":90,"column":8},"end":{"line":90,"column":31}},"79":{"start":{"line":91,"column":8},"end":{"line":91,"column":31}},"80":{"start":{"line":92,"column":8},"end":{"line":92,"column":32}},"81":{"start":{"line":93,"column":8},"end":{"line":93,"column":32}},"82":{"start":{"line":94,"column":8},"end":{"line":94,"column":32}},"83":{"start":{"line":95,"column":8},"end":{"line":95,"column":32}},"84":{"start":{"line":96,"column":8},"end":{"line":96,"column":32}},"85":{"start":{"line":97,"column":8},"end":{"line":97,"column":32}},"86":{"start":{"line":98,"column":8},"end":{"line":98,"column":32}},"87":{"start":{"line":99,"column":8},"end":{"line":99,"column":32}},"88":{"start":{"line":100,"column":8},"end":{"line":100,"column":32}},"89":{"start":{"line":101,"column":8},"end":{"line":101,"column":32}},"90":{"start":{"line":102,"column":8},"end":{"line":102,"column":32}},"91":{"start":{"line":103,"column":8},"end":{"line":103,"column":32}},"92":{"start":{"line":104,"column":8},"end":{"line":104,"column":32}},"93":{"start":{"line":105,"column":8},"end":{"line":105,"column":32}},"94":{"start":{"line":106,"column":8},"end":{"line":106,"column":32}},"95":{"start":{"line":107,"column":8},"end":{"line":107,"column":32}},"96":{"start":{"line":108,"column":8},"end":{"line":108,"column":32}},"97":{"start":{"line":109,"column":8},"end":{"line":109,"column":32}},"98":{"start":{"line":110,"column":8},"end":{"line":110,"column":32}},"99":{"start":{"line":111,"column":8},"end":{"line":111,"column":32}},"100":{"start":{"line":112,"column":8},"end":{"line":112,"column":32}},"101":{"start":{"line":113,"column":8},"end":{"line":113,"column":32}},"102":{"start":{"line":114,"column":8},"end":{"line":114,"column":33}},"103":{"start":{"line":115,"column":8},"end":{"line":115,"column":33}},"104":{"start":{"line":116,"column":8},"end":{"line":116,"column":33}},"105":{"start":{"line":117,"column":8},"end":{"line":117,"column":33}},"106":{"start":{"line":118,"column":8},"end":{"line":118,"column":33}},"107":{"start":{"line":119,"column":8},"end":{"line":119,"column":33}},"108":{"start":{"line":120,"column":8},"end":{"line":120,"column":33}},"109":{"start":{"line":121,"column":8},"end":{"line":121,"column":33}},"110":{"start":{"line":122,"column":8},"end":{"line":122,"column":33}},"111":{"start":{"line":123,"column":8},"end":{"line":123,"column":33}},"112":{"start":{"line":124,"column":8},"end":{"line":124,"column":33}},"113":{"start":{"line":125,"column":8},"end":{"line":125,"column":33}},"114":{"start":{"line":126,"column":8},"end":{"line":126,"column":33}},"115":{"start":{"line":127,"column":8},"end":{"line":127,"column":33}},"116":{"start":{"line":128,"column":8},"end":{"line":128,"column":33}},"117":{"start":{"line":129,"column":8},"end":{"line":129,"column":33}},"118":{"start":{"line":130,"column":8},"end":{"line":130,"column":33}},"119":{"start":{"line":131,"column":8},"end":{"line":131,"column":33}},"120":{"start":{"line":132,"column":8},"end":{"line":132,"column":33}},"121":{"start":{"line":133,"column":8},"end":{"line":133,"column":33}},"122":{"start":{"line":134,"column":8},"end":{"line":134,"column":33}},"123":{"start":{"line":135,"column":8},"end":{"line":135,"column":33}},"124":{"start":{"line":136,"column":8},"end":{"line":136,"column":33}},"125":{"start":{"line":137,"column":8},"end":{"line":137,"column":33}},"126":{"start":{"line":138,"column":8},"end":{"line":138,"column":33}},"127":{"start":{"line":139,"column":8},"end":{"line":139,"column":33}},"128":{"start":{"line":140,"column":8},"end":{"line":140,"column":33}},"129":{"start":{"line":141,"column":8},"end":{"line":141,"column":33}},"130":{"start":{"line":142,"column":8},"end":{"line":142,"column":33}},"131":{"start":{"line":143,"column":8},"end":{"line":143,"column":33}},"132":{"start":{"line":144,"column":8},"end":{"line":144,"column":33}},"133":{"start":{"line":145,"column":8},"end":{"line":145,"column":33}},"134":{"start":{"line":146,"column":8},"end":{"line":146,"column":33}},"135":{"start":{"line":147,"column":8},"end":{"line":147,"column":33}},"136":{"start":{"line":148,"column":8},"end":{"line":148,"column":33}},"137":{"start":{"line":149,"column":8},"end":{"line":149,"column":33}},"138":{"start":{"line":150,"column":8},"end":{"line":150,"column":33}},"139":{"start":{"line":151,"column":8},"end":{"line":151,"column":33}},"140":{"start":{"line":152,"column":8},"end":{"line":152,"column":33}},"141":{"start":{"line":153,"column":8},"end":{"line":153,"column":33}},"142":{"start":{"line":154,"column":8},"end":{"line":154,"column":33}},"143":{"start":{"line":155,"column":8},"end":{"line":155,"column":33}},"144":{"start":{"line":156,"column":8},"end":{"line":156,"column":33}},"145":{"start":{"line":157,"column":8},"end":{"line":157,"column":33}},"146":{"start":{"line":158,"column":8},"end":{"line":158,"column":33}},"147":{"start":{"line":159,"column":8},"end":{"line":159,"column":33}},"148":{"start":{"line":160,"column":8},"end":{"line":160,"column":33}},"149":{"start":{"line":161,"column":8},"end":{"line":161,"column":33}},"150":{"start":{"line":162,"column":8},"end":{"line":162,"column":33}},"151":{"start":{"line":163,"column":8},"end":{"line":163,"column":33}},"152":{"start":{"line":164,"column":8},"end":{"line":164,"column":33}},"153":{"start":{"line":165,"column":8},"end":{"line":165,"column":33}},"154":{"start":{"line":166,"column":8},"end":{"line":166,"column":33}},"155":{"start":{"line":167,"column":8},"end":{"line":167,"column":33}},"156":{"start":{"line":168,"column":8},"end":{"line":168,"column":33}},"157":{"start":{"line":169,"column":8},"end":{"line":169,"column":33}},"158":{"start":{"line":170,"column":8},"end":{"line":170,"column":33}},"159":{"start":{"line":171,"column":8},"end":{"line":171,"column":33}},"160":{"start":{"line":172,"column":8},"end":{"line":172,"column":33}},"161":{"start":{"line":173,"column":8},"end":{"line":173,"column":33}},"162":{"start":{"line":174,"column":8},"end":{"line":174,"column":33}},"163":{"start":{"line":175,"column":8},"end":{"line":175,"column":33}},"164":{"start":{"line":176,"column":8},"end":{"line":176,"column":33}},"165":{"start":{"line":177,"column":8},"end":{"line":177,"column":33}},"166":{"start":{"line":178,"column":8},"end":{"line":178,"column":33}},"167":{"start":{"line":179,"column":8},"end":{"line":179,"column":33}},"168":{"start":{"line":180,"column":8},"end":{"line":180,"column":33}},"169":{"start":{"line":181,"column":8},"end":{"line":181,"column":33}},"170":{"start":{"line":182,"column":8},"end":{"line":182,"column":33}},"171":{"start":{"line":183,"column":8},"end":{"line":183,"column":33}},"172":{"start":{"line":184,"column":8},"end":{"line":184,"column":33}},"173":{"start":{"line":185,"column":8},"end":{"line":185,"column":33}},"174":{"start":{"line":186,"column":8},"end":{"line":186,"column":33}},"175":{"start":{"line":187,"column":8},"end":{"line":187,"column":33}},"176":{"start":{"line":188,"column":8},"end":{"line":188,"column":33}},"177":{"start":{"line":189,"column":8},"end":{"line":189,"column":33}},"178":{"start":{"line":190,"column":8},"end":{"line":190,"column":33}},"179":{"start":{"line":191,"column":8},"end":{"line":191,"column":33}},"180":{"start":{"line":192,"column":8},"end":{"line":192,"column":33}},"181":{"start":{"line":193,"column":8},"end":{"line":193,"column":33}},"182":{"start":{"line":194,"column":8},"end":{"line":194,"column":33}},"183":{"start":{"line":195,"column":8},"end":{"line":195,"column":33}},"184":{"start":{"line":196,"column":8},"end":{"line":196,"column":33}},"185":{"start":{"line":197,"column":8},"end":{"line":197,"column":33}},"186":{"start":{"line":198,"column":8},"end":{"line":198,"column":33}},"187":{"start":{"line":199,"column":8},"end":{"line":199,"column":33}},"188":{"start":{"line":200,"column":8},"end":{"line":200,"column":33}},"189":{"start":{"line":201,"column":8},"end":{"line":201,"column":33}},"190":{"start":{"line":202,"column":8},"end":{"line":202,"column":33}},"191":{"start":{"line":203,"column":8},"end":{"line":203,"column":33}},"192":{"start":{"line":204,"column":8},"end":{"line":204,"column":33}},"193":{"start":{"line":205,"column":8},"end":{"line":205,"column":33}},"194":{"start":{"line":206,"column":8},"end":{"line":206,"column":33}},"195":{"start":{"line":207,"column":8},"end":{"line":207,"column":33}},"196":{"start":{"line":208,"column":8},"end":{"line":208,"column":33}},"197":{"start":{"line":209,"column":8},"end":{"line":209,"column":33}},"198":{"start":{"line":210,"column":8},"end":{"line":210,"column":33}},"199":{"start":{"line":211,"column":8},"end":{"line":211,"column":33}},"200":{"start":{"line":212,"column":8},"end":{"line":212,"column":33}},"201":{"start":{"line":213,"column":8},"end":{"line":213,"column":33}},"202":{"start":{"line":214,"column":8},"end":{"line":214,"column":33}},"203":{"start":{"line":215,"column":8},"end":{"line":215,"column":33}},"204":{"start":{"line":216,"column":8},"end":{"line":216,"column":33}},"205":{"start":{"line":217,"column":8},"end":{"line":217,"column":33}},"206":{"start":{"line":218,"column":8},"end":{"line":218,"column":33}},"207":{"start":{"line":219,"column":8},"end":{"line":219,"column":33}},"208":{"start":{"line":220,"column":8},"end":{"line":220,"column":33}},"209":{"start":{"line":221,"column":8},"end":{"line":221,"column":33}},"210":{"start":{"line":222,"column":8},"end":{"line":222,"column":33}},"211":{"start":{"line":223,"column":8},"end":{"line":223,"column":33}},"212":{"start":{"line":224,"column":8},"end":{"line":224,"column":33}},"213":{"start":{"line":225,"column":8},"end":{"line":225,"column":33}},"214":{"start":{"line":226,"column":8},"end":{"line":226,"column":33}},"215":{"start":{"line":227,"column":8},"end":{"line":227,"column":33}},"216":{"start":{"line":228,"column":8},"end":{"line":228,"column":33}},"217":{"start":{"line":229,"column":8},"end":{"line":229,"column":33}},"218":{"start":{"line":230,"column":8},"end":{"line":230,"column":33}},"219":{"start":{"line":231,"column":8},"end":{"line":231,"column":33}},"220":{"start":{"line":232,"column":8},"end":{"line":232,"column":33}},"221":{"start":{"line":233,"column":8},"end":{"line":233,"column":33}},"222":{"start":{"line":234,"column":8},"end":{"line":234,"column":33}},"223":{"start":{"line":235,"column":8},"end":{"line":235,"column":33}},"224":{"start":{"line":236,"column":8},"end":{"line":236,"column":33}},"225":{"start":{"line":237,"column":8},"end":{"line":237,"column":33}},"226":{"start":{"line":238,"column":8},"end":{"line":238,"column":33}},"227":{"start":{"line":239,"column":8},"end":{"line":239,"column":33}},"228":{"start":{"line":240,"column":8},"end":{"line":240,"column":33}},"229":{"start":{"line":241,"column":8},"end":{"line":241,"column":33}},"230":{"start":{"line":242,"column":8},"end":{"line":242,"column":33}},"231":{"start":{"line":243,"column":8},"end":{"line":243,"column":33}},"232":{"start":{"line":244,"column":8},"end":{"line":244,"column":33}},"233":{"start":{"line":245,"column":8},"end":{"line":245,"column":33}},"234":{"start":{"line":246,"column":8},"end":{"line":246,"column":33}},"235":{"start":{"line":247,"column":8},"end":{"line":247,"column":33}},"236":{"start":{"line":248,"column":8},"end":{"line":248,"column":33}},"237":{"start":{"line":249,"column":8},"end":{"line":249,"column":33}},"238":{"start":{"line":250,"column":8},"end":{"line":250,"column":33}},"239":{"start":{"line":251,"column":8},"end":{"line":251,"column":33}},"240":{"start":{"line":252,"column":8},"end":{"line":252,"column":33}},"241":{"start":{"line":253,"column":8},"end":{"line":253,"column":33}},"242":{"start":{"line":254,"column":8},"end":{"line":254,"column":33}},"243":{"start":{"line":255,"column":8},"end":{"line":255,"column":33}},"244":{"start":{"line":256,"column":8},"end":{"line":256,"column":33}},"245":{"start":{"line":257,"column":8},"end":{"line":257,"column":33}},"246":{"start":{"line":258,"column":8},"end":{"line":258,"column":33}},"247":{"start":{"line":259,"column":8},"end":{"line":259,"column":33}},"248":{"start":{"line":260,"column":8},"end":{"line":260,"column":33}},"249":{"start":{"line":261,"column":8},"end":{"line":261,"column":33}},"250":{"start":{"line":262,"column":8},"end":{"line":262,"column":33}},"251":{"start":{"line":263,"column":8},"end":{"line":263,"column":33}},"252":{"start":{"line":264,"column":8},"end":{"line":264,"column":33}},"253":{"start":{"line":265,"column":8},"end":{"line":265,"column":33}},"254":{"start":{"line":266,"column":8},"end":{"line":266,"column":33}},"255":{"start":{"line":267,"column":8},"end":{"line":267,"column":33}},"256":{"start":{"line":268,"column":8},"end":{"line":268,"column":33}},"257":{"start":{"line":269,"column":8},"end":{"line":269,"column":33}},"258":{"start":{"line":270,"column":8},"end":{"line":270,"column":33}},"259":{"start":{"line":271,"column":8},"end":{"line":271,"column":33}},"260":{"start":{"line":272,"column":8},"end":{"line":272,"column":33}},"261":{"start":{"line":273,"column":8},"end":{"line":273,"column":33}},"262":{"start":{"line":274,"column":8},"end":{"line":274,"column":33}},"263":{"start":{"line":275,"column":8},"end":{"line":275,"column":33}},"264":{"start":{"line":276,"column":8},"end":{"line":276,"column":33}},"265":{"start":{"line":277,"column":8},"end":{"line":277,"column":33}},"266":{"start":{"line":278,"column":8},"end":{"line":278,"column":33}},"267":{"start":{"line":279,"column":8},"end":{"line":279,"column":33}},"268":{"start":{"line":280,"column":8},"end":{"line":280,"column":33}},"269":{"start":{"line":281,"column":8},"end":{"line":281,"column":33}},"270":{"start":{"line":282,"column":8},"end":{"line":282,"column":34}},"271":{"start":{"line":283,"column":8},"end":{"line":283,"column":34}},"272":{"start":{"line":284,"column":8},"end":{"line":284,"column":34}},"273":{"start":{"line":285,"column":8},"end":{"line":285,"column":34}},"274":{"start":{"line":286,"column":8},"end":{"line":286,"column":34}},"275":{"start":{"line":287,"column":8},"end":{"line":287,"column":34}},"276":{"start":{"line":288,"column":8},"end":{"line":288,"column":34}},"277":{"start":{"line":289,"column":8},"end":{"line":289,"column":34}},"278":{"start":{"line":290,"column":8},"end":{"line":290,"column":34}},"279":{"start":{"line":291,"column":8},"end":{"line":291,"column":34}},"280":{"start":{"line":292,"column":8},"end":{"line":292,"column":34}},"281":{"start":{"line":293,"column":8},"end":{"line":293,"column":34}},"282":{"start":{"line":294,"column":8},"end":{"line":294,"column":34}},"283":{"start":{"line":295,"column":8},"end":{"line":295,"column":34}},"284":{"start":{"line":296,"column":8},"end":{"line":296,"column":34}},"285":{"start":{"line":297,"column":8},"end":{"line":297,"column":34}},"286":{"start":{"line":298,"column":8},"end":{"line":298,"column":34}},"287":{"start":{"line":299,"column":8},"end":{"line":299,"column":34}},"288":{"start":{"line":300,"column":8},"end":{"line":300,"column":34}},"289":{"start":{"line":301,"column":8},"end":{"line":301,"column":34}},"290":{"start":{"line":302,"column":8},"end":{"line":302,"column":34}},"291":{"start":{"line":303,"column":8},"end":{"line":303,"column":34}},"292":{"start":{"line":304,"column":8},"end":{"line":304,"column":34}},"293":{"start":{"line":305,"column":8},"end":{"line":305,"column":34}},"294":{"start":{"line":306,"column":8},"end":{"line":306,"column":34}},"295":{"start":{"line":307,"column":8},"end":{"line":307,"column":34}},"296":{"start":{"line":308,"column":8},"end":{"line":308,"column":34}},"297":{"start":{"line":309,"column":8},"end":{"line":309,"column":34}},"298":{"start":{"line":310,"column":8},"end":{"line":310,"column":34}},"299":{"start":{"line":311,"column":8},"end":{"line":311,"column":34}},"300":{"start":{"line":312,"column":8},"end":{"line":312,"column":34}},"301":{"start":{"line":313,"column":8},"end":{"line":313,"column":34}},"302":{"start":{"line":314,"column":8},"end":{"line":314,"column":34}},"303":{"start":{"line":316,"column":8},"end":{"line":316,"column":30}},"304":{"start":{"line":320,"column":8},"end":{"line":320,"column":70}},"305":{"start":{"line":322,"column":8},"end":{"line":322,"column":16}},"306":{"start":{"line":323,"column":8},"end":{"line":323,"column":11286}},"307":{"start":{"line":324,"column":12},"end":{"line":324,"column":44}},"308":{"start":{"line":325,"column":12},"end":{"line":325,"column":45}},"309":{"start":{"line":328,"column":8},"end":{"line":328,"column":40}},"310":{"start":{"line":332,"column":8},"end":{"line":332,"column":31}},"311":{"start":{"line":333,"column":8},"end":{"line":333,"column":65}},"312":{"start":{"line":334,"column":8},"end":{"line":334,"column":96}},"313":{"start":{"line":335,"column":8},"end":{"line":335,"column":46}}},"branchMap":{"1":{"line":332,"type":"if","locations":[{"start":{"line":332,"column":8},"end":{"line":332,"column":8}},{"start":{"line":332,"column":8},"end":{"line":332,"column":8}}]}}},
"contracts/PercentageCalculator.sol":{"l":{"13":627,"14":627,"18":131},"path":"/Users/janruls1/new_path/400trx/contracts/PercentageCalculator.sol","s":{"1":627,"2":627,"3":131},"b":{"1":[627,0]},"f":{"1":627,"2":131},"fnMap":{"1":{"name":"_calcPercentage","line":12,"loc":{"start":{"line":12,"column":4},"end":{"line":15,"column":4}}},"2":{"name":"_calcBasisPoints","line":17,"loc":{"start":{"line":17,"column":4},"end":{"line":19,"column":4}}}},"statementMap":{"1":{"start":{"line":13,"column":8},"end":{"line":13,"column":32}},"2":{"start":{"line":14,"column":8},"end":{"line":14,"column":62}},"3":{"start":{"line":18,"column":8},"end":{"line":18,"column":57}}},"branchMap":{"1":{"line":13,"type":"if","locations":[{"start":{"line":13,"column":8},"end":{"line":13,"column":8}},{"start":{"line":13,"column":8},"end":{"line":13,"column":8}}]}}},
"contracts/Pools.sol":{"l":{"10":21,"11":252,"12":252,"15":21,"16":210,"17":210,"20":21,"21":21,"22":21,"26":21,"31":21,"33":21,"35":22,"36":21,"37":21,"38":21,"41":1,"42":0,"43":0,"44":0,"45":0,"46":0,"48":0,"49":0,"52":0,"53":0,"54":0,"57":0,"65":7,"70":7,"72":7,"74":7,"75":7,"76":7,"77":7,"80":0,"81":0,"82":0,"83":0,"84":0,"85":0,"87":0,"88":0,"91":0,"92":0,"93":0,"96":0,"103":21,"104":6,"105":6,"107":0,"108":0,"111":6,"112":12,"114":6,"115":6,"118":6,"119":6,"121":6},"path":"/Users/janruls1/new_path/400trx/contracts/Pools.sol","s":{"1":21,"2":252,"3":252,"4":21,"5":210,"6":210,"7":21,"8":21,"9":21,"10":21,"11":21,"12":21,"13":22,"14":21,"15":21,"16":1,"17":0,"18":0,"19":0,"20":0,"21":0,"22":0,"23":0,"24":0,"25":0,"26":7,"27":7,"28":7,"29":7,"30":7,"31":7,"32":0,"33":0,"34":0,"35":0,"36":0,"37":0,"38":0,"39":0,"40":0,"41":0,"42":21,"43":6,"44":6,"45":0,"46":0,"47":6,"48":12,"49":6,"50":6,"51":6,"52":6,"53":6},"b":{"1":[21,0],"2":[21,1],"3":[0,1],"4":[0,0],"5":[7,0],"6":[7,0],"7":[0,0],"8":[0,0],"9":[6,15],"10":[6,0],"11":[6,6]},"f":{"1":21,"2":21,"3":7,"4":21},"fnMap":{"1":{"name":"_resetPools","line":9,"loc":{"start":{"line":9,"column":4},"end":{"line":23,"column":4}}},"2":{"name":"_updateSponsorPoolUsers","line":25,"loc":{"start":{"line":25,"column":4},"end":{"line":61,"column":4}}},"3":{"name":"_updateRefPoolUsers","line":64,"loc":{"start":{"line":64,"column":4},"end":{"line":100,"column":4}}},"4":{"name":"drawPool","line":102,"loc":{"start":{"line":102,"column":4},"end":{"line":123,"column":4}}}},"statementMap":{"1":{"start":{"line":10,"column":8},"end":{"line":10,"column":184}},"2":{"start":{"line":11,"column":12},"end":{"line":11,"column":44}},"3":{"start":{"line":12,"column":12},"end":{"line":12,"column":38}},"4":{"start":{"line":15,"column":8},"end":{"line":15,"column":342}},"5":{"start":{"line":16,"column":12},"end":{"line":16,"column":48}},"6":{"start":{"line":17,"column":12},"end":{"line":17,"column":38}},"7":{"start":{"line":20,"column":8},"end":{"line":20,"column":25}},"8":{"start":{"line":21,"column":8},"end":{"line":21,"column":29}},"9":{"start":{"line":22,"column":8},"end":{"line":22,"column":35}},"10":{"start":{"line":26,"column":8},"end":{"line":26,"column":699}},"11":{"start":{"line":31,"column":12},"end":{"line":31,"column":37}},"12":{"start":{"line":33,"column":12},"end":{"line":33,"column":1125}},"13":{"start":{"line":35,"column":16},"end":{"line":35,"column":1199}},"14":{"start":{"line":36,"column":20},"end":{"line":36,"column":57}},"15":{"start":{"line":37,"column":20},"end":{"line":37,"column":57}},"16":{"start":{"line":41,"column":16},"end":{"line":41,"column":1427}},"17":{"start":{"line":42,"column":20},"end":{"line":42,"column":50}},"18":{"start":{"line":43,"column":20},"end":{"line":43,"column":57}},"19":{"start":{"line":44,"column":20},"end":{"line":44,"column":57}},"20":{"start":{"line":45,"column":20},"end":{"line":45,"column":44}},"21":{"start":{"line":46,"column":20},"end":{"line":46,"column":1791}},"22":{"start":{"line":48,"column":24},"end":{"line":48,"column":1873}},"23":{"start":{"line":52,"column":24},"end":{"line":52,"column":53}},"24":{"start":{"line":53,"column":24},"end":{"line":53,"column":54}},"25":{"start":{"line":54,"column":24},"end":{"line":54,"column":43}},"26":{"start":{"line":65,"column":8},"end":{"line":65,"column":2422}},"27":{"start":{"line":70,"column":12},"end":{"line":70,"column":37}},"28":{"start":{"line":72,"column":12},"end":{"line":72,"column":2803}},"29":{"start":{"line":74,"column":16},"end":{"line":74,"column":2873}},"30":{"start":{"line":75,"column":20},"end":{"line":75,"column":53}},"31":{"start":{"line":76,"column":20},"end":{"line":76,"column":53}},"32":{"start":{"line":80,"column":16},"end":{"line":80,"column":3089}},"33":{"start":{"line":81,"column":20},"end":{"line":81,"column":46}},"34":{"start":{"line":82,"column":20},"end":{"line":82,"column":53}},"35":{"start":{"line":83,"column":20},"end":{"line":83,"column":53}},"36":{"start":{"line":84,"column":20},"end":{"line":84,"column":44}},"37":{"start":{"line":85,"column":20},"end":{"line":85,"column":3425}},"38":{"start":{"line":87,"column":24},"end":{"line":87,"column":3503}},"39":{"start":{"line":91,"column":24},"end":{"line":91,"column":49}},"40":{"start":{"line":92,"column":24},"end":{"line":92,"column":50}},"41":{"start":{"line":93,"column":24},"end":{"line":93,"column":43}},"42":{"start":{"line":103,"column":8},"end":{"line":103,"column":3937}},"43":{"start":{"line":104,"column":12},"end":{"line":104,"column":3998}},"44":{"start":{"line":105,"column":16},"end":{"line":105,"column":61}},"45":{"start":{"line":107,"column":16},"end":{"line":107,"column":63}},"46":{"start":{"line":108,"column":16},"end":{"line":108,"column":176}},"47":{"start":{"line":111,"column":12},"end":{"line":111,"column":4382}},"48":{"start":{"line":112,"column":16},"end":{"line":112,"column":65}},"49":{"start":{"line":114,"column":16},"end":{"line":114,"column":67}},"50":{"start":{"line":115,"column":16},"end":{"line":115,"column":200}},"51":{"start":{"line":118,"column":12},"end":{"line":118,"column":72}},"52":{"start":{"line":119,"column":12},"end":{"line":119,"column":84}},"53":{"start":{"line":121,"column":12},"end":{"line":121,"column":24}}},"branchMap":{"1":{"line":26,"type":"if","locations":[{"start":{"line":26,"column":8},"end":{"line":26,"column":8}},{"start":{"line":26,"column":8},"end":{"line":26,"column":8}}]},"2":{"line":35,"type":"if","locations":[{"start":{"line":35,"column":16},"end":{"line":35,"column":16}},{"start":{"line":35,"column":16},"end":{"line":35,"column":16}}]},"3":{"line":41,"type":"if","locations":[{"start":{"line":41,"column":16},"end":{"line":41,"column":16}},{"start":{"line":41,"column":16},"end":{"line":41,"column":16}}]},"4":{"line":48,"type":"if","locations":[{"start":{"line":48,"column":24},"end":{"line":48,"column":24}},{"start":{"line":48,"column":24},"end":{"line":48,"column":24}}]},"5":{"line":65,"type":"if","locations":[{"start":{"line":65,"column":8},"end":{"line":65,"column":8}},{"start":{"line":65,"column":8},"end":{"line":65,"column":8}}]},"6":{"line":74,"type":"if","locations":[{"start":{"line":74,"column":16},"end":{"line":74,"column":16}},{"start":{"line":74,"column":16},"end":{"line":74,"column":16}}]},"7":{"line":80,"type":"if","locations":[{"start":{"line":80,"column":16},"end":{"line":80,"column":16}},{"start":{"line":80,"column":16},"end":{"line":80,"column":16}}]},"8":{"line":87,"type":"if","locations":[{"start":{"line":87,"column":24},"end":{"line":87,"column":24}},{"start":{"line":87,"column":24},"end":{"line":87,"column":24}}]},"9":{"line":103,"type":"if","locations":[{"start":{"line":103,"column":8},"end":{"line":103,"column":8}},{"start":{"line":103,"column":8},"end":{"line":103,"column":8}}]},"10":{"line":105,"type":"if","locations":[{"start":{"line":105,"column":16},"end":{"line":105,"column":16}},{"start":{"line":105,"column":16},"end":{"line":105,"column":16}}]},"11":{"line":112,"type":"if","locations":[{"start":{"line":112,"column":16},"end":{"line":112,"column":16}},{"start":{"line":112,"column":16},"end":{"line":112,"column":16}}]}}},
"contracts/RewardsAndPenalties.sol":{"l":{"12":21,"16":7,"18":7,"20":7,"22":7,"23":0,"24":0,"27":7,"29":7,"31":7,"36":21,"38":21,"39":0,"41":0,"43":0,"45":0,"47":0,"49":0,"51":0,"53":0,"55":0,"57":20,"59":0,"62":21,"66":69,"68":69,"69":0,"72":69,"76":61,"77":61,"79":61,"80":2,"83":61,"87":69,"88":69,"90":69,"92":69,"94":69,"96":69,"100":69,"102":69,"103":61,"106":69,"108":69,"109":2,"112":69,"116":62,"118":62,"119":49,"122":13},"path":"/Users/janruls1/new_path/400trx/contracts/RewardsAndPenalties.sol","s":{"1":21,"2":7,"3":7,"4":7,"5":7,"6":0,"7":0,"8":7,"9":7,"10":7,"11":21,"12":21,"13":0,"14":21,"15":0,"16":21,"17":0,"18":21,"19":0,"20":21,"21":0,"22":21,"23":0,"24":21,"25":0,"26":21,"27":0,"28":21,"29":0,"30":21,"31":20,"32":1,"33":0,"34":21,"35":69,"36":69,"37":0,"38":69,"39":61,"40":61,"41":61,"42":2,"43":61,"44":69,"45":69,"46":69,"47":69,"48":69,"49":69,"50":69,"51":69,"52":61,"53":69,"54":69,"55":2,"56":69,"57":62,"58":62,"59":49,"60":13},"b":{"1":[7,14],"2":[0,7],"3":[0,21],"4":[0,21],"5":[0,21],"6":[0,21],"7":[0,21],"8":[0,21],"9":[0,21],"10":[0,21],"11":[0,21],"12":[20,1],"13":[0,1],"14":[0,69],"15":[2,59],"16":[61,8],"17":[2,67],"18":[49,13]},"f":{"1":21,"2":21,"3":69,"4":61,"5":69,"6":69,"7":62},"fnMap":{"1":{"name":"_distributeReferralReward","line":11,"loc":{"start":{"line":11,"column":4},"end":{"line":33,"column":4}}},"2":{"name":"_calcDepositRewards","line":35,"loc":{"start":{"line":35,"column":4},"end":{"line":63,"column":4}}},"3":{"name":"_calcContractBonus","line":65,"loc":{"start":{"line":65,"column":4},"end":{"line":73,"column":4}}},"4":{"name":"_calcHoldRewards","line":75,"loc":{"start":{"line":75,"column":4},"end":{"line":84,"column":4}}},"5":{"name":"_calcRewardsWithoutHoldBonus","line":86,"loc":{"start":{"line":86,"column":4},"end":{"line":97,"column":4}}},"6":{"name":"_calcRewards","line":99,"loc":{"start":{"line":99,"column":4},"end":{"line":113,"column":4}}},"7":{"name":"_calcPenalty","line":115,"loc":{"start":{"line":115,"column":4},"end":{"line":123,"column":4}}}},"statementMap":{"1":{"start":{"line":12,"column":8},"end":{"line":12,"column":304}},"2":{"start":{"line":16,"column":12},"end":{"line":16,"column":71}},"3":{"start":{"line":18,"column":12},"end":{"line":18,"column":72}},"4":{"start":{"line":20,"column":12},"end":{"line":20,"column":148}},"5":{"start":{"line":22,"column":12},"end":{"line":22,"column":782}},"6":{"start":{"line":23,"column":16},"end":{"line":23,"column":46}},"7":{"start":{"line":24,"column":16},"end":{"line":24,"column":39}},"8":{"start":{"line":27,"column":12},"end":{"line":27,"column":66}},"9":{"start":{"line":29,"column":12},"end":{"line":29,"column":49}},"10":{"start":{"line":31,"column":12},"end":{"line":31,"column":60}},"11":{"start":{"line":36,"column":8},"end":{"line":36,"column":30}},"12":{"start":{"line":38,"column":8},"end":{"line":38,"column":1245}},"13":{"start":{"line":39,"column":12},"end":{"line":39,"column":29}},"14":{"start":{"line":40,"column":15},"end":{"line":40,"column":1316}},"15":{"start":{"line":41,"column":12},"end":{"line":41,"column":29}},"16":{"start":{"line":42,"column":15},"end":{"line":42,"column":1387}},"17":{"start":{"line":43,"column":12},"end":{"line":43,"column":29}},"18":{"start":{"line":44,"column":15},"end":{"line":44,"column":1457}},"19":{"start":{"line":45,"column":12},"end":{"line":45,"column":29}},"20":{"start":{"line":46,"column":15},"end":{"line":46,"column":1527}},"21":{"start":{"line":47,"column":12},"end":{"line":47,"column":29}},"22":{"start":{"line":48,"column":15},"end":{"line":48,"column":1597}},"23":{"start":{"line":49,"column":12},"end":{"line":49,"column":29}},"24":{"start":{"line":50,"column":15},"end":{"line":50,"column":1667}},"25":{"start":{"line":51,"column":12},"end":{"line":51,"column":29}},"26":{"start":{"line":52,"column":15},"end":{"line":52,"column":1736}},"27":{"start":{"line":53,"column":12},"end":{"line":53,"column":29}},"28":{"start":{"line":54,"column":15},"end":{"line":54,"column":1805}},"29":{"start":{"line":55,"column":12},"end":{"line":55,"column":28}},"30":{"start":{"line":56,"column":15},"end":{"line":56,"column":1873}},"31":{"start":{"line":57,"column":12},"end":{"line":57,"column":28}},"32":{"start":{"line":58,"column":15},"end":{"line":58,"column":1940}},"33":{"start":{"line":59,"column":12},"end":{"line":59,"column":28}},"34":{"start":{"line":62,"column":8},"end":{"line":62,"column":53}},"35":{"start":{"line":66,"column":8},"end":{"line":66,"column":129}},"36":{"start":{"line":68,"column":8},"end":{"line":68,"column":2288}},"37":{"start":{"line":69,"column":12},"end":{"line":69,"column":55}},"38":{"start":{"line":72,"column":8},"end":{"line":72,"column":67}},"39":{"start":{"line":76,"column":8},"end":{"line":76,"column":99}},"40":{"start":{"line":77,"column":8},"end":{"line":77,"column":71}},"41":{"start":{"line":79,"column":8},"end":{"line":79,"column":2749}},"42":{"start":{"line":80,"column":12},"end":{"line":80,"column":47}},"43":{"start":{"line":83,"column":8},"end":{"line":83,"column":63}},"44":{"start":{"line":87,"column":8},"end":{"line":87,"column":83}},"45":{"start":{"line":88,"column":8},"end":{"line":88,"column":54}},"46":{"start":{"line":90,"column":8},"end":{"line":90,"column":129}},"47":{"start":{"line":92,"column":8},"end":{"line":92,"column":54}},"48":{"start":{"line":94,"column":8},"end":{"line":94,"column":119}},"49":{"start":{"line":96,"column":8},"end":{"line":96,"column":43}},"50":{"start":{"line":100,"column":8},"end":{"line":100,"column":58}},"51":{"start":{"line":102,"column":8},"end":{"line":102,"column":3670}},"52":{"start":{"line":103,"column":12},"end":{"line":103,"column":57}},"53":{"start":{"line":106,"column":8},"end":{"line":106,"column":80}},"54":{"start":{"line":108,"column":8},"end":{"line":108,"column":3903}},"55":{"start":{"line":109,"column":12},"end":{"line":109,"column":31}},"56":{"start":{"line":112,"column":8},"end":{"line":112,"column":22}},"57":{"start":{"line":116,"column":8},"end":{"line":116,"column":76}},"58":{"start":{"line":118,"column":8},"end":{"line":118,"column":4253}},"59":{"start":{"line":119,"column":12},"end":{"line":119,"column":20}},"60":{"start":{"line":122,"column":8},"end":{"line":122,"column":134}}},"branchMap":{"1":{"line":12,"type":"if","locations":[{"start":{"line":12,"column":8},"end":{"line":12,"column":8}},{"start":{"line":12,"column":8},"end":{"line":12,"column":8}}]},"2":{"line":22,"type":"if","locations":[{"start":{"line":22,"column":12},"end":{"line":22,"column":12}},{"start":{"line":22,"column":12},"end":{"line":22,"column":12}}]},"3":{"line":38,"type":"if","locations":[{"start":{"line":38,"column":8},"end":{"line":38,"column":8}},{"start":{"line":38,"column":8},"end":{"line":38,"column":8}}]},"4":{"line":40,"type":"if","locations":[{"start":{"line":40,"column":15},"end":{"line":40,"column":15}},{"start":{"line":40,"column":15},"end":{"line":40,"column":15}}]},"5":{"line":42,"type":"if","locations":[{"start":{"line":42,"column":15},"end":{"line":42,"column":15}},{"start":{"line":42,"column":15},"end":{"line":42,"column":15}}]},"6":{"line":44,"type":"if","locations":[{"start":{"line":44,"column":15},"end":{"line":44,"column":15}},{"start":{"line":44,"column":15},"end":{"line":44,"column":15}}]},"7":{"line":46,"type":"if","locations":[{"start":{"line":46,"column":15},"end":{"line":46,"column":15}},{"start":{"line":46,"column":15},"end":{"line":46,"column":15}}]},"8":{"line":48,"type":"if","locations":[{"start":{"line":48,"column":15},"end":{"line":48,"column":15}},{"start":{"line":48,"column":15},"end":{"line":48,"column":15}}]},"9":{"line":50,"type":"if","locations":[{"start":{"line":50,"column":15},"end":{"line":50,"column":15}},{"start":{"line":50,"column":15},"end":{"line":50,"column":15}}]},"10":{"line":52,"type":"if","locations":[{"start":{"line":52,"column":15},"end":{"line":52,"column":15}},{"start":{"line":52,"column":15},"end":{"line":52,"column":15}}]},"11":{"line":54,"type":"if","locations":[{"start":{"line":54,"column":15},"end":{"line":54,"column":15}},{"start":{"line":54,"column":15},"end":{"line":54,"column":15}}]},"12":{"line":56,"type":"if","locations":[{"start":{"line":56,"column":15},"end":{"line":56,"column":15}},{"start":{"line":56,"column":15},"end":{"line":56,"column":15}}]},"13":{"line":58,"type":"if","locations":[{"start":{"line":58,"column":15},"end":{"line":58,"column":15}},{"start":{"line":58,"column":15},"end":{"line":58,"column":15}}]},"14":{"line":68,"type":"if","locations":[{"start":{"line":68,"column":8},"end":{"line":68,"column":8}},{"start":{"line":68,"column":8},"end":{"line":68,"column":8}}]},"15":{"line":79,"type":"if","locations":[{"start":{"line":79,"column":8},"end":{"line":79,"column":8}},{"start":{"line":79,"column":8},"end":{"line":79,"column":8}}]},"16":{"line":102,"type":"if","locations":[{"start":{"line":102,"column":8},"end":{"line":102,"column":8}},{"start":{"line":102,"column":8},"end":{"line":102,"column":8}}]},"17":{"line":108,"type":"if","locations":[{"start":{"line":108,"column":8},"end":{"line":108,"column":8}},{"start":{"line":108,"column":8},"end":{"line":108,"column":8}}]},"18":{"line":118,"type":"if","locations":[{"start":{"line":118,"column":8},"end":{"line":118,"column":8}},{"start":{"line":118,"column":8},"end":{"line":118,"column":8}}]}}},
"contracts/SharedVariables.sol":{"l":{},"path":"/Users/janruls1/new_path/400trx/contracts/SharedVariables.sol","s":{},"b":{},"f":{},"fnMap":{},"statementMap":{},"branchMap":{}},
"contracts/StatsVars.sol":{"l":{},"path":"/Users/janruls1/new_path/400trx/contracts/StatsVars.sol","s":{},"b":{},"f":{},"fnMap":{},"statementMap":{},"branchMap":{}},
"contracts/utils/Utils.sol":{"l":{"13":130},"path":"/Users/janruls1/new_path/400trx/contracts/utils/Utils.sol","s":{"1":130},"b":{},"f":{"1":130},"fnMap":{"1":{"name":"_calcDays","line":12,"loc":{"start":{"line":12,"column":4},"end":{"line":14,"column":4}}}},"statementMap":{"1":{"start":{"line":13,"column":8},"end":{"line":13,"column":38}}},"branchMap":{}}}
