TN:
SF:/Users/janruls1/new_path/400trx/contracts/Constants.sol
FNF:0
FNH:0
LF:0
LH:0
BRF:0
BRH:0
end_of_record
TN:
SF:/Users/janruls1/new_path/400trx/contracts/Events.sol
FNF:0
FNH:0
LF:0
LH:0
BRF:0
BRH:0
end_of_record
TN:
SF:/Users/janruls1/new_path/400trx/contracts/FourRXFinance.sol
FN:11,constructor
FN:43,deposit
FN:103,balanceOf
FN:110,withdraw
FN:161,exitProgram
FN:189,insureStake
FN:196,getUser
FN:200,getPoolInfo
FN:204,getContractInfo
FNF:9
FNH:9
FNDA:15,constructor
FNDA:23,deposit
FNDA:7,balanceOf
FNDA:66,withdraw
FNDA:1,exitProgram
FNDA:2,insureStake
FNDA:3,getUser
FNDA:1,getPoolInfo
FNDA:61,getContractInfo
DA:12,15
DA:14,15
DA:15,15
DA:16,15
DA:17,15
DA:18,15
DA:19,15
DA:20,15
DA:21,15
DA:22,15
DA:23,15
DA:24,15
DA:25,15
DA:27,15
DA:28,15
DA:29,15
DA:30,15
DA:31,15
DA:32,15
DA:33,15
DA:34,15
DA:35,15
DA:36,15
DA:38,15
DA:40,15
DA:44,23
DA:49,23
DA:51,23
DA:52,0
DA:55,23
DA:57,21
DA:59,21
DA:61,21
DA:63,21
DA:65,21
DA:66,21
DA:67,21
DA:68,21
DA:70,21
DA:71,21
DA:72,21
DA:74,21
DA:75,21
DA:77,21
DA:79,21
DA:81,21
DA:83,21
DA:84,21
DA:86,21
DA:88,21
DA:90,21
DA:91,21
DA:94,21
DA:95,21
DA:96,21
DA:97,21
DA:99,21
DA:104,7
DA:105,7
DA:107,7
DA:111,66
DA:112,66
DA:113,66
DA:115,66
DA:117,62
DA:119,62
DA:121,62
DA:123,62
DA:124,50
DA:126,50
DA:128,50
DA:129,44
DA:133,62
DA:134,1
DA:137,62
DA:139,62
DA:141,62
DA:142,62
DA:143,62
DA:145,62
DA:147,62
DA:149,62
DA:150,0
DA:151,0
DA:154,62
DA:156,62
DA:158,62
DA:162,1
DA:163,1
DA:164,1
DA:165,1
DA:166,1
DA:168,1
DA:170,1
DA:171,1
DA:172,1
DA:174,1
DA:176,1
DA:177,1
DA:178,1
DA:180,1
DA:181,1
DA:183,1
DA:184,1
DA:186,1
DA:190,2
DA:191,2
DA:192,2
DA:193,2
DA:197,3
DA:201,1
DA:205,61
LF:112
LH:109
BRDA:44,1,0,23
BRDA:44,1,1,0
BRDA:51,2,0,0
BRDA:51,2,1,23
BRDA:52,3,0,0
BRDA:52,3,1,0
BRDA:55,4,0,21
BRDA:55,4,1,2
BRDA:90,5,0,21
BRDA:90,5,1,0
BRDA:104,6,0,7
BRDA:104,6,1,0
BRDA:113,7,0,66
BRDA:113,7,1,0
BRDA:115,8,0,62
BRDA:115,8,1,4
BRDA:119,9,0,62
BRDA:119,9,1,0
BRDA:123,10,0,50
BRDA:123,10,1,12
BRDA:128,11,0,44
BRDA:128,11,1,6
BRDA:133,12,0,1
BRDA:133,12,1,61
BRDA:149,13,0,0
BRDA:149,13,1,62
BRDA:163,14,0,1
BRDA:163,14,1,0
BRDA:171,15,0,1
BRDA:171,15,1,0
BRDA:191,16,0,2
BRDA:191,16,1,0
BRF:32
BRH:20
end_of_record
TN:
SF:/Users/janruls1/new_path/400trx/contracts/Insurance.sol
FN:14,_checkForBaseInsuranceTrigger
FN:22,_getInsuredAvailableAmount
FN:42,_insureStake
FNF:3
FNH:3
FNDA:62,_checkForBaseInsuranceTrigger
FNDA:1,_getInsuredAvailableAmount
FNDA:2,_insureStake
DA:15,62
DA:16,2
DA:18,60
DA:24,1
DA:26,1
DA:27,1
DA:28,1
DA:31,1
DA:33,1
DA:35,1
DA:36,0
DA:39,1
DA:43,2
DA:45,2
DA:46,2
LF:15
LH:14
BRDA:15,1,0,2
BRDA:15,1,1,60
BRDA:27,2,0,1
BRDA:27,2,1,0
BRDA:33,3,0,1
BRDA:33,3,1,0
BRDA:35,4,0,0
BRDA:35,4,1,1
BRDA:43,5,0,2
BRDA:43,5,1,0
BRF:10
BRH:6
end_of_record
TN:
SF:/Users/janruls1/new_path/400trx/contracts/InterestCalculator.sol
FN:11,initInterestForDayArray
FN:319,initCumulativeInterestForDays
FN:331,_getInterestTillDays
FNF:3
FNH:3
FNDA:69,initInterestForDayArray
FNDA:69,initCumulativeInterestForDays
FNDA:69,_getInterestTillDays
DA:12,69
DA:14,69
DA:15,69
DA:16,69
DA:17,69
DA:18,69
DA:19,69
DA:20,69
DA:21,69
DA:22,69
DA:23,69
DA:24,69
DA:25,69
DA:26,69
DA:27,69
DA:28,69
DA:29,69
DA:30,69
DA:31,69
DA:32,69
DA:33,69
DA:34,69
DA:35,69
DA:36,69
DA:37,69
DA:38,69
DA:39,69
DA:40,69
DA:41,69
DA:42,69
DA:43,69
DA:44,69
DA:45,69
DA:46,69
DA:47,69
DA:48,69
DA:49,69
DA:50,69
DA:51,69
DA:52,69
DA:53,69
DA:54,69
DA:55,69
DA:56,69
DA:57,69
DA:58,69
DA:59,69
DA:60,69
DA:61,69
DA:62,69
DA:63,69
DA:64,69
DA:65,69
DA:66,69
DA:67,69
DA:68,69
DA:69,69
DA:70,69
DA:71,69
DA:72,69
DA:73,69
DA:74,69
DA:75,69
DA:76,69
DA:77,69
DA:78,69
DA:79,69
DA:80,69
DA:81,69
DA:82,69
DA:83,69
DA:84,69
DA:85,69
DA:86,69
DA:87,69
DA:88,69
DA:89,69
DA:90,69
DA:91,69
DA:92,69
DA:93,69
DA:94,69
DA:95,69
DA:96,69
DA:97,69
DA:98,69
DA:99,69
DA:100,69
DA:101,69
DA:102,69
DA:103,69
DA:104,69
DA:105,69
DA:106,69
DA:107,69
DA:108,69
DA:109,69
DA:110,69
DA:111,69
DA:112,69
DA:113,69
DA:114,69
DA:115,69
DA:116,69
DA:117,69
DA:118,69
DA:119,69
DA:120,69
DA:121,69
DA:122,69
DA:123,69
DA:124,69
DA:125,69
DA:126,69
DA:127,69
DA:128,69
DA:129,69
DA:130,69
DA:131,69
DA:132,69
DA:133,69
DA:134,69
DA:135,69
DA:136,69
DA:137,69
DA:138,69
DA:139,69
DA:140,69
DA:141,69
DA:142,69
DA:143,69
DA:144,69
DA:145,69
DA:146,69
DA:147,69
DA:148,69
DA:149,69
DA:150,69
DA:151,69
DA:152,69
DA:153,69
DA:154,69
DA:155,69
DA:156,69
DA:157,69
DA:158,69
DA:159,69
DA:160,69
DA:161,69
DA:162,69
DA:163,69
DA:164,69
DA:165,69
DA:166,69
DA:167,69
DA:168,69
DA:169,69
DA:170,69
DA:171,69
DA:172,69
DA:173,69
DA:174,69
DA:175,69
DA:176,69
DA:177,69
DA:178,69
DA:179,69
DA:180,69
DA:181,69
DA:182,69
DA:183,69
DA:184,69
DA:185,69
DA:186,69
DA:187,69
DA:188,69
DA:189,69
DA:190,69
DA:191,69
DA:192,69
DA:193,69
DA:194,69
DA:195,69
DA:196,69
DA:197,69
DA:198,69
DA:199,69
DA:200,69
DA:201,69
DA:202,69
DA:203,69
DA:204,69
DA:205,69
DA:206,69
DA:207,69
DA:208,69
DA:209,69
DA:210,69
DA:211,69
DA:212,69
DA:213,69
DA:214,69
DA:215,69
DA:216,69
DA:217,69
DA:218,69
DA:219,69
DA:220,69
DA:221,69
DA:222,69
DA:223,69
DA:224,69
DA:225,69
DA:226,69
DA:227,69
DA:228,69
DA:229,69
DA:230,69
DA:231,69
DA:232,69
DA:233,69
DA:234,69
DA:235,69
DA:236,69
DA:237,69
DA:238,69
DA:239,69
DA:240,69
DA:241,69
DA:242,69
DA:243,69
DA:244,69
DA:245,69
DA:246,69
DA:247,69
DA:248,69
DA:249,69
DA:250,69
DA:251,69
DA:252,69
DA:253,69
DA:254,69
DA:255,69
DA:256,69
DA:257,69
DA:258,69
DA:259,69
DA:260,69
DA:261,69
DA:262,69
DA:263,69
DA:264,69
DA:265,69
DA:266,69
DA:267,69
DA:268,69
DA:269,69
DA:270,69
DA:271,69
DA:272,69
DA:273,69
DA:274,69
DA:275,69
DA:276,69
DA:277,69
DA:278,69
DA:279,69
DA:280,69
DA:281,69
DA:282,69
DA:283,69
DA:284,69
DA:285,69
DA:286,69
DA:287,69
DA:288,69
DA:289,69
DA:290,69
DA:291,69
DA:292,69
DA:293,69
DA:294,69
DA:295,69
DA:296,69
DA:297,69
DA:298,69
DA:299,69
DA:300,69
DA:301,69
DA:302,69
DA:303,69
DA:304,69
DA:305,69
DA:306,69
DA:307,69
DA:308,69
DA:309,69
DA:310,69
DA:311,69
DA:312,69
DA:313,69
DA:314,69
DA:316,69
DA:320,69
DA:322,69
DA:323,69
DA:324,20769
DA:325,20769
DA:328,69
DA:332,69
DA:333,69
DA:334,69
DA:335,69
LF:313
LH:313
BRDA:332,1,0,69
BRDA:332,1,1,0
BRF:2
BRH:1
end_of_record
TN:
SF:/Users/janruls1/new_path/400trx/contracts/PercentageCalculator.sol
FN:12,_calcPercentage
FN:17,_calcBasisPoints
FNF:2
FNH:2
FNDA:627,_calcPercentage
FNDA:131,_calcBasisPoints
DA:13,627
DA:14,627
DA:18,131
LF:3
LH:3
BRDA:13,1,0,627
BRDA:13,1,1,0
BRF:2
BRH:1
end_of_record
TN:
SF:/Users/janruls1/new_path/400trx/contracts/Pools.sol
FN:9,_resetPools
FN:25,_updateSponsorPoolUsers
FN:64,_updateRefPoolUsers
FN:102,drawPool
FNF:4
FNH:4
FNDA:21,_resetPools
FNDA:21,_updateSponsorPoolUsers
FNDA:7,_updateRefPoolUsers
FNDA:21,drawPool
DA:10,21
DA:11,252
DA:12,252
DA:15,21
DA:16,210
DA:17,210
DA:20,21
DA:21,21
DA:22,21
DA:26,21
DA:31,21
DA:33,21
DA:35,22
DA:36,21
DA:37,21
DA:38,21
DA:41,1
DA:42,0
DA:43,0
DA:44,0
DA:45,0
DA:46,0
DA:48,0
DA:49,0
DA:52,0
DA:53,0
DA:54,0
DA:57,0
DA:65,7
DA:70,7
DA:72,7
DA:74,7
DA:75,7
DA:76,7
DA:77,7
DA:80,0
DA:81,0
DA:82,0
DA:83,0
DA:84,0
DA:85,0
DA:87,0
DA:88,0
DA:91,0
DA:92,0
DA:93,0
DA:96,0
DA:103,21
DA:104,6
DA:105,6
DA:107,0
DA:108,0
DA:111,6
DA:112,12
DA:114,6
DA:115,6
DA:118,6
DA:119,6
DA:121,6
LF:59
LH:34
BRDA:26,1,0,21
BRDA:26,1,1,0
BRDA:35,2,0,21
BRDA:35,2,1,1
BRDA:41,3,0,0
BRDA:41,3,1,1
BRDA:48,4,0,0
BRDA:48,4,1,0
BRDA:65,5,0,7
BRDA:65,5,1,0
BRDA:74,6,0,7
BRDA:74,6,1,0
BRDA:80,7,0,0
BRDA:80,7,1,0
BRDA:87,8,0,0
BRDA:87,8,1,0
BRDA:103,9,0,6
BRDA:103,9,1,15
BRDA:105,10,0,6
BRDA:105,10,1,0
BRDA:112,11,0,6
BRDA:112,11,1,6
BRF:22
BRH:11
end_of_record
TN:
SF:/Users/janruls1/new_path/400trx/contracts/RewardsAndPenalties.sol
FN:11,_distributeReferralReward
FN:35,_calcDepositRewards
FN:65,_calcContractBonus
FN:75,_calcHoldRewards
FN:86,_calcRewardsWithoutHoldBonus
FN:99,_calcRewards
FN:115,_calcPenalty
FNF:7
FNH:7
FNDA:21,_distributeReferralReward
FNDA:21,_calcDepositRewards
FNDA:69,_calcContractBonus
FNDA:61,_calcHoldRewards
FNDA:69,_calcRewardsWithoutHoldBonus
FNDA:69,_calcRewards
FNDA:62,_calcPenalty
DA:12,21
DA:16,7
DA:18,7
DA:20,7
DA:22,7
DA:23,0
DA:24,0
DA:27,7
DA:29,7
DA:31,7
DA:36,21
DA:38,21
DA:39,0
DA:41,0
DA:43,0
DA:45,0
DA:47,0
DA:49,0
DA:51,0
DA:53,0
DA:55,0
DA:57,20
DA:59,0
DA:62,21
DA:66,69
DA:68,69
DA:69,0
DA:72,69
DA:76,61
DA:77,61
DA:79,61
DA:80,2
DA:83,61
DA:87,69
DA:88,69
DA:90,69
DA:92,69
DA:94,69
DA:96,69
DA:100,69
DA:102,69
DA:103,61
DA:106,69
DA:108,69
DA:109,2
DA:112,69
DA:116,62
DA:118,62
DA:119,49
DA:122,13
LF:50
LH:37
BRDA:12,1,0,7
BRDA:12,1,1,14
BRDA:22,2,0,0
BRDA:22,2,1,7
BRDA:38,3,0,0
BRDA:38,3,1,21
BRDA:40,4,0,0
BRDA:40,4,1,21
BRDA:42,5,0,0
BRDA:42,5,1,21
BRDA:44,6,0,0
BRDA:44,6,1,21
BRDA:46,7,0,0
BRDA:46,7,1,21
BRDA:48,8,0,0
BRDA:48,8,1,21
BRDA:50,9,0,0
BRDA:50,9,1,21
BRDA:52,10,0,0
BRDA:52,10,1,21
BRDA:54,11,0,0
BRDA:54,11,1,21
BRDA:56,12,0,20
BRDA:56,12,1,1
BRDA:58,13,0,0
BRDA:58,13,1,1
BRDA:68,14,0,0
BRDA:68,14,1,69
BRDA:79,15,0,2
BRDA:79,15,1,59
BRDA:102,16,0,61
BRDA:102,16,1,8
BRDA:108,17,0,2
BRDA:108,17,1,67
BRDA:118,18,0,49
BRDA:118,18,1,13
BRF:36
BRH:24
end_of_record
TN:
SF:/Users/janruls1/new_path/400trx/contracts/SharedVariables.sol
FNF:0
FNH:0
LF:0
LH:0
BRF:0
BRH:0
end_of_record
TN:
SF:/Users/janruls1/new_path/400trx/contracts/StatsVars.sol
FNF:0
FNH:0
LF:0
LH:0
BRF:0
BRH:0
end_of_record
TN:
SF:/Users/janruls1/new_path/400trx/contracts/utils/Utils.sol
FN:12,_calcDays
FNF:1
FNH:1
FNDA:130,_calcDays
DA:13,130
LF:1
LH:1
BRF:0
BRH:0
end_of_record
